#
# There is insufficient memory for the Java Runtime Environment to continue.
# Native memory allocation (malloc) failed to allocate 1082736 bytes for Chunk::new
# Possible reasons:
#   The system is out of physical RAM or swap space
#   The process is running with CompressedOops enabled, and the Java Heap may be blocking the growth of the native heap
# Possible solutions:
#   Reduce memory load on the system
#   Increase physical memory or swap space
#   Check if swap backing store is full
#   Decrease Java heap size (-Xmx/-Xms)
#   Decrease number of Java threads
#   Decrease Java thread stack sizes (-Xss)
#   Set larger code cache with -XX:ReservedCodeCacheSize=
#   JVM is running with Unscaled Compressed Oops mode in which the Java heap is
#     placed in the first 4GB address space. The Java Heap base address is the
#     maximum limit for the native heap growth. Please use -XX:HeapBaseMinAddress
#     to set the Java Heap base and to place the Java Heap above 4GB virtual address.
# This output file may be truncated or incomplete.
#
#  Out of Memory Error (arena.cpp:189), pid=10560, tid=7420
#
# JRE version: Java(TM) SE Runtime Environment (17.0.8+9) (build 17.0.8+9-LTS-211)
# Java VM: Java HotSpot(TM) 64-Bit Server VM (17.0.8+9-LTS-211, mixed mode, sharing, tiered, compressed oops, compressed class ptrs, g1 gc, windows-amd64)
# No core dump will be written. Minidumps are not enabled by default on client versions of Windows
#

---------------  S U M M A R Y ------------

Command Line: --add-opens=java.base/java.util=ALL-UNNAMED --add-opens=java.base/java.lang=ALL-UNNAMED --add-opens=java.base/java.lang.invoke=ALL-UNNAMED --add-opens=java.prefs/java.util.prefs=ALL-UNNAMED -XX:MaxMetaspaceSize=256m -XX:+HeapDumpOnOutOfMemoryError -Xms256m -Xmx512m -Dfile.encoding=windows-1252 -Duser.country=FR -Duser.language=fr -Duser.variant org.gradle.launcher.daemon.bootstrap.GradleDaemon 6.9

Host: Intel(R) Core(TM) i5-3320M CPU @ 2.60GHz, 4 cores, 7G,  Windows 10 , 64 bit Build 17134 (10.0.17134.753)
Time: Tue Jan 23 12:48:58 2024 Afrique de l’Est elapsed time: 33.650983 seconds (0d 0h 0m 33s)

---------------  T H R E A D  ---------------

Current thread (0x0000012878303e00):  JavaThread "C2 CompilerThread0" daemon [_thread_in_native, id=7420, stack(0x00000005bea00000,0x00000005beb00000)]


Current CompileTask:
C2:  33651 3341       4       java.lang.invoke.MethodType::makeImpl (109 bytes)

Stack: [0x00000005bea00000,0x00000005beb00000]
Native frames: (J=compiled Java code, j=interpreted, Vv=VM code, C=native code)
V  [jvm.dll+0x677d0a]
V  [jvm.dll+0x7d8c54]
V  [jvm.dll+0x7da3fe]
V  [jvm.dll+0x7daa63]
V  [jvm.dll+0x245c5f]
V  [jvm.dll+0xaaa6b]
V  [jvm.dll+0xab00c]
V  [jvm.dll+0x361e3f]
V  [jvm.dll+0x1bb87a]
V  [jvm.dll+0x218157]
V  [jvm.dll+0x217431]
V  [jvm.dll+0x1a3af0]
V  [jvm.dll+0x2270be]
V  [jvm.dll+0x22535b]
V  [jvm.dll+0x78e7bc]
V  [jvm.dll+0x788bba]
V  [jvm.dll+0x676b35]
C  [ucrtbase.dll+0x1e3fe]
C  [KERNEL32.DLL+0x14034]
C  [ntdll.dll+0x73691]


---------------  P R O C E S S  ---------------

Threads class SMR info:
_java_thread_list=0x000001287f0a6550, length=34, elements={
0x000001285e292030, 0x00000128782e89e0, 0x00000128782e9d70, 0x00000128782f0f50,
0x0000012878300080, 0x0000012878302950, 0x0000012878303210, 0x0000012878303e00,
0x0000012878304bc0, 0x000001287834e170, 0x0000012878568120, 0x0000012878590630,
0x000001287db3c010, 0x00000128786cb060, 0x000001287e59fbb0, 0x00000128787c1df0,
0x000001287862b400, 0x000001287db65af0, 0x0000012878631380, 0x000001287d067860,
0x000001287d512570, 0x000001287d512f10, 0x000001287d512a40, 0x000001287d511230,
0x000001287d511700, 0x000001287d50fa20, 0x000001287d511bd0, 0x000001287d5103c0,
0x000001287d5120a0, 0x000001287d510d60, 0x000001287f125b60, 0x000001287f1239b0,
0x000001287f1269d0, 0x000001287ea58040
}

Java Threads: ( => current thread )
  0x000001285e292030 JavaThread "main" [_thread_blocked, id=11104, stack(0x00000005bdd00000,0x00000005bde00000)]
  0x00000128782e89e0 JavaThread "Reference Handler" daemon [_thread_blocked, id=13096, stack(0x00000005be400000,0x00000005be500000)]
  0x00000128782e9d70 JavaThread "Finalizer" daemon [_thread_blocked, id=5028, stack(0x00000005be500000,0x00000005be600000)]
  0x00000128782f0f50 JavaThread "Signal Dispatcher" daemon [_thread_blocked, id=12164, stack(0x00000005be600000,0x00000005be700000)]
  0x0000012878300080 JavaThread "Attach Listener" daemon [_thread_blocked, id=13688, stack(0x00000005be700000,0x00000005be800000)]
  0x0000012878302950 JavaThread "Service Thread" daemon [_thread_blocked, id=12400, stack(0x00000005be800000,0x00000005be900000)]
  0x0000012878303210 JavaThread "Monitor Deflation Thread" daemon [_thread_blocked, id=13404, stack(0x00000005be900000,0x00000005bea00000)]
=>0x0000012878303e00 JavaThread "C2 CompilerThread0" daemon [_thread_in_native, id=7420, stack(0x00000005bea00000,0x00000005beb00000)]
  0x0000012878304bc0 JavaThread "C1 CompilerThread0" daemon [_thread_in_native, id=9968, stack(0x00000005beb00000,0x00000005bec00000)]
  0x000001287834e170 JavaThread "Sweeper thread" daemon [_thread_blocked, id=13672, stack(0x00000005bec00000,0x00000005bed00000)]
  0x0000012878568120 JavaThread "Common-Cleaner" daemon [_thread_blocked, id=5848, stack(0x00000005bed00000,0x00000005bee00000)]
  0x0000012878590630 JavaThread "Notification Thread" daemon [_thread_blocked, id=3640, stack(0x00000005bee00000,0x00000005bef00000)]
  0x000001287db3c010 JavaThread "Daemon health stats" [_thread_blocked, id=13400, stack(0x00000005bf300000,0x00000005bf400000)]
  0x00000128786cb060 JavaThread "Incoming local TCP Connector on port 63185" [_thread_in_native, id=13004, stack(0x00000005bf400000,0x00000005bf500000)]
  0x000001287e59fbb0 JavaThread "Daemon periodic checks" [_thread_blocked, id=9184, stack(0x00000005bf500000,0x00000005bf600000)]
  0x00000128787c1df0 JavaThread "Daemon" [_thread_blocked, id=9568, stack(0x00000005bf600000,0x00000005bf700000)]
  0x000001287862b400 JavaThread "Handler for socket connection from /127.0.0.1:63185 to /127.0.0.1:63186" [_thread_in_native, id=14604, stack(0x00000005bf700000,0x00000005bf800000)]
  0x000001287db65af0 JavaThread "Cancel handler" [_thread_blocked, id=10024, stack(0x00000005bf800000,0x00000005bf900000)]
  0x0000012878631380 JavaThread "Daemon worker" [_thread_in_Java, id=14780, stack(0x00000005bf900000,0x00000005bfa00000)]
  0x000001287d067860 JavaThread "Asynchronous log dispatcher for DefaultDaemonConnection: socket connection from /127.0.0.1:63185 to /127.0.0.1:63186" [_thread_blocked, id=15160, stack(0x00000005bfa00000,0x00000005bfb00000)]
  0x000001287d512570 JavaThread "Stdin handler" [_thread_blocked, id=1972, stack(0x00000005bfb00000,0x00000005bfc00000)]
  0x000001287d512f10 JavaThread "Daemon client event forwarder" [_thread_blocked, id=15004, stack(0x00000005bfc00000,0x00000005bfd00000)]
  0x000001287d512a40 JavaThread "Cache worker for file hash cache (C:\Users\ITU\.gradle\caches\6.9\fileHashes)" [_thread_blocked, id=3256, stack(0x00000005bfd00000,0x00000005bfe00000)]
  0x000001287d511230 JavaThread "File lock request listener" [_thread_in_native, id=672, stack(0x00000005bfe00000,0x00000005bff00000)]
  0x000001287d511700 JavaThread "Cache worker for journal cache (C:\Users\ITU\.gradle\caches\journal-1)" [_thread_blocked, id=14804, stack(0x00000005bff00000,0x00000005c0000000)]
  0x000001287d50fa20 JavaThread "Cache worker for file hash cache (E:\save\s5\prog_design\examS5\prepa\client\.gradle\6.9\fileHashes)" [_thread_blocked, id=12648, stack(0x00000005c0100000,0x00000005c0200000)]
  0x000001287d511bd0 JavaThread "Cache worker for checksums cache (E:\save\s5\prog_design\examS5\prepa\client\.gradle\checksums)" [_thread_blocked, id=15336, stack(0x00000005c0000000,0x00000005c0100000)]
  0x000001287d5103c0 JavaThread "Cache worker for cache directory md-supplier (C:\Users\ITU\.gradle\caches\6.9\md-supplier)" [_thread_blocked, id=15308, stack(0x00000005c0200000,0x00000005c0300000)]
  0x000001287d5120a0 JavaThread "Cache worker for cache directory md-rule (C:\Users\ITU\.gradle\caches\6.9\md-rule)" [_thread_blocked, id=14960, stack(0x00000005c0300000,0x00000005c0400000)]
  0x000001287d510d60 JavaThread "Cache worker for execution history cache (C:\Users\ITU\.gradle\caches\6.9\executionHistory)" [_thread_blocked, id=7476, stack(0x00000005c0400000,0x00000005c0500000)]
  0x000001287f125b60 JavaThread "jar transforms" [_thread_blocked, id=13224, stack(0x00000005c0500000,0x00000005c0600000)]
  0x000001287f1239b0 JavaThread "Cache worker for file content cache (C:\Users\ITU\.gradle\caches\6.9\fileContent)" [_thread_blocked, id=11848, stack(0x00000005c0600000,0x00000005c0700000)]
  0x000001287f1269d0 JavaThread "Cache worker for Build Output Cleanup Cache (E:\save\s5\prog_design\examS5\prepa\client\.gradle\buildOutputCleanup)" [_thread_blocked, id=9208, stack(0x00000005c0700000,0x00000005c0800000)]
  0x000001287ea58040 JavaThread "C2 CompilerThread1" daemon [_thread_in_native, id=4708, stack(0x00000005c0800000,0x00000005c0900000)]

Other Threads:
  0x00000128782e1600 VMThread "VM Thread" [stack: 0x00000005be300000,0x00000005be400000] [id=14348]
  0x0000012878592b10 WatcherThread [stack: 0x00000005bef00000,0x00000005bf000000] [id=2300]
  0x000001285e2c13c0 GCTaskThread "GC Thread#0" [stack: 0x00000005bde00000,0x00000005bdf00000] [id=14932]
  0x000001287d02c0b0 GCTaskThread "GC Thread#1" [stack: 0x00000005bf000000,0x00000005bf100000] [id=11116]
  0x000001287d02c360 GCTaskThread "GC Thread#2" [stack: 0x00000005bf100000,0x00000005bf200000] [id=12664]
  0x000001287d02c610 GCTaskThread "GC Thread#3" [stack: 0x00000005bf200000,0x00000005bf300000] [id=14148]
  0x000001285e2c6210 ConcurrentGCThread "G1 Main Marker" [stack: 0x00000005bdf00000,0x00000005be000000] [id=15008]
  0x000001285e2c76f0 ConcurrentGCThread "G1 Conc#0" [stack: 0x00000005be000000,0x00000005be100000] [id=12300]
  0x000001285e35dd80 ConcurrentGCThread "G1 Refine#0" [stack: 0x00000005be100000,0x00000005be200000] [id=6788]
  0x000001285e35e6b0 ConcurrentGCThread "G1 Service" [stack: 0x00000005be200000,0x00000005be300000] [id=13796]

Threads with active compile tasks:
C2 CompilerThread0    33809 3341       4       java.lang.invoke.MethodType::makeImpl (109 bytes)
C2 CompilerThread1    33809 3432       4       jdk.internal.org.objectweb.asm.Frame::execute (2305 bytes)

VM state: not at safepoint (normal execution)

VM Mutex/Monitor currently owned by a thread: None

Heap address: 0x00000000e0000000, size: 512 MB, Compressed Oops mode: 32-bit

CDS archive(s) mapped at: [0x0000012800000000-0x0000012800bd0000-0x0000012800bd0000), size 12386304, SharedBaseAddress: 0x0000012800000000, ArchiveRelocationMode: 1.
Compressed class space mapped at: 0x0000012801000000-0x000001280e000000, reserved size: 218103808
Narrow klass base: 0x0000012800000000, Narrow klass shift: 0, Narrow klass range: 0x100000000

GC Precious Log:
 CPUs: 4 total, 4 available
 Memory: 8033M
 Large Page Support: Disabled
 NUMA Support: Disabled
 Compressed Oops: Enabled (32-bit)
 Heap Region Size: 1M
 Heap Min Capacity: 256M
 Heap Initial Capacity: 256M
 Heap Max Capacity: 512M
 Pre-touch: Disabled
 Parallel Workers: 4
 Concurrent Workers: 1
 Concurrent Refinement Workers: 4
 Periodic GC: Disabled

Heap:
 garbage-first heap   total 262144K, used 93625K [0x00000000e0000000, 0x0000000100000000)
  region size 1024K, 81 young (82944K), 11 survivors (11264K)
 Metaspace       used 34340K, committed 34752K, reserved 278528K
  class space    used 4733K, committed 4928K, reserved 212992K

Heap Regions: E=young(eden), S=young(survivor), O=old, HS=humongous(starts), HC=humongous(continues), CS=collection set, F=free, OA=open archive, CA=closed archive, TAMS=top-at-mark-start (previous, next)
|   0|0x00000000e0000000, 0x00000000e0100000, 0x00000000e0100000|100%| O|  |TAMS 0x00000000e0100000, 0x00000000e0000000| Complete 
|   1|0x00000000e0100000, 0x00000000e0200000, 0x00000000e0200000|100%| O|  |TAMS 0x00000000e0200000, 0x00000000e0100000| Untracked 
|   2|0x00000000e0200000, 0x00000000e0300000, 0x00000000e0300000|100%| O|  |TAMS 0x00000000e0300000, 0x00000000e0200000| Untracked 
|   3|0x00000000e0300000, 0x00000000e0400000, 0x00000000e0400000|100%|HS|  |TAMS 0x00000000e0400000, 0x00000000e0300000| Complete 
|   4|0x00000000e0400000, 0x00000000e0500000, 0x00000000e0500000|100%|HC|  |TAMS 0x00000000e0500000, 0x00000000e0400000| Complete 
|   5|0x00000000e0500000, 0x00000000e0600000, 0x00000000e0600000|100%|HC|  |TAMS 0x00000000e0600000, 0x00000000e0500000| Complete 
|   6|0x00000000e0600000, 0x00000000e0700000, 0x00000000e0700000|100%| O|  |TAMS 0x00000000e0700000, 0x00000000e0600000| Untracked 
|   7|0x00000000e0700000, 0x00000000e0800000, 0x00000000e0800000|100%| O|  |TAMS 0x00000000e0800000, 0x00000000e0700000| Untracked 
|   8|0x00000000e0800000, 0x00000000e0900000, 0x00000000e0900000|100%| O|  |TAMS 0x00000000e0900000, 0x00000000e0800000| Untracked 
|   9|0x00000000e0900000, 0x00000000e095a800, 0x00000000e0a00000| 35%| O|  |TAMS 0x00000000e095a800, 0x00000000e0900000| Untracked 
|  10|0x00000000e0a00000, 0x00000000e0b00000, 0x00000000e0b00000|100%|HS|  |TAMS 0x00000000e0a00000, 0x00000000e0a00000| Complete 
|  11|0x00000000e0b00000, 0x00000000e0c00000, 0x00000000e0c00000|100%|HS|  |TAMS 0x00000000e0b00000, 0x00000000e0b00000| Complete 
|  12|0x00000000e0c00000, 0x00000000e0d00000, 0x00000000e0d00000|100%|HS|  |TAMS 0x00000000e0c00000, 0x00000000e0c00000| Complete 
|  13|0x00000000e0d00000, 0x00000000e0e00000, 0x00000000e0e00000|100%|HC|  |TAMS 0x00000000e0d00000, 0x00000000e0d00000| Complete 
|  14|0x00000000e0e00000, 0x00000000e0e00000, 0x00000000e0f00000|  0%| F|  |TAMS 0x00000000e0e00000, 0x00000000e0e00000| Untracked 
|  15|0x00000000e0f00000, 0x00000000e0f00000, 0x00000000e1000000|  0%| F|  |TAMS 0x00000000e0f00000, 0x00000000e0f00000| Untracked 
|  16|0x00000000e1000000, 0x00000000e1000000, 0x00000000e1100000|  0%| F|  |TAMS 0x00000000e1000000, 0x00000000e1000000| Untracked 
|  17|0x00000000e1100000, 0x00000000e1100000, 0x00000000e1200000|  0%| F|  |TAMS 0x00000000e1100000, 0x00000000e1100000| Untracked 
|  18|0x00000000e1200000, 0x00000000e1200000, 0x00000000e1300000|  0%| F|  |TAMS 0x00000000e1200000, 0x00000000e1200000| Untracked 
|  19|0x00000000e1300000, 0x00000000e1300000, 0x00000000e1400000|  0%| F|  |TAMS 0x00000000e1300000, 0x00000000e1300000| Untracked 
|  20|0x00000000e1400000, 0x00000000e1400000, 0x00000000e1500000|  0%| F|  |TAMS 0x00000000e1400000, 0x00000000e1400000| Untracked 
|  21|0x00000000e1500000, 0x00000000e1500000, 0x00000000e1600000|  0%| F|  |TAMS 0x00000000e1500000, 0x00000000e1500000| Untracked 
|  22|0x00000000e1600000, 0x00000000e1600000, 0x00000000e1700000|  0%| F|  |TAMS 0x00000000e1600000, 0x00000000e1600000| Untracked 
|  23|0x00000000e1700000, 0x00000000e1700000, 0x00000000e1800000|  0%| F|  |TAMS 0x00000000e1700000, 0x00000000e1700000| Untracked 
|  24|0x00000000e1800000, 0x00000000e1800000, 0x00000000e1900000|  0%| F|  |TAMS 0x00000000e1800000, 0x00000000e1800000| Untracked 
|  25|0x00000000e1900000, 0x00000000e1900000, 0x00000000e1a00000|  0%| F|  |TAMS 0x00000000e1900000, 0x00000000e1900000| Untracked 
|  26|0x00000000e1a00000, 0x00000000e1a00000, 0x00000000e1b00000|  0%| F|  |TAMS 0x00000000e1a00000, 0x00000000e1a00000| Untracked 
|  27|0x00000000e1b00000, 0x00000000e1b00000, 0x00000000e1c00000|  0%| F|  |TAMS 0x00000000e1b00000, 0x00000000e1b00000| Untracked 
|  28|0x00000000e1c00000, 0x00000000e1c00000, 0x00000000e1d00000|  0%| F|  |TAMS 0x00000000e1c00000, 0x00000000e1c00000| Untracked 
|  29|0x00000000e1d00000, 0x00000000e1d00000, 0x00000000e1e00000|  0%| F|  |TAMS 0x00000000e1d00000, 0x00000000e1d00000| Untracked 
|  30|0x00000000e1e00000, 0x00000000e1e00000, 0x00000000e1f00000|  0%| F|  |TAMS 0x00000000e1e00000, 0x00000000e1e00000| Untracked 
|  31|0x00000000e1f00000, 0x00000000e1f00000, 0x00000000e2000000|  0%| F|  |TAMS 0x00000000e1f00000, 0x00000000e1f00000| Untracked 
|  32|0x00000000e2000000, 0x00000000e2000000, 0x00000000e2100000|  0%| F|  |TAMS 0x00000000e2000000, 0x00000000e2000000| Untracked 
|  33|0x00000000e2100000, 0x00000000e2100000, 0x00000000e2200000|  0%| F|  |TAMS 0x00000000e2100000, 0x00000000e2100000| Untracked 
|  34|0x00000000e2200000, 0x00000000e2200000, 0x00000000e2300000|  0%| F|  |TAMS 0x00000000e2200000, 0x00000000e2200000| Untracked 
|  35|0x00000000e2300000, 0x00000000e2300000, 0x00000000e2400000|  0%| F|  |TAMS 0x00000000e2300000, 0x00000000e2300000| Untracked 
|  36|0x00000000e2400000, 0x00000000e2400000, 0x00000000e2500000|  0%| F|  |TAMS 0x00000000e2400000, 0x00000000e2400000| Untracked 
|  37|0x00000000e2500000, 0x00000000e2500000, 0x00000000e2600000|  0%| F|  |TAMS 0x00000000e2500000, 0x00000000e2500000| Untracked 
|  38|0x00000000e2600000, 0x00000000e2600000, 0x00000000e2700000|  0%| F|  |TAMS 0x00000000e2600000, 0x00000000e2600000| Untracked 
|  39|0x00000000e2700000, 0x00000000e2700000, 0x00000000e2800000|  0%| F|  |TAMS 0x00000000e2700000, 0x00000000e2700000| Untracked 
|  40|0x00000000e2800000, 0x00000000e2800000, 0x00000000e2900000|  0%| F|  |TAMS 0x00000000e2800000, 0x00000000e2800000| Untracked 
|  41|0x00000000e2900000, 0x00000000e2900000, 0x00000000e2a00000|  0%| F|  |TAMS 0x00000000e2900000, 0x00000000e2900000| Untracked 
|  42|0x00000000e2a00000, 0x00000000e2a00000, 0x00000000e2b00000|  0%| F|  |TAMS 0x00000000e2a00000, 0x00000000e2a00000| Untracked 
|  43|0x00000000e2b00000, 0x00000000e2b00000, 0x00000000e2c00000|  0%| F|  |TAMS 0x00000000e2b00000, 0x00000000e2b00000| Untracked 
|  44|0x00000000e2c00000, 0x00000000e2c00000, 0x00000000e2d00000|  0%| F|  |TAMS 0x00000000e2c00000, 0x00000000e2c00000| Untracked 
|  45|0x00000000e2d00000, 0x00000000e2d00000, 0x00000000e2e00000|  0%| F|  |TAMS 0x00000000e2d00000, 0x00000000e2d00000| Untracked 
|  46|0x00000000e2e00000, 0x00000000e2e00000, 0x00000000e2f00000|  0%| F|  |TAMS 0x00000000e2e00000, 0x00000000e2e00000| Untracked 
|  47|0x00000000e2f00000, 0x00000000e2f00000, 0x00000000e3000000|  0%| F|  |TAMS 0x00000000e2f00000, 0x00000000e2f00000| Untracked 
|  48|0x00000000e3000000, 0x00000000e3000000, 0x00000000e3100000|  0%| F|  |TAMS 0x00000000e3000000, 0x00000000e3000000| Untracked 
|  49|0x00000000e3100000, 0x00000000e3100000, 0x00000000e3200000|  0%| F|  |TAMS 0x00000000e3100000, 0x00000000e3100000| Untracked 
|  50|0x00000000e3200000, 0x00000000e3200000, 0x00000000e3300000|  0%| F|  |TAMS 0x00000000e3200000, 0x00000000e3200000| Untracked 
|  51|0x00000000e3300000, 0x00000000e3300000, 0x00000000e3400000|  0%| F|  |TAMS 0x00000000e3300000, 0x00000000e3300000| Untracked 
|  52|0x00000000e3400000, 0x00000000e3400000, 0x00000000e3500000|  0%| F|  |TAMS 0x00000000e3400000, 0x00000000e3400000| Untracked 
|  53|0x00000000e3500000, 0x00000000e3500000, 0x00000000e3600000|  0%| F|  |TAMS 0x00000000e3500000, 0x00000000e3500000| Untracked 
|  54|0x00000000e3600000, 0x00000000e3600000, 0x00000000e3700000|  0%| F|  |TAMS 0x00000000e3600000, 0x00000000e3600000| Untracked 
|  55|0x00000000e3700000, 0x00000000e3700000, 0x00000000e3800000|  0%| F|  |TAMS 0x00000000e3700000, 0x00000000e3700000| Untracked 
|  56|0x00000000e3800000, 0x00000000e3800000, 0x00000000e3900000|  0%| F|  |TAMS 0x00000000e3800000, 0x00000000e3800000| Untracked 
|  57|0x00000000e3900000, 0x00000000e3900000, 0x00000000e3a00000|  0%| F|  |TAMS 0x00000000e3900000, 0x00000000e3900000| Untracked 
|  58|0x00000000e3a00000, 0x00000000e3a00000, 0x00000000e3b00000|  0%| F|  |TAMS 0x00000000e3a00000, 0x00000000e3a00000| Untracked 
|  59|0x00000000e3b00000, 0x00000000e3b00000, 0x00000000e3c00000|  0%| F|  |TAMS 0x00000000e3b00000, 0x00000000e3b00000| Untracked 
|  60|0x00000000e3c00000, 0x00000000e3c00000, 0x00000000e3d00000|  0%| F|  |TAMS 0x00000000e3c00000, 0x00000000e3c00000| Untracked 
|  61|0x00000000e3d00000, 0x00000000e3d00000, 0x00000000e3e00000|  0%| F|  |TAMS 0x00000000e3d00000, 0x00000000e3d00000| Untracked 
|  62|0x00000000e3e00000, 0x00000000e3e00000, 0x00000000e3f00000|  0%| F|  |TAMS 0x00000000e3e00000, 0x00000000e3e00000| Untracked 
|  63|0x00000000e3f00000, 0x00000000e3f00000, 0x00000000e4000000|  0%| F|  |TAMS 0x00000000e3f00000, 0x00000000e3f00000| Untracked 
|  64|0x00000000e4000000, 0x00000000e4000000, 0x00000000e4100000|  0%| F|  |TAMS 0x00000000e4000000, 0x00000000e4000000| Untracked 
|  65|0x00000000e4100000, 0x00000000e4100000, 0x00000000e4200000|  0%| F|  |TAMS 0x00000000e4100000, 0x00000000e4100000| Untracked 
|  66|0x00000000e4200000, 0x00000000e4200000, 0x00000000e4300000|  0%| F|  |TAMS 0x00000000e4200000, 0x00000000e4200000| Untracked 
|  67|0x00000000e4300000, 0x00000000e4300000, 0x00000000e4400000|  0%| F|  |TAMS 0x00000000e4300000, 0x00000000e4300000| Untracked 
|  68|0x00000000e4400000, 0x00000000e4400000, 0x00000000e4500000|  0%| F|  |TAMS 0x00000000e4400000, 0x00000000e4400000| Untracked 
|  69|0x00000000e4500000, 0x00000000e4500000, 0x00000000e4600000|  0%| F|  |TAMS 0x00000000e4500000, 0x00000000e4500000| Untracked 
|  70|0x00000000e4600000, 0x00000000e4600000, 0x00000000e4700000|  0%| F|  |TAMS 0x00000000e4600000, 0x00000000e4600000| Untracked 
|  71|0x00000000e4700000, 0x00000000e4700000, 0x00000000e4800000|  0%| F|  |TAMS 0x00000000e4700000, 0x00000000e4700000| Untracked 
|  72|0x00000000e4800000, 0x00000000e4800000, 0x00000000e4900000|  0%| F|  |TAMS 0x00000000e4800000, 0x00000000e4800000| Untracked 
|  73|0x00000000e4900000, 0x00000000e4900000, 0x00000000e4a00000|  0%| F|  |TAMS 0x00000000e4900000, 0x00000000e4900000| Untracked 
|  74|0x00000000e4a00000, 0x00000000e4a00000, 0x00000000e4b00000|  0%| F|  |TAMS 0x00000000e4a00000, 0x00000000e4a00000| Untracked 
|  75|0x00000000e4b00000, 0x00000000e4b00000, 0x00000000e4c00000|  0%| F|  |TAMS 0x00000000e4b00000, 0x00000000e4b00000| Untracked 
|  76|0x00000000e4c00000, 0x00000000e4c00000, 0x00000000e4d00000|  0%| F|  |TAMS 0x00000000e4c00000, 0x00000000e4c00000| Untracked 
|  77|0x00000000e4d00000, 0x00000000e4d00000, 0x00000000e4e00000|  0%| F|  |TAMS 0x00000000e4d00000, 0x00000000e4d00000| Untracked 
|  78|0x00000000e4e00000, 0x00000000e4e00000, 0x00000000e4f00000|  0%| F|  |TAMS 0x00000000e4e00000, 0x00000000e4e00000| Untracked 
|  79|0x00000000e4f00000, 0x00000000e4f00000, 0x00000000e5000000|  0%| F|  |TAMS 0x00000000e4f00000, 0x00000000e4f00000| Untracked 
|  80|0x00000000e5000000, 0x00000000e5000000, 0x00000000e5100000|  0%| F|  |TAMS 0x00000000e5000000, 0x00000000e5000000| Untracked 
|  81|0x00000000e5100000, 0x00000000e5100000, 0x00000000e5200000|  0%| F|  |TAMS 0x00000000e5100000, 0x00000000e5100000| Untracked 
|  82|0x00000000e5200000, 0x00000000e5200000, 0x00000000e5300000|  0%| F|  |TAMS 0x00000000e5200000, 0x00000000e5200000| Untracked 
|  83|0x00000000e5300000, 0x00000000e5300000, 0x00000000e5400000|  0%| F|  |TAMS 0x00000000e5300000, 0x00000000e5300000| Untracked 
|  84|0x00000000e5400000, 0x00000000e5400000, 0x00000000e5500000|  0%| F|  |TAMS 0x00000000e5400000, 0x00000000e5400000| Untracked 
|  85|0x00000000e5500000, 0x00000000e5500000, 0x00000000e5600000|  0%| F|  |TAMS 0x00000000e5500000, 0x00000000e5500000| Untracked 
|  86|0x00000000e5600000, 0x00000000e5600000, 0x00000000e5700000|  0%| F|  |TAMS 0x00000000e5600000, 0x00000000e5600000| Untracked 
|  87|0x00000000e5700000, 0x00000000e5700000, 0x00000000e5800000|  0%| F|  |TAMS 0x00000000e5700000, 0x00000000e5700000| Untracked 
|  88|0x00000000e5800000, 0x00000000e5800000, 0x00000000e5900000|  0%| F|  |TAMS 0x00000000e5800000, 0x00000000e5800000| Untracked 
|  89|0x00000000e5900000, 0x00000000e5900000, 0x00000000e5a00000|  0%| F|  |TAMS 0x00000000e5900000, 0x00000000e5900000| Untracked 
|  90|0x00000000e5a00000, 0x00000000e5a00000, 0x00000000e5b00000|  0%| F|  |TAMS 0x00000000e5a00000, 0x00000000e5a00000| Untracked 
|  91|0x00000000e5b00000, 0x00000000e5b00000, 0x00000000e5c00000|  0%| F|  |TAMS 0x00000000e5b00000, 0x00000000e5b00000| Untracked 
|  92|0x00000000e5c00000, 0x00000000e5c00000, 0x00000000e5d00000|  0%| F|  |TAMS 0x00000000e5c00000, 0x00000000e5c00000| Untracked 
|  93|0x00000000e5d00000, 0x00000000e5d00000, 0x00000000e5e00000|  0%| F|  |TAMS 0x00000000e5d00000, 0x00000000e5d00000| Untracked 
|  94|0x00000000e5e00000, 0x00000000e5e00000, 0x00000000e5f00000|  0%| F|  |TAMS 0x00000000e5e00000, 0x00000000e5e00000| Untracked 
|  95|0x00000000e5f00000, 0x00000000e5f00000, 0x00000000e6000000|  0%| F|  |TAMS 0x00000000e5f00000, 0x00000000e5f00000| Untracked 
|  96|0x00000000e6000000, 0x00000000e6000000, 0x00000000e6100000|  0%| F|  |TAMS 0x00000000e6000000, 0x00000000e6000000| Untracked 
|  97|0x00000000e6100000, 0x00000000e6100000, 0x00000000e6200000|  0%| F|  |TAMS 0x00000000e6100000, 0x00000000e6100000| Untracked 
|  98|0x00000000e6200000, 0x00000000e6200000, 0x00000000e6300000|  0%| F|  |TAMS 0x00000000e6200000, 0x00000000e6200000| Untracked 
|  99|0x00000000e6300000, 0x00000000e6300000, 0x00000000e6400000|  0%| F|  |TAMS 0x00000000e6300000, 0x00000000e6300000| Untracked 
| 100|0x00000000e6400000, 0x00000000e6400000, 0x00000000e6500000|  0%| F|  |TAMS 0x00000000e6400000, 0x00000000e6400000| Untracked 
| 101|0x00000000e6500000, 0x00000000e6500000, 0x00000000e6600000|  0%| F|  |TAMS 0x00000000e6500000, 0x00000000e6500000| Untracked 
| 102|0x00000000e6600000, 0x00000000e6600000, 0x00000000e6700000|  0%| F|  |TAMS 0x00000000e6600000, 0x00000000e6600000| Untracked 
| 103|0x00000000e6700000, 0x00000000e6700000, 0x00000000e6800000|  0%| F|  |TAMS 0x00000000e6700000, 0x00000000e6700000| Untracked 
| 104|0x00000000e6800000, 0x00000000e6800000, 0x00000000e6900000|  0%| F|  |TAMS 0x00000000e6800000, 0x00000000e6800000| Untracked 
| 105|0x00000000e6900000, 0x00000000e6900000, 0x00000000e6a00000|  0%| F|  |TAMS 0x00000000e6900000, 0x00000000e6900000| Untracked 
| 106|0x00000000e6a00000, 0x00000000e6a00000, 0x00000000e6b00000|  0%| F|  |TAMS 0x00000000e6a00000, 0x00000000e6a00000| Untracked 
| 107|0x00000000e6b00000, 0x00000000e6b00000, 0x00000000e6c00000|  0%| F|  |TAMS 0x00000000e6b00000, 0x00000000e6b00000| Untracked 
| 108|0x00000000e6c00000, 0x00000000e6c00000, 0x00000000e6d00000|  0%| F|  |TAMS 0x00000000e6c00000, 0x00000000e6c00000| Untracked 
| 109|0x00000000e6d00000, 0x00000000e6d00000, 0x00000000e6e00000|  0%| F|  |TAMS 0x00000000e6d00000, 0x00000000e6d00000| Untracked 
| 110|0x00000000e6e00000, 0x00000000e6e00000, 0x00000000e6f00000|  0%| F|  |TAMS 0x00000000e6e00000, 0x00000000e6e00000| Untracked 
| 111|0x00000000e6f00000, 0x00000000e6f00000, 0x00000000e7000000|  0%| F|  |TAMS 0x00000000e6f00000, 0x00000000e6f00000| Untracked 
| 112|0x00000000e7000000, 0x00000000e7000000, 0x00000000e7100000|  0%| F|  |TAMS 0x00000000e7000000, 0x00000000e7000000| Untracked 
| 113|0x00000000e7100000, 0x00000000e7100000, 0x00000000e7200000|  0%| F|  |TAMS 0x00000000e7100000, 0x00000000e7100000| Untracked 
| 114|0x00000000e7200000, 0x00000000e7200000, 0x00000000e7300000|  0%| F|  |TAMS 0x00000000e7200000, 0x00000000e7200000| Untracked 
| 115|0x00000000e7300000, 0x00000000e7300000, 0x00000000e7400000|  0%| F|  |TAMS 0x00000000e7300000, 0x00000000e7300000| Untracked 
| 116|0x00000000e7400000, 0x00000000e7400000, 0x00000000e7500000|  0%| F|  |TAMS 0x00000000e7400000, 0x00000000e7400000| Untracked 
| 117|0x00000000e7500000, 0x00000000e7500000, 0x00000000e7600000|  0%| F|  |TAMS 0x00000000e7500000, 0x00000000e7500000| Untracked 
| 118|0x00000000e7600000, 0x00000000e7600000, 0x00000000e7700000|  0%| F|  |TAMS 0x00000000e7600000, 0x00000000e7600000| Untracked 
| 119|0x00000000e7700000, 0x00000000e7700000, 0x00000000e7800000|  0%| F|  |TAMS 0x00000000e7700000, 0x00000000e7700000| Untracked 
| 120|0x00000000e7800000, 0x00000000e7800000, 0x00000000e7900000|  0%| F|  |TAMS 0x00000000e7800000, 0x00000000e7800000| Untracked 
| 121|0x00000000e7900000, 0x00000000e7900000, 0x00000000e7a00000|  0%| F|  |TAMS 0x00000000e7900000, 0x00000000e7900000| Untracked 
| 122|0x00000000e7a00000, 0x00000000e7a00000, 0x00000000e7b00000|  0%| F|  |TAMS 0x00000000e7a00000, 0x00000000e7a00000| Untracked 
| 123|0x00000000e7b00000, 0x00000000e7b00000, 0x00000000e7c00000|  0%| F|  |TAMS 0x00000000e7b00000, 0x00000000e7b00000| Untracked 
| 124|0x00000000e7c00000, 0x00000000e7c00000, 0x00000000e7d00000|  0%| F|  |TAMS 0x00000000e7c00000, 0x00000000e7c00000| Untracked 
| 125|0x00000000e7d00000, 0x00000000e7d00000, 0x00000000e7e00000|  0%| F|  |TAMS 0x00000000e7d00000, 0x00000000e7d00000| Untracked 
| 126|0x00000000e7e00000, 0x00000000e7e00000, 0x00000000e7f00000|  0%| F|  |TAMS 0x00000000e7e00000, 0x00000000e7e00000| Untracked 
| 127|0x00000000e7f00000, 0x00000000e7f00000, 0x00000000e8000000|  0%| F|  |TAMS 0x00000000e7f00000, 0x00000000e7f00000| Untracked 
| 128|0x00000000e8000000, 0x00000000e8000000, 0x00000000e8100000|  0%| F|  |TAMS 0x00000000e8000000, 0x00000000e8000000| Untracked 
| 129|0x00000000e8100000, 0x00000000e8100000, 0x00000000e8200000|  0%| F|  |TAMS 0x00000000e8100000, 0x00000000e8100000| Untracked 
| 130|0x00000000e8200000, 0x00000000e8200000, 0x00000000e8300000|  0%| F|  |TAMS 0x00000000e8200000, 0x00000000e8200000| Untracked 
| 131|0x00000000e8300000, 0x00000000e8300000, 0x00000000e8400000|  0%| F|  |TAMS 0x00000000e8300000, 0x00000000e8300000| Untracked 
| 132|0x00000000e8400000, 0x00000000e8400000, 0x00000000e8500000|  0%| F|  |TAMS 0x00000000e8400000, 0x00000000e8400000| Untracked 
| 133|0x00000000e8500000, 0x00000000e8500000, 0x00000000e8600000|  0%| F|  |TAMS 0x00000000e8500000, 0x00000000e8500000| Untracked 
| 134|0x00000000e8600000, 0x00000000e8600000, 0x00000000e8700000|  0%| F|  |TAMS 0x00000000e8600000, 0x00000000e8600000| Untracked 
| 135|0x00000000e8700000, 0x00000000e8700000, 0x00000000e8800000|  0%| F|  |TAMS 0x00000000e8700000, 0x00000000e8700000| Untracked 
| 136|0x00000000e8800000, 0x00000000e8800000, 0x00000000e8900000|  0%| F|  |TAMS 0x00000000e8800000, 0x00000000e8800000| Untracked 
| 137|0x00000000e8900000, 0x00000000e8900000, 0x00000000e8a00000|  0%| F|  |TAMS 0x00000000e8900000, 0x00000000e8900000| Untracked 
| 138|0x00000000e8a00000, 0x00000000e8a00000, 0x00000000e8b00000|  0%| F|  |TAMS 0x00000000e8a00000, 0x00000000e8a00000| Untracked 
| 139|0x00000000e8b00000, 0x00000000e8b00000, 0x00000000e8c00000|  0%| F|  |TAMS 0x00000000e8b00000, 0x00000000e8b00000| Untracked 
| 140|0x00000000e8c00000, 0x00000000e8c00000, 0x00000000e8d00000|  0%| F|  |TAMS 0x00000000e8c00000, 0x00000000e8c00000| Untracked 
| 141|0x00000000e8d00000, 0x00000000e8d00000, 0x00000000e8e00000|  0%| F|  |TAMS 0x00000000e8d00000, 0x00000000e8d00000| Untracked 
| 142|0x00000000e8e00000, 0x00000000e8e00000, 0x00000000e8f00000|  0%| F|  |TAMS 0x00000000e8e00000, 0x00000000e8e00000| Untracked 
| 143|0x00000000e8f00000, 0x00000000e8f00000, 0x00000000e9000000|  0%| F|  |TAMS 0x00000000e8f00000, 0x00000000e8f00000| Untracked 
| 144|0x00000000e9000000, 0x00000000e9000000, 0x00000000e9100000|  0%| F|  |TAMS 0x00000000e9000000, 0x00000000e9000000| Untracked 
| 145|0x00000000e9100000, 0x00000000e9100000, 0x00000000e9200000|  0%| F|  |TAMS 0x00000000e9100000, 0x00000000e9100000| Untracked 
| 146|0x00000000e9200000, 0x00000000e9200000, 0x00000000e9300000|  0%| F|  |TAMS 0x00000000e9200000, 0x00000000e9200000| Untracked 
| 147|0x00000000e9300000, 0x00000000e9300000, 0x00000000e9400000|  0%| F|  |TAMS 0x00000000e9300000, 0x00000000e9300000| Untracked 
| 148|0x00000000e9400000, 0x00000000e9400000, 0x00000000e9500000|  0%| F|  |TAMS 0x00000000e9400000, 0x00000000e9400000| Untracked 
| 149|0x00000000e9500000, 0x00000000e9500000, 0x00000000e9600000|  0%| F|  |TAMS 0x00000000e9500000, 0x00000000e9500000| Untracked 
| 150|0x00000000e9600000, 0x00000000e9600000, 0x00000000e9700000|  0%| F|  |TAMS 0x00000000e9600000, 0x00000000e9600000| Untracked 
| 151|0x00000000e9700000, 0x00000000e9700000, 0x00000000e9800000|  0%| F|  |TAMS 0x00000000e9700000, 0x00000000e9700000| Untracked 
| 152|0x00000000e9800000, 0x00000000e9813c30, 0x00000000e9900000|  7%| S|CS|TAMS 0x00000000e9800000, 0x00000000e9800000| Complete 
| 153|0x00000000e9900000, 0x00000000e9a00000, 0x00000000e9a00000|100%| S|CS|TAMS 0x00000000e9900000, 0x00000000e9900000| Complete 
| 154|0x00000000e9a00000, 0x00000000e9b00000, 0x00000000e9b00000|100%| S|CS|TAMS 0x00000000e9a00000, 0x00000000e9a00000| Complete 
| 155|0x00000000e9b00000, 0x00000000e9c00000, 0x00000000e9c00000|100%| S|CS|TAMS 0x00000000e9b00000, 0x00000000e9b00000| Complete 
| 156|0x00000000e9c00000, 0x00000000e9d00000, 0x00000000e9d00000|100%| S|CS|TAMS 0x00000000e9c00000, 0x00000000e9c00000| Complete 
| 157|0x00000000e9d00000, 0x00000000e9e00000, 0x00000000e9e00000|100%| S|CS|TAMS 0x00000000e9d00000, 0x00000000e9d00000| Complete 
| 158|0x00000000e9e00000, 0x00000000e9f00000, 0x00000000e9f00000|100%| S|CS|TAMS 0x00000000e9e00000, 0x00000000e9e00000| Complete 
| 159|0x00000000e9f00000, 0x00000000ea000000, 0x00000000ea000000|100%| S|CS|TAMS 0x00000000e9f00000, 0x00000000e9f00000| Complete 
| 160|0x00000000ea000000, 0x00000000ea100000, 0x00000000ea100000|100%| S|CS|TAMS 0x00000000ea000000, 0x00000000ea000000| Complete 
| 161|0x00000000ea100000, 0x00000000ea200000, 0x00000000ea200000|100%| S|CS|TAMS 0x00000000ea100000, 0x00000000ea100000| Complete 
| 162|0x00000000ea200000, 0x00000000ea300000, 0x00000000ea300000|100%| S|CS|TAMS 0x00000000ea200000, 0x00000000ea200000| Complete 
| 163|0x00000000ea300000, 0x00000000ea300000, 0x00000000ea400000|  0%| F|  |TAMS 0x00000000ea300000, 0x00000000ea300000| Untracked 
| 164|0x00000000ea400000, 0x00000000ea400000, 0x00000000ea500000|  0%| F|  |TAMS 0x00000000ea400000, 0x00000000ea400000| Untracked 
| 165|0x00000000ea500000, 0x00000000ea500000, 0x00000000ea600000|  0%| F|  |TAMS 0x00000000ea500000, 0x00000000ea500000| Untracked 
| 166|0x00000000ea600000, 0x00000000ea600000, 0x00000000ea700000|  0%| F|  |TAMS 0x00000000ea600000, 0x00000000ea600000| Untracked 
| 167|0x00000000ea700000, 0x00000000ea700000, 0x00000000ea800000|  0%| F|  |TAMS 0x00000000ea700000, 0x00000000ea700000| Untracked 
| 168|0x00000000ea800000, 0x00000000ea800000, 0x00000000ea900000|  0%| F|  |TAMS 0x00000000ea800000, 0x00000000ea800000| Untracked 
| 169|0x00000000ea900000, 0x00000000ea900000, 0x00000000eaa00000|  0%| F|  |TAMS 0x00000000ea900000, 0x00000000ea900000| Untracked 
| 170|0x00000000eaa00000, 0x00000000eaa00000, 0x00000000eab00000|  0%| F|  |TAMS 0x00000000eaa00000, 0x00000000eaa00000| Untracked 
| 171|0x00000000eab00000, 0x00000000eab00000, 0x00000000eac00000|  0%| F|  |TAMS 0x00000000eab00000, 0x00000000eab00000| Untracked 
| 172|0x00000000eac00000, 0x00000000eac00000, 0x00000000ead00000|  0%| F|  |TAMS 0x00000000eac00000, 0x00000000eac00000| Untracked 
| 173|0x00000000ead00000, 0x00000000ead00000, 0x00000000eae00000|  0%| F|  |TAMS 0x00000000ead00000, 0x00000000ead00000| Untracked 
| 174|0x00000000eae00000, 0x00000000eae00000, 0x00000000eaf00000|  0%| F|  |TAMS 0x00000000eae00000, 0x00000000eae00000| Untracked 
| 175|0x00000000eaf00000, 0x00000000eaf00000, 0x00000000eb000000|  0%| F|  |TAMS 0x00000000eaf00000, 0x00000000eaf00000| Untracked 
| 176|0x00000000eb000000, 0x00000000eb000000, 0x00000000eb100000|  0%| F|  |TAMS 0x00000000eb000000, 0x00000000eb000000| Untracked 
| 177|0x00000000eb100000, 0x00000000eb100000, 0x00000000eb200000|  0%| F|  |TAMS 0x00000000eb100000, 0x00000000eb100000| Untracked 
| 178|0x00000000eb200000, 0x00000000eb200000, 0x00000000eb300000|  0%| F|  |TAMS 0x00000000eb200000, 0x00000000eb200000| Untracked 
| 179|0x00000000eb300000, 0x00000000eb300000, 0x00000000eb400000|  0%| F|  |TAMS 0x00000000eb300000, 0x00000000eb300000| Untracked 
| 180|0x00000000eb400000, 0x00000000eb400000, 0x00000000eb500000|  0%| F|  |TAMS 0x00000000eb400000, 0x00000000eb400000| Untracked 
| 181|0x00000000eb500000, 0x00000000eb500000, 0x00000000eb600000|  0%| F|  |TAMS 0x00000000eb500000, 0x00000000eb500000| Untracked 
| 182|0x00000000eb600000, 0x00000000eb600000, 0x00000000eb700000|  0%| F|  |TAMS 0x00000000eb600000, 0x00000000eb600000| Untracked 
| 183|0x00000000eb700000, 0x00000000eb700000, 0x00000000eb800000|  0%| F|  |TAMS 0x00000000eb700000, 0x00000000eb700000| Untracked 
| 184|0x00000000eb800000, 0x00000000eb800000, 0x00000000eb900000|  0%| F|  |TAMS 0x00000000eb800000, 0x00000000eb800000| Untracked 
| 185|0x00000000eb900000, 0x00000000eb981148, 0x00000000eba00000| 50%| E|  |TAMS 0x00000000eb900000, 0x00000000eb900000| Complete 
| 186|0x00000000eba00000, 0x00000000ebb00000, 0x00000000ebb00000|100%| E|CS|TAMS 0x00000000eba00000, 0x00000000eba00000| Complete 
| 187|0x00000000ebb00000, 0x00000000ebc00000, 0x00000000ebc00000|100%| E|CS|TAMS 0x00000000ebb00000, 0x00000000ebb00000| Complete 
| 188|0x00000000ebc00000, 0x00000000ebd00000, 0x00000000ebd00000|100%| E|CS|TAMS 0x00000000ebc00000, 0x00000000ebc00000| Complete 
| 189|0x00000000ebd00000, 0x00000000ebe00000, 0x00000000ebe00000|100%| E|CS|TAMS 0x00000000ebd00000, 0x00000000ebd00000| Complete 
| 190|0x00000000ebe00000, 0x00000000ebf00000, 0x00000000ebf00000|100%| E|CS|TAMS 0x00000000ebe00000, 0x00000000ebe00000| Complete 
| 191|0x00000000ebf00000, 0x00000000ec000000, 0x00000000ec000000|100%| E|CS|TAMS 0x00000000ebf00000, 0x00000000ebf00000| Complete 
| 192|0x00000000ec000000, 0x00000000ec100000, 0x00000000ec100000|100%| E|CS|TAMS 0x00000000ec000000, 0x00000000ec000000| Complete 
| 193|0x00000000ec100000, 0x00000000ec200000, 0x00000000ec200000|100%| E|CS|TAMS 0x00000000ec100000, 0x00000000ec100000| Complete 
| 194|0x00000000ec200000, 0x00000000ec300000, 0x00000000ec300000|100%| E|CS|TAMS 0x00000000ec200000, 0x00000000ec200000| Complete 
| 195|0x00000000ec300000, 0x00000000ec400000, 0x00000000ec400000|100%| E|CS|TAMS 0x00000000ec300000, 0x00000000ec300000| Complete 
| 196|0x00000000ec400000, 0x00000000ec500000, 0x00000000ec500000|100%| E|CS|TAMS 0x00000000ec400000, 0x00000000ec400000| Complete 
| 197|0x00000000ec500000, 0x00000000ec600000, 0x00000000ec600000|100%| E|CS|TAMS 0x00000000ec500000, 0x00000000ec500000| Complete 
| 198|0x00000000ec600000, 0x00000000ec700000, 0x00000000ec700000|100%| E|CS|TAMS 0x00000000ec600000, 0x00000000ec600000| Complete 
| 199|0x00000000ec700000, 0x00000000ec800000, 0x00000000ec800000|100%| E|CS|TAMS 0x00000000ec700000, 0x00000000ec700000| Complete 
| 200|0x00000000ec800000, 0x00000000ec900000, 0x00000000ec900000|100%| E|CS|TAMS 0x00000000ec800000, 0x00000000ec800000| Complete 
| 201|0x00000000ec900000, 0x00000000eca00000, 0x00000000eca00000|100%| E|CS|TAMS 0x00000000ec900000, 0x00000000ec900000| Complete 
| 202|0x00000000eca00000, 0x00000000ecb00000, 0x00000000ecb00000|100%| E|CS|TAMS 0x00000000eca00000, 0x00000000eca00000| Complete 
| 203|0x00000000ecb00000, 0x00000000ecc00000, 0x00000000ecc00000|100%| E|CS|TAMS 0x00000000ecb00000, 0x00000000ecb00000| Complete 
| 204|0x00000000ecc00000, 0x00000000ecd00000, 0x00000000ecd00000|100%| E|CS|TAMS 0x00000000ecc00000, 0x00000000ecc00000| Complete 
| 205|0x00000000ecd00000, 0x00000000ece00000, 0x00000000ece00000|100%| E|CS|TAMS 0x00000000ecd00000, 0x00000000ecd00000| Complete 
| 206|0x00000000ece00000, 0x00000000ecf00000, 0x00000000ecf00000|100%| E|CS|TAMS 0x00000000ece00000, 0x00000000ece00000| Complete 
| 207|0x00000000ecf00000, 0x00000000ed000000, 0x00000000ed000000|100%| E|CS|TAMS 0x00000000ecf00000, 0x00000000ecf00000| Complete 
| 208|0x00000000ed000000, 0x00000000ed100000, 0x00000000ed100000|100%| E|CS|TAMS 0x00000000ed000000, 0x00000000ed000000| Complete 
| 209|0x00000000ed100000, 0x00000000ed200000, 0x00000000ed200000|100%| E|CS|TAMS 0x00000000ed100000, 0x00000000ed100000| Complete 
| 210|0x00000000ed200000, 0x00000000ed300000, 0x00000000ed300000|100%| E|CS|TAMS 0x00000000ed200000, 0x00000000ed200000| Complete 
| 211|0x00000000ed300000, 0x00000000ed400000, 0x00000000ed400000|100%| E|CS|TAMS 0x00000000ed300000, 0x00000000ed300000| Complete 
| 212|0x00000000ed400000, 0x00000000ed500000, 0x00000000ed500000|100%| E|CS|TAMS 0x00000000ed400000, 0x00000000ed400000| Complete 
| 213|0x00000000ed500000, 0x00000000ed600000, 0x00000000ed600000|100%| E|CS|TAMS 0x00000000ed500000, 0x00000000ed500000| Complete 
| 214|0x00000000ed600000, 0x00000000ed700000, 0x00000000ed700000|100%| E|CS|TAMS 0x00000000ed600000, 0x00000000ed600000| Complete 
| 215|0x00000000ed700000, 0x00000000ed800000, 0x00000000ed800000|100%| E|CS|TAMS 0x00000000ed700000, 0x00000000ed700000| Complete 
| 216|0x00000000ed800000, 0x00000000ed900000, 0x00000000ed900000|100%| E|CS|TAMS 0x00000000ed800000, 0x00000000ed800000| Complete 
| 217|0x00000000ed900000, 0x00000000eda00000, 0x00000000eda00000|100%| E|CS|TAMS 0x00000000ed900000, 0x00000000ed900000| Complete 
| 218|0x00000000eda00000, 0x00000000edb00000, 0x00000000edb00000|100%| E|CS|TAMS 0x00000000eda00000, 0x00000000eda00000| Complete 
| 219|0x00000000edb00000, 0x00000000edc00000, 0x00000000edc00000|100%| E|CS|TAMS 0x00000000edb00000, 0x00000000edb00000| Complete 
| 220|0x00000000edc00000, 0x00000000edd00000, 0x00000000edd00000|100%| E|  |TAMS 0x00000000edc00000, 0x00000000edc00000| Complete 
| 221|0x00000000edd00000, 0x00000000ede00000, 0x00000000ede00000|100%| E|CS|TAMS 0x00000000edd00000, 0x00000000edd00000| Complete 
| 222|0x00000000ede00000, 0x00000000edf00000, 0x00000000edf00000|100%| E|CS|TAMS 0x00000000ede00000, 0x00000000ede00000| Complete 
| 223|0x00000000edf00000, 0x00000000ee000000, 0x00000000ee000000|100%| E|CS|TAMS 0x00000000edf00000, 0x00000000edf00000| Complete 
| 224|0x00000000ee000000, 0x00000000ee100000, 0x00000000ee100000|100%| E|CS|TAMS 0x00000000ee000000, 0x00000000ee000000| Complete 
| 225|0x00000000ee100000, 0x00000000ee200000, 0x00000000ee200000|100%| E|CS|TAMS 0x00000000ee100000, 0x00000000ee100000| Complete 
| 226|0x00000000ee200000, 0x00000000ee300000, 0x00000000ee300000|100%| E|CS|TAMS 0x00000000ee200000, 0x00000000ee200000| Complete 
| 227|0x00000000ee300000, 0x00000000ee400000, 0x00000000ee400000|100%| E|CS|TAMS 0x00000000ee300000, 0x00000000ee300000| Complete 
| 228|0x00000000ee400000, 0x00000000ee500000, 0x00000000ee500000|100%| E|CS|TAMS 0x00000000ee400000, 0x00000000ee400000| Complete 
| 229|0x00000000ee500000, 0x00000000ee600000, 0x00000000ee600000|100%| E|CS|TAMS 0x00000000ee500000, 0x00000000ee500000| Complete 
| 230|0x00000000ee600000, 0x00000000ee700000, 0x00000000ee700000|100%| E|CS|TAMS 0x00000000ee600000, 0x00000000ee600000| Complete 
| 231|0x00000000ee700000, 0x00000000ee800000, 0x00000000ee800000|100%| E|CS|TAMS 0x00000000ee700000, 0x00000000ee700000| Complete 
| 232|0x00000000ee800000, 0x00000000ee900000, 0x00000000ee900000|100%| E|CS|TAMS 0x00000000ee800000, 0x00000000ee800000| Complete 
| 233|0x00000000ee900000, 0x00000000eea00000, 0x00000000eea00000|100%| E|CS|TAMS 0x00000000ee900000, 0x00000000ee900000| Complete 
| 234|0x00000000eea00000, 0x00000000eeb00000, 0x00000000eeb00000|100%| E|CS|TAMS 0x00000000eea00000, 0x00000000eea00000| Complete 
| 235|0x00000000eeb00000, 0x00000000eec00000, 0x00000000eec00000|100%| E|CS|TAMS 0x00000000eeb00000, 0x00000000eeb00000| Complete 
| 236|0x00000000eec00000, 0x00000000eed00000, 0x00000000eed00000|100%| E|CS|TAMS 0x00000000eec00000, 0x00000000eec00000| Complete 
| 237|0x00000000eed00000, 0x00000000eee00000, 0x00000000eee00000|100%| E|CS|TAMS 0x00000000eed00000, 0x00000000eed00000| Complete 
| 238|0x00000000eee00000, 0x00000000eef00000, 0x00000000eef00000|100%| E|CS|TAMS 0x00000000eee00000, 0x00000000eee00000| Complete 
| 239|0x00000000eef00000, 0x00000000ef000000, 0x00000000ef000000|100%| E|CS|TAMS 0x00000000eef00000, 0x00000000eef00000| Complete 
| 240|0x00000000ef000000, 0x00000000ef100000, 0x00000000ef100000|100%| E|CS|TAMS 0x00000000ef000000, 0x00000000ef000000| Complete 
| 241|0x00000000ef100000, 0x00000000ef200000, 0x00000000ef200000|100%| E|CS|TAMS 0x00000000ef100000, 0x00000000ef100000| Complete 
| 242|0x00000000ef200000, 0x00000000ef300000, 0x00000000ef300000|100%| E|CS|TAMS 0x00000000ef200000, 0x00000000ef200000| Complete 
| 243|0x00000000ef300000, 0x00000000ef400000, 0x00000000ef400000|100%| E|CS|TAMS 0x00000000ef300000, 0x00000000ef300000| Complete 
| 244|0x00000000ef400000, 0x00000000ef500000, 0x00000000ef500000|100%| E|CS|TAMS 0x00000000ef400000, 0x00000000ef400000| Complete 
| 245|0x00000000ef500000, 0x00000000ef600000, 0x00000000ef600000|100%| E|CS|TAMS 0x00000000ef500000, 0x00000000ef500000| Complete 
| 246|0x00000000ef600000, 0x00000000ef700000, 0x00000000ef700000|100%| E|CS|TAMS 0x00000000ef600000, 0x00000000ef600000| Complete 
| 247|0x00000000ef700000, 0x00000000ef800000, 0x00000000ef800000|100%| E|CS|TAMS 0x00000000ef700000, 0x00000000ef700000| Complete 
| 248|0x00000000ef800000, 0x00000000ef900000, 0x00000000ef900000|100%| E|CS|TAMS 0x00000000ef800000, 0x00000000ef800000| Complete 
| 249|0x00000000ef900000, 0x00000000efa00000, 0x00000000efa00000|100%| E|CS|TAMS 0x00000000ef900000, 0x00000000ef900000| Complete 
| 250|0x00000000efa00000, 0x00000000efb00000, 0x00000000efb00000|100%| E|CS|TAMS 0x00000000efa00000, 0x00000000efa00000| Complete 
| 251|0x00000000efb00000, 0x00000000efc00000, 0x00000000efc00000|100%| E|CS|TAMS 0x00000000efb00000, 0x00000000efb00000| Complete 
| 252|0x00000000efc00000, 0x00000000efd00000, 0x00000000efd00000|100%| E|CS|TAMS 0x00000000efc00000, 0x00000000efc00000| Complete 
| 253|0x00000000efd00000, 0x00000000efe00000, 0x00000000efe00000|100%| E|CS|TAMS 0x00000000efd00000, 0x00000000efd00000| Complete 
| 254|0x00000000efe00000, 0x00000000eff00000, 0x00000000eff00000|100%| E|CS|TAMS 0x00000000efe00000, 0x00000000efe00000| Complete 
| 255|0x00000000eff00000, 0x00000000f0000000, 0x00000000f0000000|100%| E|CS|TAMS 0x00000000eff00000, 0x00000000eff00000| Complete 

Card table byte_map: [0x0000012874b30000,0x0000012874c30000] _byte_map_base: 0x0000012874430000

Marking Bits (Prev, Next): (CMBitMap*) 0x000001285e2c1920, (CMBitMap*) 0x000001285e2c18e0
 Prev Bits: [0x0000012875530000, 0x0000012875d30000)
 Next Bits: [0x0000012874d30000, 0x0000012875530000)

Polling page: 0x000001285c280000

Metaspace:

Usage:
  Non-class:     28.94 MB used.
      Class:      4.63 MB used.
       Both:     33.57 MB used.

Virtual space:
  Non-class space:       64.00 MB reserved,      29.13 MB ( 46%) committed,  1 nodes.
      Class space:      208.00 MB reserved,       4.81 MB (  2%) committed,  1 nodes.
             Both:      272.00 MB reserved,      33.94 MB ( 12%) committed. 

Chunk freelists:
   Non-Class:  2.89 MB
       Class:  11.05 MB
        Both:  13.94 MB

MaxMetaspaceSize: 256.00 MB
CompressedClassSpaceSize: 208.00 MB
Initial GC threshold: 21.00 MB
Current GC threshold: 35.13 MB
CDS: on
MetaspaceReclaimPolicy: balanced
 - commit_granule_bytes: 65536.
 - commit_granule_words: 8192.
 - virtual_space_node_default_size: 8388608.
 - enlarge_chunks_in_place: 1.
 - new_chunks_are_fully_committed: 0.
 - uncommit_free_chunks: 1.
 - use_allocation_guard: 0.
 - handle_deallocations: 1.


Internal statistics:

num_allocs_failed_limit: 3.
num_arena_births: 340.
num_arena_deaths: 0.
num_vsnodes_births: 2.
num_vsnodes_deaths: 0.
num_space_committed: 543.
num_space_uncommitted: 0.
num_chunks_returned_to_freelist: 3.
num_chunks_taken_from_freelist: 1581.
num_chunk_merges: 3.
num_chunk_splits: 1078.
num_chunks_enlarged: 781.
num_purges: 0.
num_inconsistent_stats: 0.

CodeHeap 'non-profiled nmethods': size=120000Kb used=1837Kb max_used=1837Kb free=118162Kb
 bounds [0x000001286d600000, 0x000001286d870000, 0x0000012874b30000]
CodeHeap 'profiled nmethods': size=120000Kb used=7267Kb max_used=7267Kb free=112733Kb
 bounds [0x0000012865b30000, 0x0000012866250000, 0x000001286d060000]
CodeHeap 'non-nmethods': size=5760Kb used=2293Kb max_used=2311Kb free=3466Kb
 bounds [0x000001286d060000, 0x000001286d2d0000, 0x000001286d600000]
 total_blobs=4244 nmethods=3444 adapters=712
 compilation: enabled
              stopped_count=0, restarted_count=0
 full_count=0

Compilation events (20 events):
Event: 33.602 Thread 0x0000012878304bc0 nmethod 3405 0x0000012866232890 code [0x0000012866232a40, 0x0000012866232c28]
Event: 33.602 Thread 0x0000012878304bc0 3406       3       java.lang.invoke.ClassSpecializer$Factory$1Var::isInHeap (13 bytes)
Event: 33.603 Thread 0x0000012878304bc0 nmethod 3406 0x0000012866232d10 code [0x0000012866232ea0, 0x0000012866233018]
Event: 33.614 Thread 0x0000012878304bc0 3408       3       java.lang.invoke.ClassSpecializer$Factory$1Var::nextIndex (18 bytes)
Event: 33.615 Thread 0x0000012878304bc0 nmethod 3408 0x0000012866233090 code [0x0000012866233240, 0x00000128662334f8]
Event: 33.617 Thread 0x0000012878304bc0 3409       3       java.lang.invoke.ClassSpecializer::classBCName (33 bytes)
Event: 33.617 Thread 0x0000012878304bc0 nmethod 3409 0x0000012866233610 code [0x00000128662337c0, 0x0000012866233908]
Event: 33.617 Thread 0x0000012878304bc0 3410       3       java.lang.invoke.ClassSpecializer::classBCName (8 bytes)
Event: 33.618 Thread 0x0000012878304bc0 nmethod 3410 0x0000012866233a10 code [0x0000012866233be0, 0x0000012866233ed8]
Event: 33.618 Thread 0x0000012878304bc0 3411       3       java.lang.invoke.ClassSpecializer::className (33 bytes)
Event: 33.618 Thread 0x0000012878304bc0 nmethod 3411 0x0000012866234090 code [0x0000012866234240, 0x0000012866234428]
Event: 33.618 Thread 0x0000012878304bc0 3412       3       java.lang.invoke.MethodTypeForm::<init> (322 bytes)
Event: 33.624 Thread 0x0000012878304bc0 nmethod 3412 0x0000012866234510 code [0x0000012866234800, 0x0000012866235f68]
Event: 33.624 Thread 0x0000012878304bc0 3414       3       java.lang.invoke.MethodHandles$Lookup::restrictProtectedReceiver (51 bytes)
Event: 33.626 Thread 0x0000012878304bc0 nmethod 3414 0x0000012866236510 code [0x0000012866236700, 0x0000012866236c28]
Event: 33.626 Thread 0x0000012878304bc0 3415       3       java.lang.invoke.MemberName::isProtected (8 bytes)
Event: 33.626 Thread 0x0000012878304bc0 nmethod 3415 0x0000012866236d90 code [0x0000012866236f20, 0x00000128662370f8]
Event: 33.627 Thread 0x0000012878304bc0 3417       3       java.lang.invoke.ClassSpecializer::classSig (94 bytes)
Event: 33.628 Thread 0x0000012878304bc0 nmethod 3417 0x0000012866237190 code [0x00000128662373c0, 0x00000128662379d8]
Event: 33.629 Thread 0x0000012878304bc0 3418       3       java.lang.invoke.ClassSpecializer$Factory$1Var::emitVarInstruction (73 bytes)

GC Heap History (8 events):
Event: 2.778 GC heap before
{Heap before GC invocations=0 (full 0):
 garbage-first heap   total 262144K, used 18432K [0x00000000e0000000, 0x0000000100000000)
  region size 1024K, 13 young (13312K), 0 survivors (0K)
 Metaspace       used 1493K, committed 1600K, reserved 278528K
  class space    used 142K, committed 192K, reserved 212992K
}
Event: 2.795 GC heap after
{Heap after GC invocations=1 (full 0):
 garbage-first heap   total 262144K, used 7994K [0x00000000e0000000, 0x0000000100000000)
  region size 1024K, 2 young (2048K), 2 survivors (2048K)
 Metaspace       used 1493K, committed 1600K, reserved 278528K
  class space    used 142K, committed 192K, reserved 212992K
}
Event: 5.092 GC heap before
{Heap before GC invocations=1 (full 0):
 garbage-first heap   total 262144K, used 20282K [0x00000000e0000000, 0x0000000100000000)
  region size 1024K, 14 young (14336K), 2 survivors (2048K)
 Metaspace       used 3619K, committed 3840K, reserved 278528K
  class space    used 454K, committed 576K, reserved 212992K
}
Event: 5.097 GC heap after
{Heap after GC invocations=2 (full 0):
 garbage-first heap   total 262144K, used 8771K [0x00000000e0000000, 0x0000000100000000)
  region size 1024K, 1 young (1024K), 1 survivors (1024K)
 Metaspace       used 3619K, committed 3840K, reserved 278528K
  class space    used 454K, committed 576K, reserved 212992K
}
Event: 8.370 GC heap before
{Heap before GC invocations=2 (full 0):
 garbage-first heap   total 262144K, used 35395K [0x00000000e0000000, 0x0000000100000000)
  region size 1024K, 27 young (27648K), 1 survivors (1024K)
 Metaspace       used 3914K, committed 4096K, reserved 278528K
  class space    used 492K, committed 576K, reserved 212992K
}
Event: 8.382 GC heap after
{Heap after GC invocations=3 (full 0):
 garbage-first heap   total 262144K, used 13674K [0x00000000e0000000, 0x0000000100000000)
  region size 1024K, 4 young (4096K), 4 survivors (4096K)
 Metaspace       used 3914K, committed 4096K, reserved 278528K
  class space    used 492K, committed 576K, reserved 212992K
}
Event: 23.984 GC heap before
{Heap before GC invocations=3 (full 0):
 garbage-first heap   total 262144K, used 103786K [0x00000000e0000000, 0x0000000100000000)
  region size 1024K, 93 young (95232K), 4 survivors (4096K)
 Metaspace       used 21227K, committed 21504K, reserved 278528K
  class space    used 3158K, committed 3328K, reserved 212992K
}
Event: 24.015 GC heap after
{Heap after GC invocations=4 (full 0):
 garbage-first heap   total 262144K, used 19897K [0x00000000e0000000, 0x0000000100000000)
  region size 1024K, 11 young (11264K), 11 survivors (11264K)
 Metaspace       used 21227K, committed 21504K, reserved 278528K
  class space    used 3158K, committed 3328K, reserved 212992K
}

Deoptimization events (20 events):
Event: 30.759 Thread 0x0000012878631380 DEOPT PACKING pc=0x000001286d718700 sp=0x00000005bf9fa3f0
Event: 30.759 Thread 0x0000012878631380 DEOPT UNPACKING pc=0x000001286d0b23a3 sp=0x00000005bf9fa398 mode 2
Event: 31.008 Thread 0x0000012878631380 DEOPT PACKING pc=0x0000012865ed2e5c sp=0x00000005bf9f98d0
Event: 31.008 Thread 0x0000012878631380 DEOPT UNPACKING pc=0x000001286d0b2b43 sp=0x00000005bf9f8e50 mode 0
Event: 31.319 Thread 0x0000012878631380 Uncommon trap: trap_request=0xffffff45 fr.pc=0x000001286d66b41c relative=0x000000000000017c
Event: 31.319 Thread 0x0000012878631380 Uncommon trap: reason=unstable_if action=reinterpret pc=0x000001286d66b41c method=java.net.URI$Parser.scan(IILjava/lang/String;)I @ 26 c2
Event: 31.319 Thread 0x0000012878631380 DEOPT PACKING pc=0x000001286d66b41c sp=0x00000005bf9f97a0
Event: 31.319 Thread 0x0000012878631380 DEOPT UNPACKING pc=0x000001286d0b23a3 sp=0x00000005bf9f9730 mode 2
Event: 31.319 Thread 0x0000012878631380 Uncommon trap: trap_request=0xffffff45 fr.pc=0x000001286d64e93c relative=0x000000000000011c
Event: 31.319 Thread 0x0000012878631380 Uncommon trap: reason=unstable_if action=reinterpret pc=0x000001286d64e93c method=java.net.URI.match(CJJ)Z @ 45 c2
Event: 31.320 Thread 0x0000012878631380 DEOPT PACKING pc=0x000001286d64e93c sp=0x00000005bf9f9510
Event: 31.320 Thread 0x0000012878631380 DEOPT UNPACKING pc=0x000001286d0b23a3 sp=0x00000005bf9f9448 mode 2
Event: 31.320 Thread 0x0000012878631380 Uncommon trap: trap_request=0xffffff45 fr.pc=0x000001286d6208c8 relative=0x0000000000000048
Event: 31.320 Thread 0x0000012878631380 Uncommon trap: reason=unstable_if action=reinterpret pc=0x000001286d6208c8 method=java.net.URI.match(CJJ)Z @ 19 c2
Event: 31.320 Thread 0x0000012878631380 DEOPT PACKING pc=0x000001286d6208c8 sp=0x00000005bf9f9520
Event: 31.320 Thread 0x0000012878631380 DEOPT UNPACKING pc=0x000001286d0b23a3 sp=0x00000005bf9f94d0 mode 2
Event: 32.613 Thread 0x0000012878631380 Uncommon trap: trap_request=0xffffffc6 fr.pc=0x000001286d76e6e0 relative=0x00000000000009c0
Event: 32.613 Thread 0x0000012878631380 Uncommon trap: reason=bimorphic_or_optimized_type_check action=maybe_recompile pc=0x000001286d76e6e0 method=java.io.BufferedInputStream.read([BII)I @ 101 c2
Event: 32.613 Thread 0x0000012878631380 DEOPT PACKING pc=0x000001286d76e6e0 sp=0x00000005bf9f87e0
Event: 32.613 Thread 0x0000012878631380 DEOPT UNPACKING pc=0x000001286d0b23a3 sp=0x00000005bf9f8798 mode 2

Classes unloaded (0 events):
No events

Classes redefined (0 events):
No events

Internal exceptions (20 events):
Event: 30.729 Thread 0x0000012878631380 Exception <a 'java/lang/ClassNotFoundException'{0x00000000ed5be1c8}: org/gradle/plugin/use/internal/PluginRequestCollector$PluginDependencySpecImplBeanInfo> (0x00000000ed5be1c8) 
thrown [s\open\src\hotspot\share\classfile\systemDictionary.cpp, line 256]
Event: 30.732 Thread 0x0000012878631380 Exception <a 'java/lang/ClassNotFoundException'{0x00000000ed5caf70}: org/gradle/plugin/use/internal/PluginRequestCollector$PluginDependencySpecImplCustomizer> (0x00000000ed5caf70) 
thrown [s\open\src\hotspot\share\classfile\systemDictionary.cpp, line 256]
Event: 30.958 Thread 0x0000012878631380 Exception <a 'java/lang/NoSuchMethodError'{0x00000000ed252ae0}: 'int java.lang.invoke.DirectMethodHandle$Holder.invokeStaticInit(java.lang.Object, java.lang.Object, java.lang.Object, java.lang.Object)'> (0x00000000ed252ae0) 
thrown [s\open\src\hotspot\share\interpreter\linkResolver.cpp, line 759]
Event: 31.562 Thread 0x0000012878631380 Exception <a 'java/lang/NoSuchMethodError'{0x00000000eccad448}: 'java.lang.Object java.lang.invoke.DirectMethodHandle$Holder.newInvokeSpecial(java.lang.Object, int, java.lang.Object)'> (0x00000000eccad448) 
thrown [s\open\src\hotspot\share\interpreter\linkResolver.cpp, line 759]
Event: 32.376 Thread 0x0000012878631380 Exception <a 'java/lang/NoSuchMethodError'{0x00000000ec515938}: 'java.lang.Object java.lang.invoke.DirectMethodHandle$Holder.invokeSpecial(java.lang.Object, java.lang.Object, java.lang.Object, int, java.lang.Object)'> (0x00000000ec515938) 
thrown [s\open\src\hotspot\share\interpreter\linkResolver.cpp, line 759]
Event: 32.406 Thread 0x0000012878631380 Exception <a 'java/lang/NoSuchMethodError'{0x00000000ec5429e0}: 'int java.lang.invoke.DirectMethodHandle$Holder.invokeInterface(java.lang.Object, java.lang.Object)'> (0x00000000ec5429e0) 
thrown [s\open\src\hotspot\share\interpreter\linkResolver.cpp, line 759]
Event: 32.407 Thread 0x0000012878631380 Exception <a 'java/lang/IncompatibleClassChangeError'{0x00000000ec546cb8}: Found class java.lang.Object, but interface was expected> (0x00000000ec546cb8) 
thrown [s\open\src\hotspot\share\interpreter\linkResolver.cpp, line 826]
Event: 32.412 Thread 0x0000012878631380 Exception <a 'java/lang/NoSuchMethodError'{0x00000000ec54e3b0}: 'int java.lang.invoke.DirectMethodHandle$Holder.invokeSpecialIFC(java.lang.Object, java.lang.Object, java.lang.Object, java.lang.Object, java.lang.Object)'> (0x00000000ec54e3b0) 
thrown [s\open\src\hotspot\share\interpreter\linkResolver.cpp, line 759]
Event: 32.824 Thread 0x0000012878631380 Exception <a 'java/lang/NoSuchMethodError'{0x00000000ec16ed60}: 'int java.lang.invoke.DirectMethodHandle$Holder.invokeStatic(java.lang.Object)'> (0x00000000ec16ed60) 
thrown [s\open\src\hotspot\share\interpreter\linkResolver.cpp, line 759]
Event: 32.827 Thread 0x0000012878631380 Exception <a 'java/lang/NoSuchMethodError'{0x00000000ec173150}: 'int java.lang.invoke.DirectMethodHandle$Holder.invokeStaticInit(java.lang.Object)'> (0x00000000ec173150) 
thrown [s\open\src\hotspot\share\interpreter\linkResolver.cpp, line 759]
Event: 32.932 Thread 0x0000012878631380 Exception <a 'java/lang/NoSuchMethodError'{0x00000000ec0ef380}: 'void java.lang.invoke.DirectMethodHandle$Holder.invokeStatic(java.lang.Object, java.lang.Object, java.lang.Object, int, java.lang.Object)'> (0x00000000ec0ef380) 
thrown [s\open\src\hotspot\share\interpreter\linkResolver.cpp, line 759]
Event: 33.214 Thread 0x0000012878631380 Exception <a 'java/lang/NoSuchMethodError'{0x00000000ebd6ac60}: 'java.lang.Object java.lang.invoke.DirectMethodHandle$Holder.newInvokeSpecial(java.lang.Object, java.lang.Object, int, java.lang.Object)'> (0x00000000ebd6ac60) 
thrown [s\open\src\hotspot\share\interpreter\linkResolver.cpp, line 759]
Event: 33.391 Thread 0x0000012878631380 Exception <a 'java/lang/NoSuchMethodError'{0x00000000ebc42b08}: 'java.lang.Object java.lang.invoke.DelegatingMethodHandle$Holder.reinvoke_L(java.lang.Object, java.lang.Object, java.lang.Object, java.lang.Object, java.lang.Object, java.lang.Object, java.lang.Object, java.lang.Object, java.lang.Object, java.lang.Object, java.lang.Object, java.lang.Object, java.lang.Object, java.lang.Object, java.lang.Object, java.lang.Object, java.lang.Object, java.lang.Object, java.lang.Object)'> (0x00000000ebc42b08) 
throw
Event: 33.395 Thread 0x0000012878631380 Exception <a 'java/lang/NoSuchMethodError'{0x00000000ebc4e2d8}: 'java.lang.Object java.lang.invoke.DirectMethodHandle$Holder.invokeSpecial(java.lang.Object, java.lang.Object, java.lang.Object, java.lang.Object, java.lang.Object, java.lang.Object, java.lang.Object, java.lang.Object, java.lang.Object, java.lang.Object, java.lang.Object, java.lang.Object, java.lang.Object, java.lang.Object, java.lang.Object, java.lang.Object, java.lang.Object, java.lang.Object, java.lang.Object)'> (0x00000000ebc4e2d8) 
thrown
Event: 33.399 Thread 0x0000012878631380 Exception <a 'java/lang/NoSuchMethodError'{0x00000000ebc53e38}: 'java.lang.Object java.lang.invoke.Invokers$Holder.invoker(java.lang.Object, java.lang.Object, java.lang.Object, java.lang.Object, java.lang.Object, java.lang.Object, java.lang.Object, java.lang.Object, java.lang.Object, java.lang.Object, java.lang.Object, java.lang.Object, java.lang.Object, java.lang.Object, java.lang.Object, java.lang.Object, java.lang.Object, java.lang.Object, java.lang.Object)'> (0x00000000ebc53e38) 
thrown [s\open\src\hot
Event: 33.401 Thread 0x0000012878631380 Exception <a 'java/lang/NoSuchMethodError'{0x00000000ebc5aa40}: 'java.lang.Object java.lang.invoke.DelegatingMethodHandle$Holder.delegate(java.lang.Object, java.lang.Object, java.lang.Object, java.lang.Object, java.lang.Object, java.lang.Object, java.lang.Object, java.lang.Object, java.lang.Object, java.lang.Object, java.lang.Object, java.lang.Object, java.lang.Object, java.lang.Object, java.lang.Object, java.lang.Object, java.lang.Object, java.lang.Object, java.lang.Object)'> (0x00000000ebc5aa40) 
thrown 
Event: 33.544 Thread 0x0000012878631380 Exception <a 'java/lang/NoSuchMethodError'{0x00000000ebb17d50}: 'java.lang.Object java.lang.invoke.DirectMethodHandle$Holder.invokeStatic(java.lang.Object, java.lang.Object, java.lang.Object, java.lang.Object, java.lang.Object, java.lang.Object, java.lang.Object, java.lang.Object, java.lang.Object, java.lang.Object, java.lang.Object, java.lang.Object, java.lang.Object, java.lang.Object, java.lang.Object, java.lang.Object, java.lang.Object)'> (0x00000000ebb17d50) 
thrown [s\open\src\hotspot\share\interprete
Event: 33.558 Thread 0x0000012878631380 Exception <a 'java/lang/NoSuchMethodError'{0x00000000ebb3f000}: 'java.lang.Object java.lang.invoke.DirectMethodHandle$Holder.invokeStatic(java.lang.Object, java.lang.Object, java.lang.Object, java.lang.Object, java.lang.Object, java.lang.Object, java.lang.Object, java.lang.Object, java.lang.Object, java.lang.Object, java.lang.Object, java.lang.Object, java.lang.Object, java.lang.Object, java.lang.Object, java.lang.Object, java.lang.Object, java.lang.Object)'> (0x00000000ebb3f000) 
thrown [s\open\src\hotspo
Event: 33.605 Thread 0x0000012878631380 Exception <a 'java/lang/NoSuchMethodError'{0x00000000ebb675c0}: 'java.lang.Object java.lang.invoke.DirectMethodHandle$Holder.invokeStatic(java.lang.Object, java.lang.Object, java.lang.Object, java.lang.Object, java.lang.Object, java.lang.Object, java.lang.Object, java.lang.Object, java.lang.Object, java.lang.Object, java.lang.Object, java.lang.Object, java.lang.Object, java.lang.Object, java.lang.Object, java.lang.Object, java.lang.Object, java.lang.Object, java.lang.Object)'> (0x00000000ebb675c0) 
thrown 
Event: 33.623 Thread 0x0000012878631380 Exception <a 'java/lang/NoSuchMethodError'{0x00000000ebb908f0}: 'java.lang.Object java.lang.invoke.DirectMethodHandle$Holder.invokeStatic(java.lang.Object, java.lang.Object, java.lang.Object, java.lang.Object, java.lang.Object, java.lang.Object, java.lang.Object, java.lang.Object, java.lang.Object, java.lang.Object, java.lang.Object, java.lang.Object, java.lang.Object, java.lang.Object, java.lang.Object, java.lang.Object, java.lang.Object, java.lang.Object, java.lang.Object, java.lang.Object)'> (0x00000000

VM Operations (20 events):
Event: 26.982 Executing VM operation: HandshakeAllThreads
Event: 26.983 Executing VM operation: HandshakeAllThreads done
Event: 27.163 Executing VM operation: HandshakeAllThreads
Event: 27.164 Executing VM operation: HandshakeAllThreads done
Event: 28.164 Executing VM operation: Cleanup
Event: 28.164 Executing VM operation: Cleanup done
Event: 28.236 Executing VM operation: HandshakeAllThreads
Event: 28.236 Executing VM operation: HandshakeAllThreads done
Event: 28.607 Executing VM operation: HandshakeAllThreads
Event: 28.607 Executing VM operation: HandshakeAllThreads done
Event: 29.377 Executing VM operation: HandshakeAllThreads
Event: 29.377 Executing VM operation: HandshakeAllThreads done
Event: 29.377 Executing VM operation: Cleanup
Event: 29.377 Executing VM operation: Cleanup done
Event: 30.377 Executing VM operation: Cleanup
Event: 30.378 Executing VM operation: Cleanup done
Event: 32.378 Executing VM operation: Cleanup
Event: 32.378 Executing VM operation: Cleanup done
Event: 33.379 Executing VM operation: Cleanup
Event: 33.379 Executing VM operation: Cleanup done

Events (20 events):
Event: 33.249 loading class java/util/zip/GZIPOutputStream
Event: 33.263 loading class java/util/zip/DeflaterOutputStream
Event: 33.264 loading class java/util/zip/DeflaterOutputStream done
Event: 33.264 loading class java/util/zip/GZIPOutputStream done
Event: 33.264 loading class java/util/zip/GZIPInputStream
Event: 33.265 loading class java/util/zip/GZIPInputStream done
Event: 33.287 loading class java/lang/ThreadLocal$SuppliedThreadLocal
Event: 33.289 loading class java/lang/ThreadLocal$SuppliedThreadLocal done
Event: 33.342 Thread 0x000001287f1269d0 Thread added: 0x000001287f1269d0
Event: 33.438 Thread 0x000001287ea58040 Thread added: 0x000001287ea58040
Event: 33.531 loading class java/lang/invoke/BoundMethodHandle$Species_LLLLLLLLLLLLLL
Event: 33.531 loading class java/lang/invoke/BoundMethodHandle$Species_LLLLLLLLLLLLLL done
Event: 33.551 loading class java/lang/invoke/BoundMethodHandle$Species_LLLLLLLLLLLLLLL
Event: 33.551 loading class java/lang/invoke/BoundMethodHandle$Species_LLLLLLLLLLLLLLL done
Event: 33.600 loading class java/lang/invoke/BoundMethodHandle$Species_LLLLLLLLLLLLLLLL
Event: 33.600 loading class java/lang/invoke/BoundMethodHandle$Species_LLLLLLLLLLLLLLLL done
Event: 33.613 loading class java/lang/invoke/BoundMethodHandle$Species_LLLLLLLLLLLLLLLLL
Event: 33.613 loading class java/lang/invoke/BoundMethodHandle$Species_LLLLLLLLLLLLLLLLL done
Event: 33.627 loading class java/lang/invoke/BoundMethodHandle$Species_LLLLLLLLLLLLLLLLLL
Event: 33.627 loading class java/lang/invoke/BoundMethodHandle$Species_LLLLLLLLLLLLLLLLLL done


Dynamic libraries:
0x00007ff707340000 - 0x00007ff707350000 	C:\Program Files\Java\jdk-17\bin\java.exe
0x00007ffd2f920000 - 0x00007ffd2fb01000 	C:\Windows\SYSTEM32\ntdll.dll
0x00007ffd2eb30000 - 0x00007ffd2ebe1000 	C:\Windows\System32\KERNEL32.DLL
0x00007ffd2c7b0000 - 0x00007ffd2ca23000 	C:\Windows\System32\KERNELBASE.dll
0x00007ffd2bed0000 - 0x00007ffd2bfc8000 	C:\Windows\System32\ucrtbase.dll
0x00007ffd1c1f0000 - 0x00007ffd1c209000 	C:\Program Files\Java\jdk-17\bin\jli.dll
0x00007ffd2ed60000 - 0x00007ffd2ee01000 	C:\Windows\System32\ADVAPI32.dll
0x00007ffd2f0a0000 - 0x00007ffd2f13e000 	C:\Windows\System32\msvcrt.dll
0x00007ffd2ed00000 - 0x00007ffd2ed5b000 	C:\Windows\System32\sechost.dll
0x00007ffd2ee10000 - 0x00007ffd2ef34000 	C:\Windows\System32\RPCRT4.dll
0x00007ffd1bc30000 - 0x00007ffd1bc4b000 	C:\Program Files\Java\jdk-17\bin\VCRUNTIME140.dll
0x00007ffd2f600000 - 0x00007ffd2f790000 	C:\Windows\System32\USER32.dll
0x00007ffd2c790000 - 0x00007ffd2c7b0000 	C:\Windows\System32\win32u.dll
0x00007ffd2ea60000 - 0x00007ffd2ea88000 	C:\Windows\System32\GDI32.dll
0x00007ffd2cad0000 - 0x00007ffd2cc61000 	C:\Windows\System32\gdi32full.dll
0x00007ffd23750000 - 0x00007ffd239b9000 	C:\Windows\WinSxS\amd64_microsoft.windows.common-controls_6595b64144ccf1df_6.0.17134.1246_none_d3ffb9d77c90723d\COMCTL32.dll
0x00007ffd2d260000 - 0x00007ffd2d581000 	C:\Windows\System32\combase.dll
0x00007ffd2ca30000 - 0x00007ffd2cacf000 	C:\Windows\System32\msvcp_win.dll
0x00007ffd2cc70000 - 0x00007ffd2cce9000 	C:\Windows\System32\bcryptPrimitives.dll
0x00007ffd239c0000 - 0x00007ffd239ca000 	C:\Windows\SYSTEM32\VERSION.dll
0x00007ffd2f8c0000 - 0x00007ffd2f8ed000 	C:\Windows\System32\IMM32.DLL
0x00007ffd21190000 - 0x00007ffd2119c000 	C:\Program Files\Java\jdk-17\bin\vcruntime140_1.dll
0x00007ffd07980000 - 0x00007ffd07a0e000 	C:\Program Files\Java\jdk-17\bin\msvcp140.dll
0x00007ffccd7c0000 - 0x00007ffcce39e000 	C:\Program Files\Java\jdk-17\bin\server\jvm.dll
0x00007ffd2d250000 - 0x00007ffd2d258000 	C:\Windows\System32\PSAPI.DLL
0x00007ffd1c910000 - 0x00007ffd1c919000 	C:\Windows\SYSTEM32\WSOCK32.dll
0x00007ffd1c950000 - 0x00007ffd1c973000 	C:\Windows\SYSTEM32\WINMM.dll
0x00007ffd2f590000 - 0x00007ffd2f5fc000 	C:\Windows\System32\WS2_32.dll
0x00007ffd1c920000 - 0x00007ffd1c94a000 	C:\Windows\SYSTEM32\winmmbase.dll
0x00007ffd2ccf0000 - 0x00007ffd2cd39000 	C:\Windows\System32\cfgmgr32.dll
0x00007ffd2bc80000 - 0x00007ffd2bc91000 	C:\Windows\System32\kernel.appcore.dll
0x00007ffd1f720000 - 0x00007ffd1f72a000 	C:\Program Files\Java\jdk-17\bin\jimage.dll
0x00007ffd2a740000 - 0x00007ffd2a909000 	C:\Windows\SYSTEM32\DBGHELP.DLL
0x00007ffd20820000 - 0x00007ffd20849000 	C:\Windows\SYSTEM32\dbgcore.DLL
0x00007ffd14470000 - 0x00007ffd14495000 	C:\Program Files\Java\jdk-17\bin\java.dll
0x00007ffcffe40000 - 0x00007ffcfff17000 	C:\Program Files\Java\jdk-17\bin\jsvml.dll
0x00007ffd2d610000 - 0x00007ffd2ea55000 	C:\Windows\System32\SHELL32.dll
0x00007ffd2ebf0000 - 0x00007ffd2ec99000 	C:\Windows\System32\shcore.dll
0x00007ffd2c080000 - 0x00007ffd2c790000 	C:\Windows\System32\windows.storage.dll
0x00007ffd2cda0000 - 0x00007ffd2cdf1000 	C:\Windows\System32\shlwapi.dll
0x00007ffd2bcc0000 - 0x00007ffd2bcdf000 	C:\Windows\System32\profapi.dll
0x00007ffd2bc30000 - 0x00007ffd2bc7c000 	C:\Windows\System32\powrprof.dll
0x00007ffd2bc20000 - 0x00007ffd2bc2a000 	C:\Windows\System32\FLTLIB.DLL
0x00007ffd16a30000 - 0x00007ffd16a49000 	C:\Program Files\Java\jdk-17\bin\net.dll
0x00007ffd26da0000 - 0x00007ffd26e7d000 	C:\Windows\SYSTEM32\WINHTTP.dll
0x00007ffd2b4a0000 - 0x00007ffd2b506000 	C:\Windows\system32\mswsock.dll
0x00007ffd14410000 - 0x00007ffd14426000 	C:\Program Files\Java\jdk-17\bin\nio.dll
0x00007ffd141d0000 - 0x00007ffd141e8000 	C:\Program Files\Java\jdk-17\bin\zip.dll
0x00007ffd1c3c0000 - 0x00007ffd1c3d0000 	C:\Program Files\Java\jdk-17\bin\verify.dll
0x00007ffd06c40000 - 0x00007ffd06c67000 	C:\Users\ITU\.gradle\native\49d0259a56938c7f99b2704e745ce422c4f750a7a20b539a32ccef96729676b1\windows-amd64\native-platform.dll
0x00007ffcfb780000 - 0x00007ffcfb916000 	C:\Users\ITU\.gradle\native\12488b8bf47d2d4c9fbf2f6322a914ad602e24e48041cd04a747c6da556b65c4\windows-amd64\native-platform-file-events.dll
0x00007ffd1c2a0000 - 0x00007ffd1c2aa000 	C:\Program Files\Java\jdk-17\bin\management.dll
0x00007ffd1c280000 - 0x00007ffd1c28b000 	C:\Program Files\Java\jdk-17\bin\management_ext.dll
0x00007ffd2b660000 - 0x00007ffd2b677000 	C:\Windows\SYSTEM32\CRYPTSP.dll
0x00007ffd2aff0000 - 0x00007ffd2b023000 	C:\Windows\system32\rsaenh.dll
0x00007ffd2b780000 - 0x00007ffd2b7a5000 	C:\Windows\SYSTEM32\bcrypt.dll
0x00007ffd2bb20000 - 0x00007ffd2bb48000 	C:\Windows\SYSTEM32\USERENV.dll
0x00007ffd2b650000 - 0x00007ffd2b65b000 	C:\Windows\SYSTEM32\CRYPTBASE.dll
0x00007ffd2b1f0000 - 0x00007ffd2b228000 	C:\Windows\SYSTEM32\IPHLPAPI.DLL
0x00007ffd2d0a0000 - 0x00007ffd2d0a8000 	C:\Windows\System32\NSI.dll
0x00007ffd27500000 - 0x00007ffd27516000 	C:\Windows\SYSTEM32\dhcpcsvc6.DLL
0x00007ffd274b0000 - 0x00007ffd274ca000 	C:\Windows\SYSTEM32\dhcpcsvc.DLL
0x00007ffd1bc20000 - 0x00007ffd1bc2e000 	C:\Program Files\Java\jdk-17\bin\sunmscapi.dll
0x00007ffd2bce0000 - 0x00007ffd2bec2000 	C:\Windows\System32\CRYPT32.dll
0x00007ffd2bca0000 - 0x00007ffd2bcb2000 	C:\Windows\System32\MSASN1.dll
0x00007ffd2b750000 - 0x00007ffd2b776000 	C:\Windows\SYSTEM32\ncrypt.dll
0x00007ffd2b710000 - 0x00007ffd2b746000 	C:\Windows\SYSTEM32\NTASN1.dll
0x00007ffd0ff80000 - 0x00007ffd0ff87000 	C:\Windows\system32\wshunix.dll

dbghelp: loaded successfully - version: 4.0.5 - missing functions: none
symbol engine: initialized successfully - sym options: 0x614 - pdb path: .;C:\Program Files\Java\jdk-17\bin;C:\Windows\SYSTEM32;C:\Windows\WinSxS\amd64_microsoft.windows.common-controls_6595b64144ccf1df_6.0.17134.1246_none_d3ffb9d77c90723d;C:\Program Files\Java\jdk-17\bin\server;C:\Users\ITU\.gradle\native\49d0259a56938c7f99b2704e745ce422c4f750a7a20b539a32ccef96729676b1\windows-amd64;C:\Users\ITU\.gradle\native\12488b8bf47d2d4c9fbf2f6322a914ad602e24e48041cd04a747c6da556b65c4\windows-amd64

VM Arguments:
jvm_args: --add-opens=java.base/java.util=ALL-UNNAMED --add-opens=java.base/java.lang=ALL-UNNAMED --add-opens=java.base/java.lang.invoke=ALL-UNNAMED --add-opens=java.prefs/java.util.prefs=ALL-UNNAMED -XX:MaxMetaspaceSize=256m -XX:+HeapDumpOnOutOfMemoryError -Xms256m -Xmx512m -Dfile.encoding=windows-1252 -Duser.country=FR -Duser.language=fr -Duser.variant 
java_command: org.gradle.launcher.daemon.bootstrap.GradleDaemon 6.9
java_class_path (initial): C:\Users\ITU\.gradle\wrapper\dists\gradle-6.9-bin\2ecsmyp3bolyybemj56vfn4mt\gradle-6.9\lib\gradle-launcher-6.9.jar
Launcher Type: SUN_STANDARD

[Global flags]
     intx CICompilerCount                          = 3                                         {product} {ergonomic}
   size_t CompressedClassSpaceSize                 = 218103808                                 {product} {ergonomic}
     uint ConcGCThreads                            = 1                                         {product} {ergonomic}
     uint G1ConcRefinementThreads                  = 4                                         {product} {ergonomic}
   size_t G1HeapRegionSize                         = 1048576                                   {product} {ergonomic}
    uintx GCDrainStackTargetSize                   = 64                                        {product} {ergonomic}
     bool HeapDumpOnOutOfMemoryError               = true                                   {manageable} {command line}
   size_t InitialHeapSize                          = 268435456                                 {product} {command line}
   size_t MarkStackSize                            = 4194304                                   {product} {ergonomic}
   size_t MaxHeapSize                              = 536870912                                 {product} {command line}
   size_t MaxMetaspaceSize                         = 268435456                                 {product} {command line}
   size_t MaxNewSize                               = 321912832                                 {product} {ergonomic}
   size_t MinHeapDeltaBytes                        = 1048576                                   {product} {ergonomic}
   size_t MinHeapSize                              = 268435456                                 {product} {command line}
    uintx NonNMethodCodeHeapSize                   = 5832780                                {pd product} {ergonomic}
    uintx NonProfiledCodeHeapSize                  = 122912730                              {pd product} {ergonomic}
    uintx ProfiledCodeHeapSize                     = 122912730                              {pd product} {ergonomic}
    uintx ReservedCodeCacheSize                    = 251658240                              {pd product} {ergonomic}
     bool SegmentedCodeCache                       = true                                      {product} {ergonomic}
   size_t SoftMaxHeapSize                          = 536870912                              {manageable} {ergonomic}
     bool UseCompressedClassPointers               = true                           {product lp64_product} {ergonomic}
     bool UseCompressedOops                        = true                           {product lp64_product} {ergonomic}
     bool UseG1GC                                  = true                                      {product} {ergonomic}
     bool UseLargePagesIndividualAllocation        = false                                  {pd product} {ergonomic}

Logging:
Log output configuration:
 #0: stdout all=warning uptime,level,tags
 #1: stderr all=off uptime,level,tags

Environment Variables:
JAVA_HOME=C:\Program Files\Java\jdk-17
CLASSPATH=E:\save\s5\prog_design\examS5\prepa\client\\gradle\wrapper\gradle-wrapper.jar
PATH=C:\Program Files\Common Files\Oracle\Java\javapath;C:\Program Files (x86)\Common Files\Oracle\Java\javapath;E:\orcl\app\ITU\product\11.2.0\dbhome_1\bin;C:\Program Files (x86)\Common Files\Intel\Shared Libraries\redist\intel64\compiler;E:\app\ITU\product\11.2.0\dbhome_1\bin;C:\Windows\system32;C:\Windows;C:\Windows\System32\Wbem;C:\Windows\System32\WindowsPowerShell\v1.0\;C:\Windows\System32\OpenSSH\;C:\Program Files\Java\jdk-17\bin;C:\Program Files\MySQL\MySQL Server 8.0\bin;C:\Program Files (x86)\Git\cmd;C:\Program Files (x86)\Git\mingw32\bin;C:\Program Files (x86)\Git\usr\bin;C:\Program Files\PostgreSQL\15\bin;E:\APPLI\rubyinstaller-2.7.7-1-x64\bin;C:\Program Files\dotnet\;C:\Program Files\Azure Data Studio\bin;C:\Program Files\Microsoft SQL Server\Client SDK\ODBC\170\Tools\Binn\;C:\Program Files\Microsoft SQL Server\150\Tools\Binn\;C:\Program Files\Microsoft SQL Server\130\Tools\Binn\;C:\Program Files (x86)\Microsoft SQL Server\160\DTS\Binn\;E:\save\s5\architectureLogiciel\apache-maven-3.9.5-bin\apache-maven-3.9.5\bin;E:\save\s5\architectureLogiciel\metro-standalone-2.3.1\metro\bin;E:\APPLI\gradle-8.0.2-all\gradle-8.0.2\bin;E:\APPLI\nodejs\;E:\APPLI\opencv3.4.16\opencv\build\java\x64;E:\APPLI\opencv3.4.16\opencv\build\bin;E:\save\wamp64\bin\php\php8.2.0;C:\ProgramData\ComposerSetup\bin;E:\APPLI\AndroidSdk\Android\sdk\tools;E:\APPLI\AndroidSdk\Android\sdk\platform-tools;E:\APPLI\AndroidSdk\Android\sdk;E:\save\s5\architectureLogiciel\utils\apache-maven-3.9.6-bin\bin;C:\Users\ITU\AppData\Local\Programs\Python\Python37\Scripts\;C:\Users\ITU\AppData\Local\Programs\Python\Python37\;C:\Users\ITU\AppData\Local\Microsoft\WindowsApps;C:\Users\ITU\AppData\Local\Programs\Microsoft VS Code\bin;C:\Users\ITU\AppData\Local\GitHubDesktop\bin;;C:\Program Files\JetBrains\PyCharm Edu 2018.3\bin;;C:\Users\ITU\.dotnet\tools;C:\Program Files\Azure Data Studio\bin;C:\Users\ITU\AppData\Roaming\npm;C:\Users\ITU\AppData\Roaming\Composer\vendor\bin
USERNAME=ITU
OS=Windows_NT
PROCESSOR_IDENTIFIER=Intel64 Family 6 Model 58 Stepping 9, GenuineIntel



---------------  S Y S T E M  ---------------

OS:
 Windows 10 , 64 bit Build 17134 (10.0.17134.753)
OS uptime: 0 days 4:09 hours

CPU: total 4 (initial active 4) (2 cores per cpu, 2 threads per core) family 6 model 58 stepping 9 microcode 0x20, cx8, cmov, fxsr, ht, mmx, sse, sse2, sse3, ssse3, sse4.1, sse4.2, popcnt, tsc, tscinvbit, avx, aes, erms, clmul, vzeroupper, clflush

Memory: 4k page, system-wide physical 8033M (1265M free)
TotalPageFile size 20201M (AvailPageFile size 5M)
current process WorkingSet (physical memory assigned to process): 245M, peak: 246M
current process commit charge ("private bytes"): 424M, peak: 426M

vm_info: Java HotSpot(TM) 64-Bit Server VM (17.0.8+9-LTS-211) for windows-amd64 JRE (17.0.8+9-LTS-211), built on Jun 14 2023 10:34:31 by "mach5one" with MS VC++ 17.1 (VS2022)

END.
