#
# There is insufficient memory for the Java Runtime Environment to continue.
# Native memory allocation (malloc) failed to allocate 1157568 bytes for Chunk::new
# Possible reasons:
#   The system is out of physical RAM or swap space
#   The process is running with CompressedOops enabled, and the Java Heap may be blocking the growth of the native heap
# Possible solutions:
#   Reduce memory load on the system
#   Increase physical memory or swap space
#   Check if swap backing store is full
#   Decrease Java heap size (-Xmx/-Xms)
#   Decrease number of Java threads
#   Decrease Java thread stack sizes (-Xss)
#   Set larger code cache with -XX:ReservedCodeCacheSize=
#   JVM is running with Unscaled Compressed Oops mode in which the Java heap is
#     placed in the first 4GB address space. The Java Heap base address is the
#     maximum limit for the native heap growth. Please use -XX:HeapBaseMinAddress
#     to set the Java Heap base and to place the Java Heap above 4GB virtual address.
# This output file may be truncated or incomplete.
#
#  Out of Memory Error (arena.cpp:189), pid=14744, tid=14636
#
# JRE version: Java(TM) SE Runtime Environment (17.0.8+9) (build 17.0.8+9-LTS-211)
# Java VM: Java HotSpot(TM) 64-Bit Server VM (17.0.8+9-LTS-211, mixed mode, sharing, tiered, compressed oops, compressed class ptrs, g1 gc, windows-amd64)
# No core dump will be written. Minidumps are not enabled by default on client versions of Windows
#

---------------  S U M M A R Y ------------

Command Line: --add-opens=java.base/java.util=ALL-UNNAMED --add-opens=java.base/java.lang=ALL-UNNAMED --add-opens=java.base/java.lang.invoke=ALL-UNNAMED --add-opens=java.prefs/java.util.prefs=ALL-UNNAMED -XX:MaxMetaspaceSize=256m -XX:+HeapDumpOnOutOfMemoryError -Xms256m -Xmx512m -Dfile.encoding=windows-1252 -Duser.country=FR -Duser.language=fr -Duser.variant org.gradle.launcher.daemon.bootstrap.GradleDaemon 6.9

Host: Intel(R) Core(TM) i5-3320M CPU @ 2.60GHz, 4 cores, 7G,  Windows 10 , 64 bit Build 17134 (10.0.17134.753)
Time: Tue Jan 23 13:02:38 2024 Afrique de l’Est elapsed time: 8.000095 seconds (0d 0h 0m 8s)

---------------  T H R E A D  ---------------

Current thread (0x00000187e168f360):  JavaThread "C2 CompilerThread1" daemon [_thread_in_native, id=14636, stack(0x00000027b1200000,0x00000027b1300000)]


Current CompileTask:
C2:   8000 3183       4       org.objectweb.asm.Frame::execute (2318 bytes)

Stack: [0x00000027b1200000,0x00000027b1300000]
Native frames: (J=compiled Java code, j=interpreted, Vv=VM code, C=native code)
V  [jvm.dll+0x677d0a]
V  [jvm.dll+0x7d8c54]
V  [jvm.dll+0x7da3fe]
V  [jvm.dll+0x7daa63]
V  [jvm.dll+0x245c5f]
V  [jvm.dll+0xaaa6b]
V  [jvm.dll+0xab00c]
V  [jvm.dll+0x361e8e]
V  [jvm.dll+0x1bba6a]
V  [jvm.dll+0x218157]
V  [jvm.dll+0x217431]
V  [jvm.dll+0x1a3af0]
V  [jvm.dll+0x2270be]
V  [jvm.dll+0x22535b]
V  [jvm.dll+0x78e7bc]
V  [jvm.dll+0x788bba]
V  [jvm.dll+0x676b35]
C  [ucrtbase.dll+0x1e3fe]
C  [KERNEL32.DLL+0x14034]
C  [ntdll.dll+0x73691]


---------------  P R O C E S S  ---------------

Threads class SMR info:
_java_thread_list=0x00000187e33313f0, length=33, elements={
0x00000187b3ed31c0, 0x00000187cdf2ba00, 0x00000187cdf2c780, 0x00000187cdf42620,
0x00000187cdf44150, 0x00000187cdf44c10, 0x00000187cdf474e0, 0x00000187cdf50ed0,
0x00000187cdf59890, 0x00000187cdf5a190, 0x00000187e0210030, 0x00000187e0211510,
0x00000187e168f360, 0x00000187e1e67a70, 0x00000187e1bf29e0, 0x00000187e250eb20,
0x00000187e212d040, 0x00000187e2cba830, 0x00000187e1e19160, 0x00000187e212d510,
0x00000187e1fa5f50, 0x00000187e0b7a950, 0x00000187e0b7bc90, 0x00000187e0b7b7c0,
0x00000187e0b79ae0, 0x00000187e0b7b2f0, 0x00000187e0b787a0, 0x00000187e0b782d0,
0x00000187e0b78c70, 0x00000187e0b79140, 0x00000187e0b7a480, 0x00000187e334a3e0,
0x00000187e3344d40
}

Java Threads: ( => current thread )
  0x00000187b3ed31c0 JavaThread "main" [_thread_blocked, id=13716, stack(0x00000027aff00000,0x00000027b0000000)]
  0x00000187cdf2ba00 JavaThread "Reference Handler" daemon [_thread_blocked, id=14248, stack(0x00000027b0600000,0x00000027b0700000)]
  0x00000187cdf2c780 JavaThread "Finalizer" daemon [_thread_blocked, id=3848, stack(0x00000027b0700000,0x00000027b0800000)]
  0x00000187cdf42620 JavaThread "Signal Dispatcher" daemon [_thread_blocked, id=8588, stack(0x00000027b0800000,0x00000027b0900000)]
  0x00000187cdf44150 JavaThread "Attach Listener" daemon [_thread_blocked, id=11296, stack(0x00000027b0900000,0x00000027b0a00000)]
  0x00000187cdf44c10 JavaThread "Service Thread" daemon [_thread_blocked, id=6708, stack(0x00000027b0a00000,0x00000027b0b00000)]
  0x00000187cdf474e0 JavaThread "Monitor Deflation Thread" daemon [_thread_blocked, id=14292, stack(0x00000027b0b00000,0x00000027b0c00000)]
  0x00000187cdf50ed0 JavaThread "C2 CompilerThread0" daemon [_thread_in_native, id=10024, stack(0x00000027b0c00000,0x00000027b0d00000)]
  0x00000187cdf59890 JavaThread "C1 CompilerThread0" daemon [_thread_blocked, id=14276, stack(0x00000027b0d00000,0x00000027b0e00000)]
  0x00000187cdf5a190 JavaThread "Sweeper thread" daemon [_thread_blocked, id=8432, stack(0x00000027b0e00000,0x00000027b0f00000)]
  0x00000187e0210030 JavaThread "Common-Cleaner" daemon [_thread_blocked, id=2800, stack(0x00000027b0f00000,0x00000027b1000000)]
  0x00000187e0211510 JavaThread "Notification Thread" daemon [_thread_blocked, id=12228, stack(0x00000027b1000000,0x00000027b1100000)]
=>0x00000187e168f360 JavaThread "C2 CompilerThread1" daemon [_thread_in_native, id=14636, stack(0x00000027b1200000,0x00000027b1300000)]
  0x00000187e1e67a70 JavaThread "Daemon health stats" [_thread_blocked, id=13152, stack(0x00000027b1600000,0x00000027b1700000)]
  0x00000187e1bf29e0 JavaThread "Incoming local TCP Connector on port 56887" [_thread_in_native, id=9292, stack(0x00000027b1700000,0x00000027b1800000)]
  0x00000187e250eb20 JavaThread "Daemon periodic checks" [_thread_blocked, id=15276, stack(0x00000027b1800000,0x00000027b1900000)]
  0x00000187e212d040 JavaThread "Daemon" [_thread_blocked, id=14632, stack(0x00000027b1900000,0x00000027b1a00000)]
  0x00000187e2cba830 JavaThread "Handler for socket connection from /127.0.0.1:56887 to /127.0.0.1:56888" [_thread_in_native, id=8124, stack(0x00000027b1a00000,0x00000027b1b00000)]
  0x00000187e1e19160 JavaThread "Cancel handler" [_thread_blocked, id=12272, stack(0x00000027b1b00000,0x00000027b1c00000)]
  0x00000187e212d510 JavaThread "Daemon worker" [_thread_in_vm, id=11292, stack(0x00000027b1c00000,0x00000027b1d00000)]
  0x00000187e1fa5f50 JavaThread "Asynchronous log dispatcher for DefaultDaemonConnection: socket connection from /127.0.0.1:56887 to /127.0.0.1:56888" [_thread_blocked, id=8332, stack(0x00000027b1d00000,0x00000027b1e00000)]
  0x00000187e0b7a950 JavaThread "Stdin handler" [_thread_blocked, id=13616, stack(0x00000027b1e00000,0x00000027b1f00000)]
  0x00000187e0b7bc90 JavaThread "Daemon client event forwarder" [_thread_blocked, id=10140, stack(0x00000027b1f00000,0x00000027b2000000)]
  0x00000187e0b7b7c0 JavaThread "Cache worker for file hash cache (C:\Users\ITU\.gradle\caches\6.9\fileHashes)" [_thread_blocked, id=8028, stack(0x00000027b2000000,0x00000027b2100000)]
  0x00000187e0b79ae0 JavaThread "File lock request listener" [_thread_in_native, id=8144, stack(0x00000027b2100000,0x00000027b2200000)]
  0x00000187e0b7b2f0 JavaThread "Cache worker for journal cache (C:\Users\ITU\.gradle\caches\journal-1)" [_thread_blocked, id=9052, stack(0x00000027b2200000,0x00000027b2300000)]
  0x00000187e0b787a0 JavaThread "Cache worker for file hash cache (E:\save\s5\prog_design\examS5\prepa\client\.gradle\6.9\fileHashes)" [_thread_blocked, id=116, stack(0x00000027b2300000,0x00000027b2400000)]
  0x00000187e0b782d0 JavaThread "Cache worker for checksums cache (E:\save\s5\prog_design\examS5\prepa\client\.gradle\checksums)" [_thread_blocked, id=7552, stack(0x00000027b2400000,0x00000027b2500000)]
  0x00000187e0b78c70 JavaThread "Cache worker for cache directory md-supplier (C:\Users\ITU\.gradle\caches\6.9\md-supplier)" [_thread_blocked, id=14452, stack(0x00000027b2500000,0x00000027b2600000)]
  0x00000187e0b79140 JavaThread "Cache worker for cache directory md-rule (C:\Users\ITU\.gradle\caches\6.9\md-rule)" [_thread_blocked, id=13724, stack(0x00000027b2600000,0x00000027b2700000)]
  0x00000187e0b7a480 JavaThread "Cache worker for execution history cache (C:\Users\ITU\.gradle\caches\6.9\executionHistory)" [_thread_blocked, id=11588, stack(0x00000027b2700000,0x00000027b2800000)]
  0x00000187e334a3e0 JavaThread "jar transforms" [_thread_blocked, id=220, stack(0x00000027b2800000,0x00000027b2900000)]
  0x00000187e3344d40 JavaThread "Cache worker for file content cache (C:\Users\ITU\.gradle\caches\6.9\fileContent)" [_thread_blocked, id=14952, stack(0x00000027b2900000,0x00000027b2a00000)]

Other Threads:
  0x00000187cdf24ae0 VMThread "VM Thread" [stack: 0x00000027b0500000,0x00000027b0600000] [id=14980]
  0x00000187b3f18600 WatcherThread [stack: 0x00000027b1100000,0x00000027b1200000] [id=3172]
  0x00000187b3f01da0 GCTaskThread "GC Thread#0" [stack: 0x00000027b0000000,0x00000027b0100000] [id=7948]
  0x00000187e05e12a0 GCTaskThread "GC Thread#1" [stack: 0x00000027b1300000,0x00000027b1400000] [id=12196]
  0x00000187e0737b40 GCTaskThread "GC Thread#2" [stack: 0x00000027b1400000,0x00000027b1500000] [id=14608]
  0x00000187e0737df0 GCTaskThread "GC Thread#3" [stack: 0x00000027b1500000,0x00000027b1600000] [id=14628]
  0x00000187b3f06bf0 ConcurrentGCThread "G1 Main Marker" [stack: 0x00000027b0100000,0x00000027b0200000] [id=14716]
  0x00000187b3f080d0 ConcurrentGCThread "G1 Conc#0" [stack: 0x00000027b0200000,0x00000027b0300000] [id=9684]
  0x00000187b3f9e1e0 ConcurrentGCThread "G1 Refine#0" [stack: 0x00000027b0300000,0x00000027b0400000] [id=13688]
  0x00000187b3f9eb10 ConcurrentGCThread "G1 Service" [stack: 0x00000027b0400000,0x00000027b0500000] [id=7420]

Threads with active compile tasks:
C2 CompilerThread0     8041 3227       4       java.security.SecureClassLoader::defineClass (16 bytes)
C2 CompilerThread1     8041 3183       4       org.objectweb.asm.Frame::execute (2318 bytes)

VM state: not at safepoint (normal execution)

VM Mutex/Monitor currently owned by a thread: None

Heap address: 0x00000000e0000000, size: 512 MB, Compressed Oops mode: 32-bit

CDS archive(s) mapped at: [0x00000187ce000000-0x00000187cebd0000-0x00000187cebd0000), size 12386304, SharedBaseAddress: 0x00000187ce000000, ArchiveRelocationMode: 1.
Compressed class space mapped at: 0x00000187cf000000-0x00000187dc000000, reserved size: 218103808
Narrow klass base: 0x00000187ce000000, Narrow klass shift: 0, Narrow klass range: 0x100000000

GC Precious Log:
 CPUs: 4 total, 4 available
 Memory: 8033M
 Large Page Support: Disabled
 NUMA Support: Disabled
 Compressed Oops: Enabled (32-bit)
 Heap Region Size: 1M
 Heap Min Capacity: 256M
 Heap Initial Capacity: 256M
 Heap Max Capacity: 512M
 Pre-touch: Disabled
 Parallel Workers: 4
 Concurrent Workers: 1
 Concurrent Refinement Workers: 4
 Periodic GC: Disabled

Heap:
 garbage-first heap   total 262144K, used 88674K [0x00000000e0000000, 0x0000000100000000)
  region size 1024K, 76 young (77824K), 11 survivors (11264K)
 Metaspace       used 33740K, committed 34048K, reserved 278528K
  class space    used 4646K, committed 4800K, reserved 212992K

Heap Regions: E=young(eden), S=young(survivor), O=old, HS=humongous(starts), HC=humongous(continues), CS=collection set, F=free, OA=open archive, CA=closed archive, TAMS=top-at-mark-start (previous, next)
|   0|0x00000000e0000000, 0x00000000e0100000, 0x00000000e0100000|100%| O|  |TAMS 0x00000000e0100000, 0x00000000e0000000| Untracked 
|   1|0x00000000e0100000, 0x00000000e0200000, 0x00000000e0200000|100%| O|  |TAMS 0x00000000e0200000, 0x00000000e0100000| Untracked 
|   2|0x00000000e0200000, 0x00000000e0300000, 0x00000000e0300000|100%| O|  |TAMS 0x00000000e0300000, 0x00000000e0200000| Untracked 
|   3|0x00000000e0300000, 0x00000000e0400000, 0x00000000e0400000|100%|HS|  |TAMS 0x00000000e0400000, 0x00000000e0300000| Complete 
|   4|0x00000000e0400000, 0x00000000e0500000, 0x00000000e0500000|100%|HC|  |TAMS 0x00000000e0500000, 0x00000000e0400000| Complete 
|   5|0x00000000e0500000, 0x00000000e0600000, 0x00000000e0600000|100%|HC|  |TAMS 0x00000000e0600000, 0x00000000e0500000| Complete 
|   6|0x00000000e0600000, 0x00000000e0700000, 0x00000000e0700000|100%| O|  |TAMS 0x00000000e0700000, 0x00000000e0600000| Untracked 
|   7|0x00000000e0700000, 0x00000000e0800000, 0x00000000e0800000|100%| O|  |TAMS 0x00000000e0800000, 0x00000000e0700000| Complete 
|   8|0x00000000e0800000, 0x00000000e0900000, 0x00000000e0900000|100%| O|  |TAMS 0x00000000e0900000, 0x00000000e0800000| Untracked 
|   9|0x00000000e0900000, 0x00000000e0926200, 0x00000000e0a00000| 14%| O|  |TAMS 0x00000000e0926200, 0x00000000e0900000| Untracked 
|  10|0x00000000e0a00000, 0x00000000e0b00000, 0x00000000e0b00000|100%|HS|  |TAMS 0x00000000e0a00000, 0x00000000e0a00000| Complete 
|  11|0x00000000e0b00000, 0x00000000e0c00000, 0x00000000e0c00000|100%|HS|  |TAMS 0x00000000e0b00000, 0x00000000e0b00000| Complete 
|  12|0x00000000e0c00000, 0x00000000e0d00000, 0x00000000e0d00000|100%|HS|  |TAMS 0x00000000e0c00000, 0x00000000e0c00000| Complete 
|  13|0x00000000e0d00000, 0x00000000e0e00000, 0x00000000e0e00000|100%|HC|  |TAMS 0x00000000e0d00000, 0x00000000e0d00000| Complete 
|  14|0x00000000e0e00000, 0x00000000e0e00000, 0x00000000e0f00000|  0%| F|  |TAMS 0x00000000e0e00000, 0x00000000e0e00000| Untracked 
|  15|0x00000000e0f00000, 0x00000000e0f00000, 0x00000000e1000000|  0%| F|  |TAMS 0x00000000e0f00000, 0x00000000e0f00000| Untracked 
|  16|0x00000000e1000000, 0x00000000e1000000, 0x00000000e1100000|  0%| F|  |TAMS 0x00000000e1000000, 0x00000000e1000000| Untracked 
|  17|0x00000000e1100000, 0x00000000e1100000, 0x00000000e1200000|  0%| F|  |TAMS 0x00000000e1100000, 0x00000000e1100000| Untracked 
|  18|0x00000000e1200000, 0x00000000e1200000, 0x00000000e1300000|  0%| F|  |TAMS 0x00000000e1200000, 0x00000000e1200000| Untracked 
|  19|0x00000000e1300000, 0x00000000e1300000, 0x00000000e1400000|  0%| F|  |TAMS 0x00000000e1300000, 0x00000000e1300000| Untracked 
|  20|0x00000000e1400000, 0x00000000e1400000, 0x00000000e1500000|  0%| F|  |TAMS 0x00000000e1400000, 0x00000000e1400000| Untracked 
|  21|0x00000000e1500000, 0x00000000e1500000, 0x00000000e1600000|  0%| F|  |TAMS 0x00000000e1500000, 0x00000000e1500000| Untracked 
|  22|0x00000000e1600000, 0x00000000e1600000, 0x00000000e1700000|  0%| F|  |TAMS 0x00000000e1600000, 0x00000000e1600000| Untracked 
|  23|0x00000000e1700000, 0x00000000e1700000, 0x00000000e1800000|  0%| F|  |TAMS 0x00000000e1700000, 0x00000000e1700000| Untracked 
|  24|0x00000000e1800000, 0x00000000e1800000, 0x00000000e1900000|  0%| F|  |TAMS 0x00000000e1800000, 0x00000000e1800000| Untracked 
|  25|0x00000000e1900000, 0x00000000e1900000, 0x00000000e1a00000|  0%| F|  |TAMS 0x00000000e1900000, 0x00000000e1900000| Untracked 
|  26|0x00000000e1a00000, 0x00000000e1a00000, 0x00000000e1b00000|  0%| F|  |TAMS 0x00000000e1a00000, 0x00000000e1a00000| Untracked 
|  27|0x00000000e1b00000, 0x00000000e1b00000, 0x00000000e1c00000|  0%| F|  |TAMS 0x00000000e1b00000, 0x00000000e1b00000| Untracked 
|  28|0x00000000e1c00000, 0x00000000e1c00000, 0x00000000e1d00000|  0%| F|  |TAMS 0x00000000e1c00000, 0x00000000e1c00000| Untracked 
|  29|0x00000000e1d00000, 0x00000000e1d00000, 0x00000000e1e00000|  0%| F|  |TAMS 0x00000000e1d00000, 0x00000000e1d00000| Untracked 
|  30|0x00000000e1e00000, 0x00000000e1e00000, 0x00000000e1f00000|  0%| F|  |TAMS 0x00000000e1e00000, 0x00000000e1e00000| Untracked 
|  31|0x00000000e1f00000, 0x00000000e1f00000, 0x00000000e2000000|  0%| F|  |TAMS 0x00000000e1f00000, 0x00000000e1f00000| Untracked 
|  32|0x00000000e2000000, 0x00000000e2000000, 0x00000000e2100000|  0%| F|  |TAMS 0x00000000e2000000, 0x00000000e2000000| Untracked 
|  33|0x00000000e2100000, 0x00000000e2100000, 0x00000000e2200000|  0%| F|  |TAMS 0x00000000e2100000, 0x00000000e2100000| Untracked 
|  34|0x00000000e2200000, 0x00000000e2200000, 0x00000000e2300000|  0%| F|  |TAMS 0x00000000e2200000, 0x00000000e2200000| Untracked 
|  35|0x00000000e2300000, 0x00000000e2300000, 0x00000000e2400000|  0%| F|  |TAMS 0x00000000e2300000, 0x00000000e2300000| Untracked 
|  36|0x00000000e2400000, 0x00000000e2400000, 0x00000000e2500000|  0%| F|  |TAMS 0x00000000e2400000, 0x00000000e2400000| Untracked 
|  37|0x00000000e2500000, 0x00000000e2500000, 0x00000000e2600000|  0%| F|  |TAMS 0x00000000e2500000, 0x00000000e2500000| Untracked 
|  38|0x00000000e2600000, 0x00000000e2600000, 0x00000000e2700000|  0%| F|  |TAMS 0x00000000e2600000, 0x00000000e2600000| Untracked 
|  39|0x00000000e2700000, 0x00000000e2700000, 0x00000000e2800000|  0%| F|  |TAMS 0x00000000e2700000, 0x00000000e2700000| Untracked 
|  40|0x00000000e2800000, 0x00000000e2800000, 0x00000000e2900000|  0%| F|  |TAMS 0x00000000e2800000, 0x00000000e2800000| Untracked 
|  41|0x00000000e2900000, 0x00000000e2900000, 0x00000000e2a00000|  0%| F|  |TAMS 0x00000000e2900000, 0x00000000e2900000| Untracked 
|  42|0x00000000e2a00000, 0x00000000e2a00000, 0x00000000e2b00000|  0%| F|  |TAMS 0x00000000e2a00000, 0x00000000e2a00000| Untracked 
|  43|0x00000000e2b00000, 0x00000000e2b00000, 0x00000000e2c00000|  0%| F|  |TAMS 0x00000000e2b00000, 0x00000000e2b00000| Untracked 
|  44|0x00000000e2c00000, 0x00000000e2c00000, 0x00000000e2d00000|  0%| F|  |TAMS 0x00000000e2c00000, 0x00000000e2c00000| Untracked 
|  45|0x00000000e2d00000, 0x00000000e2d00000, 0x00000000e2e00000|  0%| F|  |TAMS 0x00000000e2d00000, 0x00000000e2d00000| Untracked 
|  46|0x00000000e2e00000, 0x00000000e2e00000, 0x00000000e2f00000|  0%| F|  |TAMS 0x00000000e2e00000, 0x00000000e2e00000| Untracked 
|  47|0x00000000e2f00000, 0x00000000e2f00000, 0x00000000e3000000|  0%| F|  |TAMS 0x00000000e2f00000, 0x00000000e2f00000| Untracked 
|  48|0x00000000e3000000, 0x00000000e3000000, 0x00000000e3100000|  0%| F|  |TAMS 0x00000000e3000000, 0x00000000e3000000| Untracked 
|  49|0x00000000e3100000, 0x00000000e3100000, 0x00000000e3200000|  0%| F|  |TAMS 0x00000000e3100000, 0x00000000e3100000| Untracked 
|  50|0x00000000e3200000, 0x00000000e3200000, 0x00000000e3300000|  0%| F|  |TAMS 0x00000000e3200000, 0x00000000e3200000| Untracked 
|  51|0x00000000e3300000, 0x00000000e3300000, 0x00000000e3400000|  0%| F|  |TAMS 0x00000000e3300000, 0x00000000e3300000| Untracked 
|  52|0x00000000e3400000, 0x00000000e3400000, 0x00000000e3500000|  0%| F|  |TAMS 0x00000000e3400000, 0x00000000e3400000| Untracked 
|  53|0x00000000e3500000, 0x00000000e3500000, 0x00000000e3600000|  0%| F|  |TAMS 0x00000000e3500000, 0x00000000e3500000| Untracked 
|  54|0x00000000e3600000, 0x00000000e3600000, 0x00000000e3700000|  0%| F|  |TAMS 0x00000000e3600000, 0x00000000e3600000| Untracked 
|  55|0x00000000e3700000, 0x00000000e3700000, 0x00000000e3800000|  0%| F|  |TAMS 0x00000000e3700000, 0x00000000e3700000| Untracked 
|  56|0x00000000e3800000, 0x00000000e3800000, 0x00000000e3900000|  0%| F|  |TAMS 0x00000000e3800000, 0x00000000e3800000| Untracked 
|  57|0x00000000e3900000, 0x00000000e3900000, 0x00000000e3a00000|  0%| F|  |TAMS 0x00000000e3900000, 0x00000000e3900000| Untracked 
|  58|0x00000000e3a00000, 0x00000000e3a00000, 0x00000000e3b00000|  0%| F|  |TAMS 0x00000000e3a00000, 0x00000000e3a00000| Untracked 
|  59|0x00000000e3b00000, 0x00000000e3b00000, 0x00000000e3c00000|  0%| F|  |TAMS 0x00000000e3b00000, 0x00000000e3b00000| Untracked 
|  60|0x00000000e3c00000, 0x00000000e3c00000, 0x00000000e3d00000|  0%| F|  |TAMS 0x00000000e3c00000, 0x00000000e3c00000| Untracked 
|  61|0x00000000e3d00000, 0x00000000e3d00000, 0x00000000e3e00000|  0%| F|  |TAMS 0x00000000e3d00000, 0x00000000e3d00000| Untracked 
|  62|0x00000000e3e00000, 0x00000000e3e00000, 0x00000000e3f00000|  0%| F|  |TAMS 0x00000000e3e00000, 0x00000000e3e00000| Untracked 
|  63|0x00000000e3f00000, 0x00000000e3f00000, 0x00000000e4000000|  0%| F|  |TAMS 0x00000000e3f00000, 0x00000000e3f00000| Untracked 
|  64|0x00000000e4000000, 0x00000000e4000000, 0x00000000e4100000|  0%| F|  |TAMS 0x00000000e4000000, 0x00000000e4000000| Untracked 
|  65|0x00000000e4100000, 0x00000000e4100000, 0x00000000e4200000|  0%| F|  |TAMS 0x00000000e4100000, 0x00000000e4100000| Untracked 
|  66|0x00000000e4200000, 0x00000000e4200000, 0x00000000e4300000|  0%| F|  |TAMS 0x00000000e4200000, 0x00000000e4200000| Untracked 
|  67|0x00000000e4300000, 0x00000000e4300000, 0x00000000e4400000|  0%| F|  |TAMS 0x00000000e4300000, 0x00000000e4300000| Untracked 
|  68|0x00000000e4400000, 0x00000000e4400000, 0x00000000e4500000|  0%| F|  |TAMS 0x00000000e4400000, 0x00000000e4400000| Untracked 
|  69|0x00000000e4500000, 0x00000000e4500000, 0x00000000e4600000|  0%| F|  |TAMS 0x00000000e4500000, 0x00000000e4500000| Untracked 
|  70|0x00000000e4600000, 0x00000000e4600000, 0x00000000e4700000|  0%| F|  |TAMS 0x00000000e4600000, 0x00000000e4600000| Untracked 
|  71|0x00000000e4700000, 0x00000000e4700000, 0x00000000e4800000|  0%| F|  |TAMS 0x00000000e4700000, 0x00000000e4700000| Untracked 
|  72|0x00000000e4800000, 0x00000000e4800000, 0x00000000e4900000|  0%| F|  |TAMS 0x00000000e4800000, 0x00000000e4800000| Untracked 
|  73|0x00000000e4900000, 0x00000000e4900000, 0x00000000e4a00000|  0%| F|  |TAMS 0x00000000e4900000, 0x00000000e4900000| Untracked 
|  74|0x00000000e4a00000, 0x00000000e4a00000, 0x00000000e4b00000|  0%| F|  |TAMS 0x00000000e4a00000, 0x00000000e4a00000| Untracked 
|  75|0x00000000e4b00000, 0x00000000e4b00000, 0x00000000e4c00000|  0%| F|  |TAMS 0x00000000e4b00000, 0x00000000e4b00000| Untracked 
|  76|0x00000000e4c00000, 0x00000000e4c00000, 0x00000000e4d00000|  0%| F|  |TAMS 0x00000000e4c00000, 0x00000000e4c00000| Untracked 
|  77|0x00000000e4d00000, 0x00000000e4d00000, 0x00000000e4e00000|  0%| F|  |TAMS 0x00000000e4d00000, 0x00000000e4d00000| Untracked 
|  78|0x00000000e4e00000, 0x00000000e4e00000, 0x00000000e4f00000|  0%| F|  |TAMS 0x00000000e4e00000, 0x00000000e4e00000| Untracked 
|  79|0x00000000e4f00000, 0x00000000e4f00000, 0x00000000e5000000|  0%| F|  |TAMS 0x00000000e4f00000, 0x00000000e4f00000| Untracked 
|  80|0x00000000e5000000, 0x00000000e5000000, 0x00000000e5100000|  0%| F|  |TAMS 0x00000000e5000000, 0x00000000e5000000| Untracked 
|  81|0x00000000e5100000, 0x00000000e5100000, 0x00000000e5200000|  0%| F|  |TAMS 0x00000000e5100000, 0x00000000e5100000| Untracked 
|  82|0x00000000e5200000, 0x00000000e5200000, 0x00000000e5300000|  0%| F|  |TAMS 0x00000000e5200000, 0x00000000e5200000| Untracked 
|  83|0x00000000e5300000, 0x00000000e5300000, 0x00000000e5400000|  0%| F|  |TAMS 0x00000000e5300000, 0x00000000e5300000| Untracked 
|  84|0x00000000e5400000, 0x00000000e5400000, 0x00000000e5500000|  0%| F|  |TAMS 0x00000000e5400000, 0x00000000e5400000| Untracked 
|  85|0x00000000e5500000, 0x00000000e5500000, 0x00000000e5600000|  0%| F|  |TAMS 0x00000000e5500000, 0x00000000e5500000| Untracked 
|  86|0x00000000e5600000, 0x00000000e5600000, 0x00000000e5700000|  0%| F|  |TAMS 0x00000000e5600000, 0x00000000e5600000| Untracked 
|  87|0x00000000e5700000, 0x00000000e5700000, 0x00000000e5800000|  0%| F|  |TAMS 0x00000000e5700000, 0x00000000e5700000| Untracked 
|  88|0x00000000e5800000, 0x00000000e5800000, 0x00000000e5900000|  0%| F|  |TAMS 0x00000000e5800000, 0x00000000e5800000| Untracked 
|  89|0x00000000e5900000, 0x00000000e5900000, 0x00000000e5a00000|  0%| F|  |TAMS 0x00000000e5900000, 0x00000000e5900000| Untracked 
|  90|0x00000000e5a00000, 0x00000000e5a00000, 0x00000000e5b00000|  0%| F|  |TAMS 0x00000000e5a00000, 0x00000000e5a00000| Untracked 
|  91|0x00000000e5b00000, 0x00000000e5b00000, 0x00000000e5c00000|  0%| F|  |TAMS 0x00000000e5b00000, 0x00000000e5b00000| Untracked 
|  92|0x00000000e5c00000, 0x00000000e5c00000, 0x00000000e5d00000|  0%| F|  |TAMS 0x00000000e5c00000, 0x00000000e5c00000| Untracked 
|  93|0x00000000e5d00000, 0x00000000e5d00000, 0x00000000e5e00000|  0%| F|  |TAMS 0x00000000e5d00000, 0x00000000e5d00000| Untracked 
|  94|0x00000000e5e00000, 0x00000000e5e00000, 0x00000000e5f00000|  0%| F|  |TAMS 0x00000000e5e00000, 0x00000000e5e00000| Untracked 
|  95|0x00000000e5f00000, 0x00000000e5f00000, 0x00000000e6000000|  0%| F|  |TAMS 0x00000000e5f00000, 0x00000000e5f00000| Untracked 
|  96|0x00000000e6000000, 0x00000000e6000000, 0x00000000e6100000|  0%| F|  |TAMS 0x00000000e6000000, 0x00000000e6000000| Untracked 
|  97|0x00000000e6100000, 0x00000000e6100000, 0x00000000e6200000|  0%| F|  |TAMS 0x00000000e6100000, 0x00000000e6100000| Untracked 
|  98|0x00000000e6200000, 0x00000000e6200000, 0x00000000e6300000|  0%| F|  |TAMS 0x00000000e6200000, 0x00000000e6200000| Untracked 
|  99|0x00000000e6300000, 0x00000000e6300000, 0x00000000e6400000|  0%| F|  |TAMS 0x00000000e6300000, 0x00000000e6300000| Untracked 
| 100|0x00000000e6400000, 0x00000000e6400000, 0x00000000e6500000|  0%| F|  |TAMS 0x00000000e6400000, 0x00000000e6400000| Untracked 
| 101|0x00000000e6500000, 0x00000000e6500000, 0x00000000e6600000|  0%| F|  |TAMS 0x00000000e6500000, 0x00000000e6500000| Untracked 
| 102|0x00000000e6600000, 0x00000000e6600000, 0x00000000e6700000|  0%| F|  |TAMS 0x00000000e6600000, 0x00000000e6600000| Untracked 
| 103|0x00000000e6700000, 0x00000000e6700000, 0x00000000e6800000|  0%| F|  |TAMS 0x00000000e6700000, 0x00000000e6700000| Untracked 
| 104|0x00000000e6800000, 0x00000000e6800000, 0x00000000e6900000|  0%| F|  |TAMS 0x00000000e6800000, 0x00000000e6800000| Untracked 
| 105|0x00000000e6900000, 0x00000000e6900000, 0x00000000e6a00000|  0%| F|  |TAMS 0x00000000e6900000, 0x00000000e6900000| Untracked 
| 106|0x00000000e6a00000, 0x00000000e6a00000, 0x00000000e6b00000|  0%| F|  |TAMS 0x00000000e6a00000, 0x00000000e6a00000| Untracked 
| 107|0x00000000e6b00000, 0x00000000e6b00000, 0x00000000e6c00000|  0%| F|  |TAMS 0x00000000e6b00000, 0x00000000e6b00000| Untracked 
| 108|0x00000000e6c00000, 0x00000000e6c00000, 0x00000000e6d00000|  0%| F|  |TAMS 0x00000000e6c00000, 0x00000000e6c00000| Untracked 
| 109|0x00000000e6d00000, 0x00000000e6d00000, 0x00000000e6e00000|  0%| F|  |TAMS 0x00000000e6d00000, 0x00000000e6d00000| Untracked 
| 110|0x00000000e6e00000, 0x00000000e6e00000, 0x00000000e6f00000|  0%| F|  |TAMS 0x00000000e6e00000, 0x00000000e6e00000| Untracked 
| 111|0x00000000e6f00000, 0x00000000e6f00000, 0x00000000e7000000|  0%| F|  |TAMS 0x00000000e6f00000, 0x00000000e6f00000| Untracked 
| 112|0x00000000e7000000, 0x00000000e7000000, 0x00000000e7100000|  0%| F|  |TAMS 0x00000000e7000000, 0x00000000e7000000| Untracked 
| 113|0x00000000e7100000, 0x00000000e7100000, 0x00000000e7200000|  0%| F|  |TAMS 0x00000000e7100000, 0x00000000e7100000| Untracked 
| 114|0x00000000e7200000, 0x00000000e7200000, 0x00000000e7300000|  0%| F|  |TAMS 0x00000000e7200000, 0x00000000e7200000| Untracked 
| 115|0x00000000e7300000, 0x00000000e7300000, 0x00000000e7400000|  0%| F|  |TAMS 0x00000000e7300000, 0x00000000e7300000| Untracked 
| 116|0x00000000e7400000, 0x00000000e7400000, 0x00000000e7500000|  0%| F|  |TAMS 0x00000000e7400000, 0x00000000e7400000| Untracked 
| 117|0x00000000e7500000, 0x00000000e7500000, 0x00000000e7600000|  0%| F|  |TAMS 0x00000000e7500000, 0x00000000e7500000| Untracked 
| 118|0x00000000e7600000, 0x00000000e7600000, 0x00000000e7700000|  0%| F|  |TAMS 0x00000000e7600000, 0x00000000e7600000| Untracked 
| 119|0x00000000e7700000, 0x00000000e7700000, 0x00000000e7800000|  0%| F|  |TAMS 0x00000000e7700000, 0x00000000e7700000| Untracked 
| 120|0x00000000e7800000, 0x00000000e7800000, 0x00000000e7900000|  0%| F|  |TAMS 0x00000000e7800000, 0x00000000e7800000| Untracked 
| 121|0x00000000e7900000, 0x00000000e7900000, 0x00000000e7a00000|  0%| F|  |TAMS 0x00000000e7900000, 0x00000000e7900000| Untracked 
| 122|0x00000000e7a00000, 0x00000000e7a00000, 0x00000000e7b00000|  0%| F|  |TAMS 0x00000000e7a00000, 0x00000000e7a00000| Untracked 
| 123|0x00000000e7b00000, 0x00000000e7b00000, 0x00000000e7c00000|  0%| F|  |TAMS 0x00000000e7b00000, 0x00000000e7b00000| Untracked 
| 124|0x00000000e7c00000, 0x00000000e7c00000, 0x00000000e7d00000|  0%| F|  |TAMS 0x00000000e7c00000, 0x00000000e7c00000| Untracked 
| 125|0x00000000e7d00000, 0x00000000e7d00000, 0x00000000e7e00000|  0%| F|  |TAMS 0x00000000e7d00000, 0x00000000e7d00000| Untracked 
| 126|0x00000000e7e00000, 0x00000000e7e00000, 0x00000000e7f00000|  0%| F|  |TAMS 0x00000000e7e00000, 0x00000000e7e00000| Untracked 
| 127|0x00000000e7f00000, 0x00000000e7f00000, 0x00000000e8000000|  0%| F|  |TAMS 0x00000000e7f00000, 0x00000000e7f00000| Untracked 
| 128|0x00000000e8000000, 0x00000000e8000000, 0x00000000e8100000|  0%| F|  |TAMS 0x00000000e8000000, 0x00000000e8000000| Untracked 
| 129|0x00000000e8100000, 0x00000000e8100000, 0x00000000e8200000|  0%| F|  |TAMS 0x00000000e8100000, 0x00000000e8100000| Untracked 
| 130|0x00000000e8200000, 0x00000000e8200000, 0x00000000e8300000|  0%| F|  |TAMS 0x00000000e8200000, 0x00000000e8200000| Untracked 
| 131|0x00000000e8300000, 0x00000000e8300000, 0x00000000e8400000|  0%| F|  |TAMS 0x00000000e8300000, 0x00000000e8300000| Untracked 
| 132|0x00000000e8400000, 0x00000000e8400000, 0x00000000e8500000|  0%| F|  |TAMS 0x00000000e8400000, 0x00000000e8400000| Untracked 
| 133|0x00000000e8500000, 0x00000000e8500000, 0x00000000e8600000|  0%| F|  |TAMS 0x00000000e8500000, 0x00000000e8500000| Untracked 
| 134|0x00000000e8600000, 0x00000000e8600000, 0x00000000e8700000|  0%| F|  |TAMS 0x00000000e8600000, 0x00000000e8600000| Untracked 
| 135|0x00000000e8700000, 0x00000000e8700000, 0x00000000e8800000|  0%| F|  |TAMS 0x00000000e8700000, 0x00000000e8700000| Untracked 
| 136|0x00000000e8800000, 0x00000000e8800000, 0x00000000e8900000|  0%| F|  |TAMS 0x00000000e8800000, 0x00000000e8800000| Untracked 
| 137|0x00000000e8900000, 0x00000000e8900000, 0x00000000e8a00000|  0%| F|  |TAMS 0x00000000e8900000, 0x00000000e8900000| Untracked 
| 138|0x00000000e8a00000, 0x00000000e8a00000, 0x00000000e8b00000|  0%| F|  |TAMS 0x00000000e8a00000, 0x00000000e8a00000| Untracked 
| 139|0x00000000e8b00000, 0x00000000e8b00000, 0x00000000e8c00000|  0%| F|  |TAMS 0x00000000e8b00000, 0x00000000e8b00000| Untracked 
| 140|0x00000000e8c00000, 0x00000000e8c00000, 0x00000000e8d00000|  0%| F|  |TAMS 0x00000000e8c00000, 0x00000000e8c00000| Untracked 
| 141|0x00000000e8d00000, 0x00000000e8d00000, 0x00000000e8e00000|  0%| F|  |TAMS 0x00000000e8d00000, 0x00000000e8d00000| Untracked 
| 142|0x00000000e8e00000, 0x00000000e8e00000, 0x00000000e8f00000|  0%| F|  |TAMS 0x00000000e8e00000, 0x00000000e8e00000| Untracked 
| 143|0x00000000e8f00000, 0x00000000e8f00000, 0x00000000e9000000|  0%| F|  |TAMS 0x00000000e8f00000, 0x00000000e8f00000| Untracked 
| 144|0x00000000e9000000, 0x00000000e9000000, 0x00000000e9100000|  0%| F|  |TAMS 0x00000000e9000000, 0x00000000e9000000| Untracked 
| 145|0x00000000e9100000, 0x00000000e9100000, 0x00000000e9200000|  0%| F|  |TAMS 0x00000000e9100000, 0x00000000e9100000| Untracked 
| 146|0x00000000e9200000, 0x00000000e9200000, 0x00000000e9300000|  0%| F|  |TAMS 0x00000000e9200000, 0x00000000e9200000| Untracked 
| 147|0x00000000e9300000, 0x00000000e9300000, 0x00000000e9400000|  0%| F|  |TAMS 0x00000000e9300000, 0x00000000e9300000| Untracked 
| 148|0x00000000e9400000, 0x00000000e9400000, 0x00000000e9500000|  0%| F|  |TAMS 0x00000000e9400000, 0x00000000e9400000| Untracked 
| 149|0x00000000e9500000, 0x00000000e9500000, 0x00000000e9600000|  0%| F|  |TAMS 0x00000000e9500000, 0x00000000e9500000| Untracked 
| 150|0x00000000e9600000, 0x00000000e9600000, 0x00000000e9700000|  0%| F|  |TAMS 0x00000000e9600000, 0x00000000e9600000| Untracked 
| 151|0x00000000e9700000, 0x00000000e9700000, 0x00000000e9800000|  0%| F|  |TAMS 0x00000000e9700000, 0x00000000e9700000| Untracked 
| 152|0x00000000e9800000, 0x00000000e98728e8, 0x00000000e9900000| 44%| S|CS|TAMS 0x00000000e9800000, 0x00000000e9800000| Complete 
| 153|0x00000000e9900000, 0x00000000e9a00000, 0x00000000e9a00000|100%| S|CS|TAMS 0x00000000e9900000, 0x00000000e9900000| Complete 
| 154|0x00000000e9a00000, 0x00000000e9b00000, 0x00000000e9b00000|100%| S|CS|TAMS 0x00000000e9a00000, 0x00000000e9a00000| Complete 
| 155|0x00000000e9b00000, 0x00000000e9c00000, 0x00000000e9c00000|100%| S|CS|TAMS 0x00000000e9b00000, 0x00000000e9b00000| Complete 
| 156|0x00000000e9c00000, 0x00000000e9d00000, 0x00000000e9d00000|100%| S|CS|TAMS 0x00000000e9c00000, 0x00000000e9c00000| Complete 
| 157|0x00000000e9d00000, 0x00000000e9e00000, 0x00000000e9e00000|100%| S|CS|TAMS 0x00000000e9d00000, 0x00000000e9d00000| Complete 
| 158|0x00000000e9e00000, 0x00000000e9f00000, 0x00000000e9f00000|100%| S|CS|TAMS 0x00000000e9e00000, 0x00000000e9e00000| Complete 
| 159|0x00000000e9f00000, 0x00000000ea000000, 0x00000000ea000000|100%| S|CS|TAMS 0x00000000e9f00000, 0x00000000e9f00000| Complete 
| 160|0x00000000ea000000, 0x00000000ea100000, 0x00000000ea100000|100%| S|CS|TAMS 0x00000000ea000000, 0x00000000ea000000| Complete 
| 161|0x00000000ea100000, 0x00000000ea200000, 0x00000000ea200000|100%| S|CS|TAMS 0x00000000ea100000, 0x00000000ea100000| Complete 
| 162|0x00000000ea200000, 0x00000000ea300000, 0x00000000ea300000|100%| S|CS|TAMS 0x00000000ea200000, 0x00000000ea200000| Complete 
| 163|0x00000000ea300000, 0x00000000ea300000, 0x00000000ea400000|  0%| F|  |TAMS 0x00000000ea300000, 0x00000000ea300000| Untracked 
| 164|0x00000000ea400000, 0x00000000ea400000, 0x00000000ea500000|  0%| F|  |TAMS 0x00000000ea400000, 0x00000000ea400000| Untracked 
| 165|0x00000000ea500000, 0x00000000ea500000, 0x00000000ea600000|  0%| F|  |TAMS 0x00000000ea500000, 0x00000000ea500000| Untracked 
| 166|0x00000000ea600000, 0x00000000ea600000, 0x00000000ea700000|  0%| F|  |TAMS 0x00000000ea600000, 0x00000000ea600000| Untracked 
| 167|0x00000000ea700000, 0x00000000ea700000, 0x00000000ea800000|  0%| F|  |TAMS 0x00000000ea700000, 0x00000000ea700000| Untracked 
| 168|0x00000000ea800000, 0x00000000ea800000, 0x00000000ea900000|  0%| F|  |TAMS 0x00000000ea800000, 0x00000000ea800000| Untracked 
| 169|0x00000000ea900000, 0x00000000ea900000, 0x00000000eaa00000|  0%| F|  |TAMS 0x00000000ea900000, 0x00000000ea900000| Untracked 
| 170|0x00000000eaa00000, 0x00000000eaa00000, 0x00000000eab00000|  0%| F|  |TAMS 0x00000000eaa00000, 0x00000000eaa00000| Untracked 
| 171|0x00000000eab00000, 0x00000000eab00000, 0x00000000eac00000|  0%| F|  |TAMS 0x00000000eab00000, 0x00000000eab00000| Untracked 
| 172|0x00000000eac00000, 0x00000000eac00000, 0x00000000ead00000|  0%| F|  |TAMS 0x00000000eac00000, 0x00000000eac00000| Untracked 
| 173|0x00000000ead00000, 0x00000000ead00000, 0x00000000eae00000|  0%| F|  |TAMS 0x00000000ead00000, 0x00000000ead00000| Untracked 
| 174|0x00000000eae00000, 0x00000000eae00000, 0x00000000eaf00000|  0%| F|  |TAMS 0x00000000eae00000, 0x00000000eae00000| Untracked 
| 175|0x00000000eaf00000, 0x00000000eaf00000, 0x00000000eb000000|  0%| F|  |TAMS 0x00000000eaf00000, 0x00000000eaf00000| Untracked 
| 176|0x00000000eb000000, 0x00000000eb000000, 0x00000000eb100000|  0%| F|  |TAMS 0x00000000eb000000, 0x00000000eb000000| Untracked 
| 177|0x00000000eb100000, 0x00000000eb100000, 0x00000000eb200000|  0%| F|  |TAMS 0x00000000eb100000, 0x00000000eb100000| Untracked 
| 178|0x00000000eb200000, 0x00000000eb200000, 0x00000000eb300000|  0%| F|  |TAMS 0x00000000eb200000, 0x00000000eb200000| Untracked 
| 179|0x00000000eb300000, 0x00000000eb300000, 0x00000000eb400000|  0%| F|  |TAMS 0x00000000eb300000, 0x00000000eb300000| Untracked 
| 180|0x00000000eb400000, 0x00000000eb400000, 0x00000000eb500000|  0%| F|  |TAMS 0x00000000eb400000, 0x00000000eb400000| Untracked 
| 181|0x00000000eb500000, 0x00000000eb500000, 0x00000000eb600000|  0%| F|  |TAMS 0x00000000eb500000, 0x00000000eb500000| Untracked 
| 182|0x00000000eb600000, 0x00000000eb600000, 0x00000000eb700000|  0%| F|  |TAMS 0x00000000eb600000, 0x00000000eb600000| Untracked 
| 183|0x00000000eb700000, 0x00000000eb700000, 0x00000000eb800000|  0%| F|  |TAMS 0x00000000eb700000, 0x00000000eb700000| Untracked 
| 184|0x00000000eb800000, 0x00000000eb800000, 0x00000000eb900000|  0%| F|  |TAMS 0x00000000eb800000, 0x00000000eb800000| Untracked 
| 185|0x00000000eb900000, 0x00000000eb900000, 0x00000000eba00000|  0%| F|  |TAMS 0x00000000eb900000, 0x00000000eb900000| Untracked 
| 186|0x00000000eba00000, 0x00000000eba00000, 0x00000000ebb00000|  0%| F|  |TAMS 0x00000000eba00000, 0x00000000eba00000| Untracked 
| 187|0x00000000ebb00000, 0x00000000ebb00000, 0x00000000ebc00000|  0%| F|  |TAMS 0x00000000ebb00000, 0x00000000ebb00000| Untracked 
| 188|0x00000000ebc00000, 0x00000000ebc00000, 0x00000000ebd00000|  0%| F|  |TAMS 0x00000000ebc00000, 0x00000000ebc00000| Untracked 
| 189|0x00000000ebd00000, 0x00000000ebd00000, 0x00000000ebe00000|  0%| F|  |TAMS 0x00000000ebd00000, 0x00000000ebd00000| Untracked 
| 190|0x00000000ebe00000, 0x00000000ebe80800, 0x00000000ebf00000| 50%| E|  |TAMS 0x00000000ebe00000, 0x00000000ebe00000| Complete 
| 191|0x00000000ebf00000, 0x00000000ec000000, 0x00000000ec000000|100%| E|CS|TAMS 0x00000000ebf00000, 0x00000000ebf00000| Complete 
| 192|0x00000000ec000000, 0x00000000ec100000, 0x00000000ec100000|100%| E|CS|TAMS 0x00000000ec000000, 0x00000000ec000000| Complete 
| 193|0x00000000ec100000, 0x00000000ec200000, 0x00000000ec200000|100%| E|CS|TAMS 0x00000000ec100000, 0x00000000ec100000| Complete 
| 194|0x00000000ec200000, 0x00000000ec300000, 0x00000000ec300000|100%| E|CS|TAMS 0x00000000ec200000, 0x00000000ec200000| Complete 
| 195|0x00000000ec300000, 0x00000000ec400000, 0x00000000ec400000|100%| E|CS|TAMS 0x00000000ec300000, 0x00000000ec300000| Complete 
| 196|0x00000000ec400000, 0x00000000ec500000, 0x00000000ec500000|100%| E|CS|TAMS 0x00000000ec400000, 0x00000000ec400000| Complete 
| 197|0x00000000ec500000, 0x00000000ec600000, 0x00000000ec600000|100%| E|CS|TAMS 0x00000000ec500000, 0x00000000ec500000| Complete 
| 198|0x00000000ec600000, 0x00000000ec700000, 0x00000000ec700000|100%| E|CS|TAMS 0x00000000ec600000, 0x00000000ec600000| Complete 
| 199|0x00000000ec700000, 0x00000000ec800000, 0x00000000ec800000|100%| E|CS|TAMS 0x00000000ec700000, 0x00000000ec700000| Complete 
| 200|0x00000000ec800000, 0x00000000ec900000, 0x00000000ec900000|100%| E|CS|TAMS 0x00000000ec800000, 0x00000000ec800000| Complete 
| 201|0x00000000ec900000, 0x00000000eca00000, 0x00000000eca00000|100%| E|CS|TAMS 0x00000000ec900000, 0x00000000ec900000| Complete 
| 202|0x00000000eca00000, 0x00000000ecb00000, 0x00000000ecb00000|100%| E|CS|TAMS 0x00000000eca00000, 0x00000000eca00000| Complete 
| 203|0x00000000ecb00000, 0x00000000ecc00000, 0x00000000ecc00000|100%| E|CS|TAMS 0x00000000ecb00000, 0x00000000ecb00000| Complete 
| 204|0x00000000ecc00000, 0x00000000ecd00000, 0x00000000ecd00000|100%| E|CS|TAMS 0x00000000ecc00000, 0x00000000ecc00000| Complete 
| 205|0x00000000ecd00000, 0x00000000ece00000, 0x00000000ece00000|100%| E|CS|TAMS 0x00000000ecd00000, 0x00000000ecd00000| Complete 
| 206|0x00000000ece00000, 0x00000000ecf00000, 0x00000000ecf00000|100%| E|CS|TAMS 0x00000000ece00000, 0x00000000ece00000| Complete 
| 207|0x00000000ecf00000, 0x00000000ed000000, 0x00000000ed000000|100%| E|CS|TAMS 0x00000000ecf00000, 0x00000000ecf00000| Complete 
| 208|0x00000000ed000000, 0x00000000ed100000, 0x00000000ed100000|100%| E|CS|TAMS 0x00000000ed000000, 0x00000000ed000000| Complete 
| 209|0x00000000ed100000, 0x00000000ed200000, 0x00000000ed200000|100%| E|CS|TAMS 0x00000000ed100000, 0x00000000ed100000| Complete 
| 210|0x00000000ed200000, 0x00000000ed300000, 0x00000000ed300000|100%| E|CS|TAMS 0x00000000ed200000, 0x00000000ed200000| Complete 
| 211|0x00000000ed300000, 0x00000000ed400000, 0x00000000ed400000|100%| E|CS|TAMS 0x00000000ed300000, 0x00000000ed300000| Complete 
| 212|0x00000000ed400000, 0x00000000ed500000, 0x00000000ed500000|100%| E|CS|TAMS 0x00000000ed400000, 0x00000000ed400000| Complete 
| 213|0x00000000ed500000, 0x00000000ed600000, 0x00000000ed600000|100%| E|CS|TAMS 0x00000000ed500000, 0x00000000ed500000| Complete 
| 214|0x00000000ed600000, 0x00000000ed700000, 0x00000000ed700000|100%| E|CS|TAMS 0x00000000ed600000, 0x00000000ed600000| Complete 
| 215|0x00000000ed700000, 0x00000000ed800000, 0x00000000ed800000|100%| E|CS|TAMS 0x00000000ed700000, 0x00000000ed700000| Complete 
| 216|0x00000000ed800000, 0x00000000ed900000, 0x00000000ed900000|100%| E|CS|TAMS 0x00000000ed800000, 0x00000000ed800000| Complete 
| 217|0x00000000ed900000, 0x00000000eda00000, 0x00000000eda00000|100%| E|  |TAMS 0x00000000ed900000, 0x00000000ed900000| Complete 
| 218|0x00000000eda00000, 0x00000000edb00000, 0x00000000edb00000|100%| E|CS|TAMS 0x00000000eda00000, 0x00000000eda00000| Complete 
| 219|0x00000000edb00000, 0x00000000edc00000, 0x00000000edc00000|100%| E|CS|TAMS 0x00000000edb00000, 0x00000000edb00000| Complete 
| 220|0x00000000edc00000, 0x00000000edd00000, 0x00000000edd00000|100%| E|CS|TAMS 0x00000000edc00000, 0x00000000edc00000| Complete 
| 221|0x00000000edd00000, 0x00000000ede00000, 0x00000000ede00000|100%| E|CS|TAMS 0x00000000edd00000, 0x00000000edd00000| Complete 
| 222|0x00000000ede00000, 0x00000000edf00000, 0x00000000edf00000|100%| E|CS|TAMS 0x00000000ede00000, 0x00000000ede00000| Complete 
| 223|0x00000000edf00000, 0x00000000ee000000, 0x00000000ee000000|100%| E|CS|TAMS 0x00000000edf00000, 0x00000000edf00000| Complete 
| 224|0x00000000ee000000, 0x00000000ee100000, 0x00000000ee100000|100%| E|CS|TAMS 0x00000000ee000000, 0x00000000ee000000| Complete 
| 225|0x00000000ee100000, 0x00000000ee200000, 0x00000000ee200000|100%| E|CS|TAMS 0x00000000ee100000, 0x00000000ee100000| Complete 
| 226|0x00000000ee200000, 0x00000000ee300000, 0x00000000ee300000|100%| E|CS|TAMS 0x00000000ee200000, 0x00000000ee200000| Complete 
| 227|0x00000000ee300000, 0x00000000ee400000, 0x00000000ee400000|100%| E|CS|TAMS 0x00000000ee300000, 0x00000000ee300000| Complete 
| 228|0x00000000ee400000, 0x00000000ee500000, 0x00000000ee500000|100%| E|CS|TAMS 0x00000000ee400000, 0x00000000ee400000| Complete 
| 229|0x00000000ee500000, 0x00000000ee600000, 0x00000000ee600000|100%| E|CS|TAMS 0x00000000ee500000, 0x00000000ee500000| Complete 
| 230|0x00000000ee600000, 0x00000000ee700000, 0x00000000ee700000|100%| E|CS|TAMS 0x00000000ee600000, 0x00000000ee600000| Complete 
| 231|0x00000000ee700000, 0x00000000ee800000, 0x00000000ee800000|100%| E|CS|TAMS 0x00000000ee700000, 0x00000000ee700000| Complete 
| 232|0x00000000ee800000, 0x00000000ee900000, 0x00000000ee900000|100%| E|CS|TAMS 0x00000000ee800000, 0x00000000ee800000| Complete 
| 233|0x00000000ee900000, 0x00000000eea00000, 0x00000000eea00000|100%| E|CS|TAMS 0x00000000ee900000, 0x00000000ee900000| Complete 
| 234|0x00000000eea00000, 0x00000000eeb00000, 0x00000000eeb00000|100%| E|CS|TAMS 0x00000000eea00000, 0x00000000eea00000| Complete 
| 235|0x00000000eeb00000, 0x00000000eec00000, 0x00000000eec00000|100%| E|CS|TAMS 0x00000000eeb00000, 0x00000000eeb00000| Complete 
| 236|0x00000000eec00000, 0x00000000eed00000, 0x00000000eed00000|100%| E|CS|TAMS 0x00000000eec00000, 0x00000000eec00000| Complete 
| 237|0x00000000eed00000, 0x00000000eee00000, 0x00000000eee00000|100%| E|CS|TAMS 0x00000000eed00000, 0x00000000eed00000| Complete 
| 238|0x00000000eee00000, 0x00000000eef00000, 0x00000000eef00000|100%| E|CS|TAMS 0x00000000eee00000, 0x00000000eee00000| Complete 
| 239|0x00000000eef00000, 0x00000000ef000000, 0x00000000ef000000|100%| E|CS|TAMS 0x00000000eef00000, 0x00000000eef00000| Complete 
| 240|0x00000000ef000000, 0x00000000ef100000, 0x00000000ef100000|100%| E|CS|TAMS 0x00000000ef000000, 0x00000000ef000000| Complete 
| 241|0x00000000ef100000, 0x00000000ef200000, 0x00000000ef200000|100%| E|CS|TAMS 0x00000000ef100000, 0x00000000ef100000| Complete 
| 242|0x00000000ef200000, 0x00000000ef300000, 0x00000000ef300000|100%| E|CS|TAMS 0x00000000ef200000, 0x00000000ef200000| Complete 
| 243|0x00000000ef300000, 0x00000000ef400000, 0x00000000ef400000|100%| E|CS|TAMS 0x00000000ef300000, 0x00000000ef300000| Complete 
| 244|0x00000000ef400000, 0x00000000ef500000, 0x00000000ef500000|100%| E|CS|TAMS 0x00000000ef400000, 0x00000000ef400000| Complete 
| 245|0x00000000ef500000, 0x00000000ef600000, 0x00000000ef600000|100%| E|CS|TAMS 0x00000000ef500000, 0x00000000ef500000| Complete 
| 246|0x00000000ef600000, 0x00000000ef700000, 0x00000000ef700000|100%| E|CS|TAMS 0x00000000ef600000, 0x00000000ef600000| Complete 
| 247|0x00000000ef700000, 0x00000000ef800000, 0x00000000ef800000|100%| E|CS|TAMS 0x00000000ef700000, 0x00000000ef700000| Complete 
| 248|0x00000000ef800000, 0x00000000ef900000, 0x00000000ef900000|100%| E|CS|TAMS 0x00000000ef800000, 0x00000000ef800000| Complete 
| 249|0x00000000ef900000, 0x00000000efa00000, 0x00000000efa00000|100%| E|CS|TAMS 0x00000000ef900000, 0x00000000ef900000| Complete 
| 250|0x00000000efa00000, 0x00000000efb00000, 0x00000000efb00000|100%| E|CS|TAMS 0x00000000efa00000, 0x00000000efa00000| Complete 
| 251|0x00000000efb00000, 0x00000000efc00000, 0x00000000efc00000|100%| E|CS|TAMS 0x00000000efb00000, 0x00000000efb00000| Complete 
| 252|0x00000000efc00000, 0x00000000efd00000, 0x00000000efd00000|100%| E|CS|TAMS 0x00000000efc00000, 0x00000000efc00000| Complete 
| 253|0x00000000efd00000, 0x00000000efe00000, 0x00000000efe00000|100%| E|CS|TAMS 0x00000000efd00000, 0x00000000efd00000| Complete 
| 254|0x00000000efe00000, 0x00000000eff00000, 0x00000000eff00000|100%| E|CS|TAMS 0x00000000efe00000, 0x00000000efe00000| Complete 
| 255|0x00000000eff00000, 0x00000000f0000000, 0x00000000f0000000|100%| E|CS|TAMS 0x00000000eff00000, 0x00000000eff00000| Complete 

Card table byte_map: [0x00000187ca770000,0x00000187ca870000] _byte_map_base: 0x00000187ca070000

Marking Bits (Prev, Next): (CMBitMap*) 0x00000187b3f02300, (CMBitMap*) 0x00000187b3f022c0
 Prev Bits: [0x00000187cb170000, 0x00000187cb970000)
 Next Bits: [0x00000187ca970000, 0x00000187cb170000)

Polling page: 0x00000187b1d00000

Metaspace:

Usage:
  Non-class:     28.51 MB used.
      Class:      4.56 MB used.
       Both:     33.07 MB used.

Virtual space:
  Non-class space:       64.00 MB reserved,      28.69 MB ( 45%) committed,  1 nodes.
      Class space:      208.00 MB reserved,       4.69 MB (  2%) committed,  1 nodes.
             Both:      272.00 MB reserved,      33.38 MB ( 12%) committed. 

Chunk freelists:
   Non-Class:  3.27 MB
       Class:  11.14 MB
        Both:  14.41 MB

MaxMetaspaceSize: 256.00 MB
CompressedClassSpaceSize: 208.00 MB
Initial GC threshold: 21.00 MB
Current GC threshold: 35.25 MB
CDS: on
MetaspaceReclaimPolicy: balanced
 - commit_granule_bytes: 65536.
 - commit_granule_words: 8192.
 - virtual_space_node_default_size: 8388608.
 - enlarge_chunks_in_place: 1.
 - new_chunks_are_fully_committed: 0.
 - uncommit_free_chunks: 1.
 - use_allocation_guard: 0.
 - handle_deallocations: 1.


Internal statistics:

num_allocs_failed_limit: 3.
num_arena_births: 272.
num_arena_deaths: 0.
num_vsnodes_births: 2.
num_vsnodes_deaths: 0.
num_space_committed: 534.
num_space_uncommitted: 0.
num_chunks_returned_to_freelist: 3.
num_chunks_taken_from_freelist: 1472.
num_chunk_merges: 3.
num_chunk_splits: 1021.
num_chunks_enlarged: 751.
num_purges: 0.
num_inconsistent_stats: 0.

CodeHeap 'non-profiled nmethods': size=120000Kb used=1841Kb max_used=1841Kb free=118158Kb
 bounds [0x00000187c3240000, 0x00000187c34b0000, 0x00000187ca770000]
CodeHeap 'profiled nmethods': size=120000Kb used=6954Kb max_used=6954Kb free=113045Kb
 bounds [0x00000187bb770000, 0x00000187bbe40000, 0x00000187c2ca0000]
CodeHeap 'non-nmethods': size=5760Kb used=2291Kb max_used=2323Kb free=3468Kb
 bounds [0x00000187c2ca0000, 0x00000187c2f10000, 0x00000187c3240000]
 total_blobs=4064 nmethods=3266 adapters=710
 compilation: enabled
              stopped_count=0, restarted_count=0
 full_count=0

Compilation events (20 events):
Event: 7.797 Thread 0x00000187cdf59890 3232       1       java.lang.invoke.MethodHandle::internalForm (5 bytes)
Event: 7.797 Thread 0x00000187cdf59890 nmethod 3232 0x00000187c3403a90 code [0x00000187c3403c20, 0x00000187c3403cf8]
Event: 7.801 Thread 0x00000187cdf59890 3233       3       java.lang.Long::valueOf (40 bytes)
Event: 7.801 Thread 0x00000187cdf59890 nmethod 3233 0x00000187bbe26710 code [0x00000187bbe268c0, 0x00000187bbe26c18]
Event: 7.826 Thread 0x00000187cdf59890 3234       3       java.util.concurrent.locks.AbstractQueuedSynchronizer$Node::setStatusRelaxed (12 bytes)
Event: 7.826 Thread 0x00000187cdf59890 nmethod 3234 0x00000187bbe26d90 code [0x00000187bbe26f20, 0x00000187bbe27038]
Event: 7.878 Thread 0x00000187cdf59890 3236       3       java.io.WinNTFileSystem::resolve (275 bytes)
Event: 7.883 Thread 0x00000187cdf59890 nmethod 3236 0x00000187bbe27110 code [0x00000187bbe27660, 0x00000187bbe2a5b8]
Event: 7.886 Thread 0x00000187cdf59890 3237   !   3       org.gradle.internal.serialize.kryo.KryoBackedDecoder::readNullableString (15 bytes)
Event: 7.886 Thread 0x00000187cdf59890 nmethod 3237 0x00000187bbe2b810 code [0x00000187bbe2ba20, 0x00000187bbe2c008]
Event: 7.886 Thread 0x00000187cdf59890 3238       3       com.esotericsoftware.kryo.io.Input::readString (127 bytes)
Event: 7.887 Thread 0x00000187cdf59890 nmethod 3238 0x00000187bbe2c290 code [0x00000187bbe2c4c0, 0x00000187bbe2cab8]
Event: 7.887 Thread 0x00000187cdf59890 3239       3       com.esotericsoftware.kryo.io.Input::readUtf8Length (139 bytes)
Event: 7.887 Thread 0x00000187cdf59890 nmethod 3239 0x00000187bbe2cc90 code [0x00000187bbe2ce40, 0x00000187bbe2d1b8]
Event: 7.904 Thread 0x00000187cdf59890 3240       3       org.gradle.internal.serialize.kryo.KryoBackedDecoder::readString (5 bytes)
Event: 7.905 Thread 0x00000187cdf59890 nmethod 3240 0x00000187bbe2d310 code [0x00000187bbe2d520, 0x00000187bbe2db68]
Event: 7.928 Thread 0x00000187cdf59890 3241       3       java.lang.invoke.MethodHandles$Lookup::resolveOrFail (48 bytes)
Event: 7.929 Thread 0x00000187cdf59890 nmethod 3241 0x00000187bbe2de10 code [0x00000187bbe2e040, 0x00000187bbe2e6e8]
Event: 7.929 Thread 0x00000187cdf59890 3242       3       java.lang.invoke.MethodHandles$Lookup::checkMethodName (45 bytes)
Event: 7.929 Thread 0x00000187cdf59890 nmethod 3242 0x00000187bbe2e990 code [0x00000187bbe2ebe0, 0x00000187bbe2f328]

GC Heap History (8 events):
Event: 0.688 GC heap before
{Heap before GC invocations=0 (full 0):
 garbage-first heap   total 262144K, used 18432K [0x00000000e0000000, 0x0000000100000000)
  region size 1024K, 13 young (13312K), 0 survivors (0K)
 Metaspace       used 1467K, committed 1600K, reserved 278528K
  class space    used 142K, committed 192K, reserved 212992K
}
Event: 0.693 GC heap after
{Heap after GC invocations=1 (full 0):
 garbage-first heap   total 262144K, used 8071K [0x00000000e0000000, 0x0000000100000000)
  region size 1024K, 2 young (2048K), 2 survivors (2048K)
 Metaspace       used 1467K, committed 1600K, reserved 278528K
  class space    used 142K, committed 192K, reserved 212992K
}
Event: 1.347 GC heap before
{Heap before GC invocations=1 (full 0):
 garbage-first heap   total 262144K, used 20359K [0x00000000e0000000, 0x0000000100000000)
  region size 1024K, 14 young (14336K), 2 survivors (2048K)
 Metaspace       used 3608K, committed 3776K, reserved 278528K
  class space    used 454K, committed 576K, reserved 212992K
}
Event: 1.351 GC heap after
{Heap after GC invocations=2 (full 0):
 garbage-first heap   total 262144K, used 8922K [0x00000000e0000000, 0x0000000100000000)
  region size 1024K, 1 young (1024K), 1 survivors (1024K)
 Metaspace       used 3608K, committed 3776K, reserved 278528K
  class space    used 454K, committed 576K, reserved 212992K
}
Event: 2.221 GC heap before
{Heap before GC invocations=2 (full 0):
 garbage-first heap   total 262144K, used 35546K [0x00000000e0000000, 0x0000000100000000)
  region size 1024K, 28 young (28672K), 1 survivors (1024K)
 Metaspace       used 4036K, committed 4224K, reserved 278528K
  class space    used 531K, committed 640K, reserved 212992K
}
Event: 2.226 GC heap after
{Heap after GC invocations=3 (full 0):
 garbage-first heap   total 262144K, used 13464K [0x00000000e0000000, 0x0000000100000000)
  region size 1024K, 4 young (4096K), 4 survivors (4096K)
 Metaspace       used 4036K, committed 4224K, reserved 278528K
  class space    used 531K, committed 640K, reserved 212992K
}
Event: 5.840 GC heap before
{Heap before GC invocations=3 (full 0):
 garbage-first heap   total 262144K, used 103576K [0x00000000e0000000, 0x0000000100000000)
  region size 1024K, 93 young (95232K), 4 survivors (4096K)
 Metaspace       used 21172K, committed 21504K, reserved 278528K
  class space    used 3160K, committed 3328K, reserved 212992K
}
Event: 5.856 GC heap after
{Heap after GC invocations=4 (full 0):
 garbage-first heap   total 262144K, used 20066K [0x00000000e0000000, 0x0000000100000000)
  region size 1024K, 11 young (11264K), 11 survivors (11264K)
 Metaspace       used 21172K, committed 21504K, reserved 278528K
  class space    used 3160K, committed 3328K, reserved 212992K
}

Deoptimization events (20 events):
Event: 6.991 Thread 0x00000187e212d510 DEOPT PACKING pc=0x00000187c33c9db8 sp=0x00000027b1cf99f0
Event: 6.991 Thread 0x00000187e212d510 DEOPT UNPACKING pc=0x00000187c2cf23a3 sp=0x00000027b1cf9948 mode 2
Event: 7.025 Thread 0x00000187e212d510 Uncommon trap: trap_request=0xffffff45 fr.pc=0x00000187c3387d68 relative=0x00000000000000e8
Event: 7.025 Thread 0x00000187e212d510 Uncommon trap: reason=unstable_if action=reinterpret pc=0x00000187c3387d68 method=org.objectweb.asm.ByteVector.putShort(I)Lorg/objectweb/asm/ByteVector; @ 13 c2
Event: 7.025 Thread 0x00000187e212d510 DEOPT PACKING pc=0x00000187c3387d68 sp=0x00000027b1cf9780
Event: 7.025 Thread 0x00000187e212d510 DEOPT UNPACKING pc=0x00000187c2cf23a3 sp=0x00000027b1cf9718 mode 2
Event: 7.290 Thread 0x00000187e212d510 Uncommon trap: trap_request=0xffffff76 fr.pc=0x00000187c3357170 relative=0x0000000000000230
Event: 7.290 Thread 0x00000187e212d510 Uncommon trap: reason=predicate action=maybe_recompile pc=0x00000187c3357170 method=com.google.common.base.CharMatcher.indexIn(Ljava/lang/CharSequence;I)I @ 19 c2
Event: 7.290 Thread 0x00000187e212d510 DEOPT PACKING pc=0x00000187c3357170 sp=0x00000027b1cf85d0
Event: 7.290 Thread 0x00000187e212d510 DEOPT UNPACKING pc=0x00000187c2cf23a3 sp=0x00000027b1cf8568 mode 2
Event: 7.514 Thread 0x00000187e212d510 Uncommon trap: trap_request=0xffffff45 fr.pc=0x00000187c32882b4 relative=0x0000000000000114
Event: 7.514 Thread 0x00000187e212d510 Uncommon trap: reason=unstable_if action=reinterpret pc=0x00000187c32882b4 method=java.net.URI.match(CJJ)Z @ 45 c2
Event: 7.514 Thread 0x00000187e212d510 DEOPT PACKING pc=0x00000187c32882b4 sp=0x00000027b1cf8ff0
Event: 7.515 Thread 0x00000187e212d510 DEOPT UNPACKING pc=0x00000187c2cf23a3 sp=0x00000027b1cf8f28 mode 2
Event: 7.515 Thread 0x00000187e212d510 Uncommon trap: trap_request=0xffffff45 fr.pc=0x00000187c325e2c8 relative=0x0000000000000048
Event: 7.515 Thread 0x00000187e212d510 Uncommon trap: reason=unstable_if action=reinterpret pc=0x00000187c325e2c8 method=java.net.URI.match(CJJ)Z @ 19 c2
Event: 7.515 Thread 0x00000187e212d510 DEOPT PACKING pc=0x00000187c325e2c8 sp=0x00000027b1cf9000
Event: 7.515 Thread 0x00000187e212d510 DEOPT UNPACKING pc=0x00000187c2cf23a3 sp=0x00000027b1cf8fb0 mode 2
Event: 7.652 Thread 0x00000187e212d510 DEOPT PACKING pc=0x00000187bb9680e8 sp=0x00000027b1cf7b40
Event: 7.652 Thread 0x00000187e212d510 DEOPT UNPACKING pc=0x00000187c2cf2b43 sp=0x00000027b1cf6fd0 mode 0

Classes unloaded (0 events):
No events

Classes redefined (0 events):
No events

Internal exceptions (20 events):
Event: 7.147 Thread 0x00000187e212d510 Exception <a 'java/lang/ClassNotFoundException'{0x00000000eda25da8}: build_7o86p7wgz0mecsyxqpml83hxgBeanInfo> (0x00000000eda25da8) 
thrown [s\open\src\hotspot\share\classfile\systemDictionary.cpp, line 256]
Event: 7.147 Thread 0x00000187e212d510 Exception <a 'java/lang/ClassNotFoundException'{0x00000000eda2dee0}: org/gradle/api/internal/project/ProjectScriptBeanInfo> (0x00000000eda2dee0) 
thrown [s\open\src\hotspot\share\classfile\systemDictionary.cpp, line 256]
Event: 7.148 Thread 0x00000187e212d510 Exception <a 'java/lang/ClassNotFoundException'{0x00000000eda36068}: org/gradle/api/internal/project/ProjectScriptCustomizer> (0x00000000eda36068) 
thrown [s\open\src\hotspot\share\classfile\systemDictionary.cpp, line 256]
Event: 7.149 Thread 0x00000187e212d510 Exception <a 'java/lang/ClassNotFoundException'{0x00000000eda4c4e0}: build_7o86p7wgz0mecsyxqpml83hxgCustomizer> (0x00000000eda4c4e0) 
thrown [s\open\src\hotspot\share\classfile\systemDictionary.cpp, line 256]
Event: 7.158 Thread 0x00000187e212d510 Exception <a 'java/lang/ClassNotFoundException'{0x00000000eda8ac68}: groovy/lang/Closure$1BeanInfo> (0x00000000eda8ac68) 
thrown [s\open\src\hotspot\share\classfile\systemDictionary.cpp, line 256]
Event: 7.158 Thread 0x00000187e212d510 Exception <a 'java/lang/ClassNotFoundException'{0x00000000eda971a0}: groovy/lang/ClosureBeanInfo> (0x00000000eda971a0) 
thrown [s\open\src\hotspot\share\classfile\systemDictionary.cpp, line 256]
Event: 7.159 Thread 0x00000187e212d510 Exception <a 'java/lang/ClassNotFoundException'{0x00000000edaa3720}: groovy/lang/ClosureCustomizer> (0x00000000edaa3720) 
thrown [s\open\src\hotspot\share\classfile\systemDictionary.cpp, line 256]
Event: 7.162 Thread 0x00000187e212d510 Exception <a 'java/lang/ClassNotFoundException'{0x00000000edacefb8}: groovy/lang/Closure$1Customizer> (0x00000000edacefb8) 
thrown [s\open\src\hotspot\share\classfile\systemDictionary.cpp, line 256]
Event: 7.274 Thread 0x00000187e212d510 Exception <a 'java/lang/ClassNotFoundException'{0x00000000ed6e84c0}: org/gradle/internal/metaobject/ConfigureDelegateBeanInfo> (0x00000000ed6e84c0) 
thrown [s\open\src\hotspot\share\classfile\systemDictionary.cpp, line 256]
Event: 7.275 Thread 0x00000187e212d510 Exception <a 'java/lang/ClassNotFoundException'{0x00000000ed6f4ea8}: org/gradle/internal/metaobject/ConfigureDelegateCustomizer> (0x00000000ed6f4ea8) 
thrown [s\open\src\hotspot\share\classfile\systemDictionary.cpp, line 256]
Event: 7.281 Thread 0x00000187e212d510 Exception <a 'java/lang/ClassNotFoundException'{0x00000000ed51fe80}: org/gradle/plugin/use/internal/PluginRequestCollector$PluginDependenciesSpecImplBeanInfo> (0x00000000ed51fe80) 
thrown [s\open\src\hotspot\share\classfile\systemDictionary.cpp, line 256]
Event: 7.283 Thread 0x00000187e212d510 Exception <a 'java/lang/ClassNotFoundException'{0x00000000ed52dc78}: org/gradle/plugin/use/internal/PluginRequestCollector$PluginDependenciesSpecImplCustomizer> (0x00000000ed52dc78) 
thrown [s\open\src\hotspot\share\classfile\systemDictionary.cpp, line 256]
Event: 7.294 Thread 0x00000187e212d510 Exception <a 'java/lang/ClassNotFoundException'{0x00000000ed55fae0}: org/gradle/plugin/use/internal/PluginRequestCollector$PluginDependencySpecImplBeanInfo> (0x00000000ed55fae0) 
thrown [s\open\src\hotspot\share\classfile\systemDictionary.cpp, line 256]
Event: 7.295 Thread 0x00000187e212d510 Exception <a 'java/lang/ClassNotFoundException'{0x00000000ed56c888}: org/gradle/plugin/use/internal/PluginRequestCollector$PluginDependencySpecImplCustomizer> (0x00000000ed56c888) 
thrown [s\open\src\hotspot\share\classfile\systemDictionary.cpp, line 256]
Event: 7.364 Thread 0x00000187e212d510 Exception <a 'java/lang/NoSuchMethodError'{0x00000000ed3f2708}: 'int java.lang.invoke.DirectMethodHandle$Holder.invokeStaticInit(java.lang.Object, java.lang.Object, java.lang.Object, java.lang.Object)'> (0x00000000ed3f2708) 
thrown [s\open\src\hotspot\share\interpreter\linkResolver.cpp, line 759]
Event: 7.586 Thread 0x00000187e212d510 Exception <a 'java/lang/NoSuchMethodError'{0x00000000ecc4c4c8}: 'java.lang.Object java.lang.invoke.DirectMethodHandle$Holder.newInvokeSpecial(java.lang.Object, int, java.lang.Object)'> (0x00000000ecc4c4c8) 
thrown [s\open\src\hotspot\share\interpreter\linkResolver.cpp, line 759]
Event: 7.781 Thread 0x00000187e212d510 Exception <a 'java/lang/NoSuchMethodError'{0x00000000ec686540}: 'java.lang.Object java.lang.invoke.DirectMethodHandle$Holder.invokeSpecial(java.lang.Object, java.lang.Object, java.lang.Object, int, java.lang.Object)'> (0x00000000ec686540) 
thrown [s\open\src\hotspot\share\interpreter\linkResolver.cpp, line 759]
Event: 7.793 Thread 0x00000187e212d510 Exception <a 'java/lang/NoSuchMethodError'{0x00000000ec6b3648}: 'int java.lang.invoke.DirectMethodHandle$Holder.invokeInterface(java.lang.Object, java.lang.Object)'> (0x00000000ec6b3648) 
thrown [s\open\src\hotspot\share\interpreter\linkResolver.cpp, line 759]
Event: 7.793 Thread 0x00000187e212d510 Exception <a 'java/lang/IncompatibleClassChangeError'{0x00000000ec6b7920}: Found class java.lang.Object, but interface was expected> (0x00000000ec6b7920) 
thrown [s\open\src\hotspot\share\interpreter\linkResolver.cpp, line 826]
Event: 7.794 Thread 0x00000187e212d510 Exception <a 'java/lang/NoSuchMethodError'{0x00000000ec6bf018}: 'int java.lang.invoke.DirectMethodHandle$Holder.invokeSpecialIFC(java.lang.Object, java.lang.Object, java.lang.Object, java.lang.Object, java.lang.Object)'> (0x00000000ec6bf018) 
thrown [s\open\src\hotspot\share\interpreter\linkResolver.cpp, line 759]

VM Operations (20 events):
Event: 5.876 Executing VM operation: G1Concurrent
Event: 5.876 Executing VM operation: G1Concurrent done
Event: 5.908 Executing VM operation: HandshakeAllThreads
Event: 5.908 Executing VM operation: HandshakeAllThreads done
Event: 6.156 Executing VM operation: HandshakeAllThreads
Event: 6.157 Executing VM operation: HandshakeAllThreads done
Event: 6.459 Executing VM operation: HandshakeAllThreads
Event: 6.459 Executing VM operation: HandshakeAllThreads done
Event: 6.499 Executing VM operation: HandshakeAllThreads
Event: 6.499 Executing VM operation: HandshakeAllThreads done
Event: 6.562 Executing VM operation: ICBufferFull
Event: 6.562 Executing VM operation: ICBufferFull done
Event: 6.790 Executing VM operation: HandshakeAllThreads
Event: 6.790 Executing VM operation: HandshakeAllThreads done
Event: 6.837 Executing VM operation: HandshakeAllThreads
Event: 6.837 Executing VM operation: HandshakeAllThreads done
Event: 6.997 Executing VM operation: HandshakeAllThreads
Event: 6.998 Executing VM operation: HandshakeAllThreads done
Event: 7.496 Executing VM operation: ICBufferFull
Event: 7.496 Executing VM operation: ICBufferFull done

Events (20 events):
Event: 7.646 loading class javax/net/ssl/X509TrustManager
Event: 7.646 loading class javax/net/ssl/X509TrustManager done
Event: 7.650 loading class javax/net/ssl/SSLException
Event: 7.650 loading class javax/net/ssl/SSLException done
Event: 7.650 loading class javax/net/ssl/SSLPeerUnverifiedException
Event: 7.650 loading class javax/net/ssl/SSLPeerUnverifiedException done
Event: 7.650 loading class java/security/cert/CertificateParsingException
Event: 7.651 loading class java/security/cert/CertificateException
Event: 7.651 loading class java/security/cert/CertificateException done
Event: 7.651 loading class java/security/cert/CertificateParsingException done
Event: 7.651 loading class javax/naming/NamingException
Event: 7.651 loading class javax/naming/NamingException done
Event: 7.651 loading class javax/naming/InvalidNameException
Event: 7.651 loading class javax/naming/InvalidNameException done
Event: 7.791 loading class java/util/Collections$ReverseComparator
Event: 7.791 loading class java/util/Collections$ReverseComparator done
Event: 7.791 loading class java/util/Comparators$NaturalOrderComparator
Event: 7.792 loading class java/util/Comparators$NaturalOrderComparator done
Event: 7.792 loading class java/util/Collections$ReverseComparator2
Event: 7.792 loading class java/util/Collections$ReverseComparator2 done


Dynamic libraries:
0x00007ff707340000 - 0x00007ff707350000 	C:\Program Files\Java\jdk-17\bin\java.exe
0x00007ffd2f920000 - 0x00007ffd2fb01000 	C:\Windows\SYSTEM32\ntdll.dll
0x00007ffd2eb30000 - 0x00007ffd2ebe1000 	C:\Windows\System32\KERNEL32.DLL
0x00007ffd2c7b0000 - 0x00007ffd2ca23000 	C:\Windows\System32\KERNELBASE.dll
0x00007ffd2bed0000 - 0x00007ffd2bfc8000 	C:\Windows\System32\ucrtbase.dll
0x00007ffd1c1f0000 - 0x00007ffd1c209000 	C:\Program Files\Java\jdk-17\bin\jli.dll
0x00007ffd18150000 - 0x00007ffd1816b000 	C:\Program Files\Java\jdk-17\bin\VCRUNTIME140.dll
0x00007ffd2ed60000 - 0x00007ffd2ee01000 	C:\Windows\System32\ADVAPI32.dll
0x00007ffd2f0a0000 - 0x00007ffd2f13e000 	C:\Windows\System32\msvcrt.dll
0x00007ffd2ed00000 - 0x00007ffd2ed5b000 	C:\Windows\System32\sechost.dll
0x00007ffd2ee10000 - 0x00007ffd2ef34000 	C:\Windows\System32\RPCRT4.dll
0x00007ffd2f600000 - 0x00007ffd2f790000 	C:\Windows\System32\USER32.dll
0x00007ffd23750000 - 0x00007ffd239b9000 	C:\Windows\WinSxS\amd64_microsoft.windows.common-controls_6595b64144ccf1df_6.0.17134.1246_none_d3ffb9d77c90723d\COMCTL32.dll
0x00007ffd2c790000 - 0x00007ffd2c7b0000 	C:\Windows\System32\win32u.dll
0x00007ffd2ea60000 - 0x00007ffd2ea88000 	C:\Windows\System32\GDI32.dll
0x00007ffd2d260000 - 0x00007ffd2d581000 	C:\Windows\System32\combase.dll
0x00007ffd2cad0000 - 0x00007ffd2cc61000 	C:\Windows\System32\gdi32full.dll
0x00007ffd2cc70000 - 0x00007ffd2cce9000 	C:\Windows\System32\bcryptPrimitives.dll
0x00007ffd2ca30000 - 0x00007ffd2cacf000 	C:\Windows\System32\msvcp_win.dll
0x00007ffd239c0000 - 0x00007ffd239ca000 	C:\Windows\SYSTEM32\VERSION.dll
0x00007ffd2f8c0000 - 0x00007ffd2f8ed000 	C:\Windows\System32\IMM32.DLL
0x00007ffd1f720000 - 0x00007ffd1f72c000 	C:\Program Files\Java\jdk-17\bin\vcruntime140_1.dll
0x00007ffd14070000 - 0x00007ffd140fe000 	C:\Program Files\Java\jdk-17\bin\msvcp140.dll
0x00007ffcd89d0000 - 0x00007ffcd95ae000 	C:\Program Files\Java\jdk-17\bin\server\jvm.dll
0x00007ffd2d250000 - 0x00007ffd2d258000 	C:\Windows\System32\PSAPI.DLL
0x00007ffd1c950000 - 0x00007ffd1c973000 	C:\Windows\SYSTEM32\WINMM.dll
0x00007ffd1c910000 - 0x00007ffd1c919000 	C:\Windows\SYSTEM32\WSOCK32.dll
0x00007ffd2f590000 - 0x00007ffd2f5fc000 	C:\Windows\System32\WS2_32.dll
0x00007ffd1c920000 - 0x00007ffd1c94a000 	C:\Windows\SYSTEM32\WINMMBASE.dll
0x00007ffd2ccf0000 - 0x00007ffd2cd39000 	C:\Windows\System32\cfgmgr32.dll
0x00007ffd2bc80000 - 0x00007ffd2bc91000 	C:\Windows\System32\kernel.appcore.dll
0x00007ffd1c3c0000 - 0x00007ffd1c3ca000 	C:\Program Files\Java\jdk-17\bin\jimage.dll
0x00007ffd2a740000 - 0x00007ffd2a909000 	C:\Windows\SYSTEM32\DBGHELP.DLL
0x00007ffd20820000 - 0x00007ffd20849000 	C:\Windows\SYSTEM32\dbgcore.DLL
0x00007ffd18120000 - 0x00007ffd18145000 	C:\Program Files\Java\jdk-17\bin\java.dll
0x00007ffd07ac0000 - 0x00007ffd07b97000 	C:\Program Files\Java\jdk-17\bin\jsvml.dll
0x00007ffd2d610000 - 0x00007ffd2ea55000 	C:\Windows\System32\SHELL32.dll
0x00007ffd2ebf0000 - 0x00007ffd2ec99000 	C:\Windows\System32\shcore.dll
0x00007ffd2c080000 - 0x00007ffd2c790000 	C:\Windows\System32\windows.storage.dll
0x00007ffd2cda0000 - 0x00007ffd2cdf1000 	C:\Windows\System32\shlwapi.dll
0x00007ffd2bcc0000 - 0x00007ffd2bcdf000 	C:\Windows\System32\profapi.dll
0x00007ffd2bc30000 - 0x00007ffd2bc7c000 	C:\Windows\System32\powrprof.dll
0x00007ffd2bc20000 - 0x00007ffd2bc2a000 	C:\Windows\System32\FLTLIB.DLL
0x00007ffd17d20000 - 0x00007ffd17d39000 	C:\Program Files\Java\jdk-17\bin\net.dll
0x00007ffd26da0000 - 0x00007ffd26e7d000 	C:\Windows\SYSTEM32\WINHTTP.dll
0x00007ffd2b4a0000 - 0x00007ffd2b506000 	C:\Windows\system32\mswsock.dll
0x00007ffd17d00000 - 0x00007ffd17d16000 	C:\Program Files\Java\jdk-17\bin\nio.dll
0x00007ffd17ce0000 - 0x00007ffd17cf8000 	C:\Program Files\Java\jdk-17\bin\zip.dll
0x00007ffd1c340000 - 0x00007ffd1c350000 	C:\Program Files\Java\jdk-17\bin\verify.dll
0x00007ffd15230000 - 0x00007ffd15257000 	C:\Users\ITU\.gradle\native\49d0259a56938c7f99b2704e745ce422c4f750a7a20b539a32ccef96729676b1\windows-amd64\native-platform.dll
0x00007ffd006c0000 - 0x00007ffd00856000 	C:\Users\ITU\.gradle\native\12488b8bf47d2d4c9fbf2f6322a914ad602e24e48041cd04a747c6da556b65c4\windows-amd64\native-platform-file-events.dll
0x00007ffd16a40000 - 0x00007ffd16a4a000 	C:\Program Files\Java\jdk-17\bin\management.dll
0x00007ffd16a30000 - 0x00007ffd16a3b000 	C:\Program Files\Java\jdk-17\bin\management_ext.dll
0x00007ffd2b660000 - 0x00007ffd2b677000 	C:\Windows\SYSTEM32\CRYPTSP.dll
0x00007ffd2aff0000 - 0x00007ffd2b023000 	C:\Windows\system32\rsaenh.dll
0x00007ffd2b780000 - 0x00007ffd2b7a5000 	C:\Windows\SYSTEM32\bcrypt.dll
0x00007ffd2bb20000 - 0x00007ffd2bb48000 	C:\Windows\SYSTEM32\USERENV.dll
0x00007ffd2b650000 - 0x00007ffd2b65b000 	C:\Windows\SYSTEM32\CRYPTBASE.dll
0x00007ffd2b1f0000 - 0x00007ffd2b228000 	C:\Windows\SYSTEM32\IPHLPAPI.DLL
0x00007ffd2d0a0000 - 0x00007ffd2d0a8000 	C:\Windows\System32\NSI.dll
0x00007ffd27500000 - 0x00007ffd27516000 	C:\Windows\SYSTEM32\dhcpcsvc6.DLL
0x00007ffd274b0000 - 0x00007ffd274ca000 	C:\Windows\SYSTEM32\dhcpcsvc.DLL
0x00007ffd15220000 - 0x00007ffd1522e000 	C:\Program Files\Java\jdk-17\bin\sunmscapi.dll
0x00007ffd2bce0000 - 0x00007ffd2bec2000 	C:\Windows\System32\CRYPT32.dll
0x00007ffd2bca0000 - 0x00007ffd2bcb2000 	C:\Windows\System32\MSASN1.dll
0x00007ffd2b750000 - 0x00007ffd2b776000 	C:\Windows\SYSTEM32\ncrypt.dll
0x00007ffd2b710000 - 0x00007ffd2b746000 	C:\Windows\SYSTEM32\NTASN1.dll
0x00007ffd15210000 - 0x00007ffd15217000 	C:\Windows\system32\wshunix.dll

dbghelp: loaded successfully - version: 4.0.5 - missing functions: none
symbol engine: initialized successfully - sym options: 0x614 - pdb path: .;C:\Program Files\Java\jdk-17\bin;C:\Windows\SYSTEM32;C:\Windows\WinSxS\amd64_microsoft.windows.common-controls_6595b64144ccf1df_6.0.17134.1246_none_d3ffb9d77c90723d;C:\Program Files\Java\jdk-17\bin\server;C:\Users\ITU\.gradle\native\49d0259a56938c7f99b2704e745ce422c4f750a7a20b539a32ccef96729676b1\windows-amd64;C:\Users\ITU\.gradle\native\12488b8bf47d2d4c9fbf2f6322a914ad602e24e48041cd04a747c6da556b65c4\windows-amd64

VM Arguments:
jvm_args: --add-opens=java.base/java.util=ALL-UNNAMED --add-opens=java.base/java.lang=ALL-UNNAMED --add-opens=java.base/java.lang.invoke=ALL-UNNAMED --add-opens=java.prefs/java.util.prefs=ALL-UNNAMED -XX:MaxMetaspaceSize=256m -XX:+HeapDumpOnOutOfMemoryError -Xms256m -Xmx512m -Dfile.encoding=windows-1252 -Duser.country=FR -Duser.language=fr -Duser.variant 
java_command: org.gradle.launcher.daemon.bootstrap.GradleDaemon 6.9
java_class_path (initial): C:\Users\ITU\.gradle\wrapper\dists\gradle-6.9-bin\2ecsmyp3bolyybemj56vfn4mt\gradle-6.9\lib\gradle-launcher-6.9.jar
Launcher Type: SUN_STANDARD

[Global flags]
     intx CICompilerCount                          = 3                                         {product} {ergonomic}
   size_t CompressedClassSpaceSize                 = 218103808                                 {product} {ergonomic}
     uint ConcGCThreads                            = 1                                         {product} {ergonomic}
     uint G1ConcRefinementThreads                  = 4                                         {product} {ergonomic}
   size_t G1HeapRegionSize                         = 1048576                                   {product} {ergonomic}
    uintx GCDrainStackTargetSize                   = 64                                        {product} {ergonomic}
     bool HeapDumpOnOutOfMemoryError               = true                                   {manageable} {command line}
   size_t InitialHeapSize                          = 268435456                                 {product} {command line}
   size_t MarkStackSize                            = 4194304                                   {product} {ergonomic}
   size_t MaxHeapSize                              = 536870912                                 {product} {command line}
   size_t MaxMetaspaceSize                         = 268435456                                 {product} {command line}
   size_t MaxNewSize                               = 321912832                                 {product} {ergonomic}
   size_t MinHeapDeltaBytes                        = 1048576                                   {product} {ergonomic}
   size_t MinHeapSize                              = 268435456                                 {product} {command line}
    uintx NonNMethodCodeHeapSize                   = 5832780                                {pd product} {ergonomic}
    uintx NonProfiledCodeHeapSize                  = 122912730                              {pd product} {ergonomic}
    uintx ProfiledCodeHeapSize                     = 122912730                              {pd product} {ergonomic}
    uintx ReservedCodeCacheSize                    = 251658240                              {pd product} {ergonomic}
     bool SegmentedCodeCache                       = true                                      {product} {ergonomic}
   size_t SoftMaxHeapSize                          = 536870912                              {manageable} {ergonomic}
     bool UseCompressedClassPointers               = true                           {product lp64_product} {ergonomic}
     bool UseCompressedOops                        = true                           {product lp64_product} {ergonomic}
     bool UseG1GC                                  = true                                      {product} {ergonomic}
     bool UseLargePagesIndividualAllocation        = false                                  {pd product} {ergonomic}

Logging:
Log output configuration:
 #0: stdout all=warning uptime,level,tags
 #1: stderr all=off uptime,level,tags

Environment Variables:
JAVA_HOME=C:\Program Files\Java\jdk-17
CLASSPATH=E:\save\s5\prog_design\examS5\prepa\client\\gradle\wrapper\gradle-wrapper.jar
PATH=C:\Program Files\Common Files\Oracle\Java\javapath;C:\Program Files (x86)\Common Files\Oracle\Java\javapath;E:\orcl\app\ITU\product\11.2.0\dbhome_1\bin;C:\Program Files (x86)\Common Files\Intel\Shared Libraries\redist\intel64\compiler;E:\app\ITU\product\11.2.0\dbhome_1\bin;C:\Windows\system32;C:\Windows;C:\Windows\System32\Wbem;C:\Windows\System32\WindowsPowerShell\v1.0\;C:\Windows\System32\OpenSSH\;C:\Program Files\Java\jdk-17\bin;C:\Program Files\MySQL\MySQL Server 8.0\bin;C:\Program Files (x86)\Git\cmd;C:\Program Files (x86)\Git\mingw32\bin;C:\Program Files (x86)\Git\usr\bin;C:\Program Files\PostgreSQL\15\bin;E:\APPLI\rubyinstaller-2.7.7-1-x64\bin;C:\Program Files\dotnet\;C:\Program Files\Azure Data Studio\bin;C:\Program Files\Microsoft SQL Server\Client SDK\ODBC\170\Tools\Binn\;C:\Program Files\Microsoft SQL Server\150\Tools\Binn\;C:\Program Files\Microsoft SQL Server\130\Tools\Binn\;C:\Program Files (x86)\Microsoft SQL Server\160\DTS\Binn\;E:\save\s5\architectureLogiciel\apache-maven-3.9.5-bin\apache-maven-3.9.5\bin;E:\save\s5\architectureLogiciel\metro-standalone-2.3.1\metro\bin;E:\APPLI\gradle-8.0.2-all\gradle-8.0.2\bin;E:\APPLI\nodejs\;E:\APPLI\opencv3.4.16\opencv\build\java\x64;E:\APPLI\opencv3.4.16\opencv\build\bin;E:\save\wamp64\bin\php\php8.2.0;C:\ProgramData\ComposerSetup\bin;E:\APPLI\AndroidSdk\Android\sdk\tools;E:\APPLI\AndroidSdk\Android\sdk\platform-tools;E:\APPLI\AndroidSdk\Android\sdk;E:\save\s5\architectureLogiciel\utils\apache-maven-3.9.6-bin\bin;C:\Users\ITU\AppData\Local\Programs\Python\Python37\Scripts\;C:\Users\ITU\AppData\Local\Programs\Python\Python37\;C:\Users\ITU\AppData\Local\Microsoft\WindowsApps;C:\Users\ITU\AppData\Local\Programs\Microsoft VS Code\bin;C:\Users\ITU\AppData\Local\GitHubDesktop\bin;;C:\Program Files\JetBrains\PyCharm Edu 2018.3\bin;;C:\Users\ITU\.dotnet\tools;C:\Program Files\Azure Data Studio\bin;C:\Users\ITU\AppData\Roaming\npm;C:\Users\ITU\AppData\Roaming\Composer\vendor\bin
USERNAME=ITU
OS=Windows_NT
PROCESSOR_IDENTIFIER=Intel64 Family 6 Model 58 Stepping 9, GenuineIntel



---------------  S Y S T E M  ---------------

OS:
 Windows 10 , 64 bit Build 17134 (10.0.17134.753)
OS uptime: 0 days 4:22 hours

CPU: total 4 (initial active 4) (2 cores per cpu, 2 threads per core) family 6 model 58 stepping 9 microcode 0x20, cx8, cmov, fxsr, ht, mmx, sse, sse2, sse3, ssse3, sse4.1, sse4.2, popcnt, tsc, tscinvbit, avx, aes, erms, clmul, vzeroupper, clflush

Memory: 4k page, system-wide physical 8033M (2634M free)
TotalPageFile size 20201M (AvailPageFile size 13M)
current process WorkingSet (physical memory assigned to process): 248M, peak: 257M
current process commit charge ("private bytes"): 431M, peak: 440M

vm_info: Java HotSpot(TM) 64-Bit Server VM (17.0.8+9-LTS-211) for windows-amd64 JRE (17.0.8+9-LTS-211), built on Jun 14 2023 10:34:31 by "mach5one" with MS VC++ 17.1 (VS2022)

END.
